Symlinking /home/abhimanyu/bluerov_ws/devel/include/autonomous_rov/Thruster.h
Symlinking /home/abhimanyu/bluerov_ws/devel/include/autonomous_rov/Health.h
Symlinking /home/abhimanyu/bluerov_ws/devel/include/autonomous_rov/teleop_xboxConfig.h
Symlinking /home/abhimanyu/bluerov_ws/devel/share/autonomous_rov/docs/teleop_xboxConfig.wikidoc
Symlinking /home/abhimanyu/bluerov_ws/devel/share/autonomous_rov/docs/teleop_xboxConfig-usage.dox
Symlinking /home/abhimanyu/bluerov_ws/devel/share/autonomous_rov/docs/teleop_xboxConfig.dox
Symlinking /home/abhimanyu/bluerov_ws/devel/share/autonomous_rov/cmake/autonomous_rov-msg-extras.cmake
Symlinking /home/abhimanyu/bluerov_ws/devel/share/autonomous_rov/cmake/autonomous_rovConfig-version.cmake
Symlinking /home/abhimanyu/bluerov_ws/devel/share/autonomous_rov/cmake/autonomous_rovConfig.cmake
Symlinking /home/abhimanyu/bluerov_ws/devel/share/autonomous_rov/cmake/autonomous_rov-msg-paths.cmake
Symlinking /home/abhimanyu/bluerov_ws/devel/share/common-lisp/ros/autonomous_rov/msg/autonomous_rov-msg.asd
Symlinking /home/abhimanyu/bluerov_ws/devel/share/common-lisp/ros/autonomous_rov/msg/_package_Thruster.lisp
Symlinking /home/abhimanyu/bluerov_ws/devel/share/common-lisp/ros/autonomous_rov/msg/Thruster.lisp
Symlinking /home/abhimanyu/bluerov_ws/devel/share/common-lisp/ros/autonomous_rov/msg/_package.lisp
Symlinking /home/abhimanyu/bluerov_ws/devel/share/common-lisp/ros/autonomous_rov/msg/_package_Health.lisp
Symlinking /home/abhimanyu/bluerov_ws/devel/share/common-lisp/ros/autonomous_rov/msg/Health.lisp
Symlinking /home/abhimanyu/bluerov_ws/devel/share/gennodejs/ros/autonomous_rov/_index.js
Symlinking /home/abhimanyu/bluerov_ws/devel/share/gennodejs/ros/autonomous_rov/msg/Health.js
Symlinking /home/abhimanyu/bluerov_ws/devel/share/gennodejs/ros/autonomous_rov/msg/Thruster.js
Symlinking /home/abhimanyu/bluerov_ws/devel/share/gennodejs/ros/autonomous_rov/msg/_index.js
Symlinking /home/abhimanyu/bluerov_ws/devel/share/roseus/ros/autonomous_rov/manifest.l
Symlinking /home/abhimanyu/bluerov_ws/devel/share/roseus/ros/autonomous_rov/msg/Thruster.l
Symlinking /home/abhimanyu/bluerov_ws/devel/share/roseus/ros/autonomous_rov/msg/Health.l
Symlinking /home/abhimanyu/bluerov_ws/devel/lib/autonomous_rov/teleop_xbox
Symlinking /home/abhimanyu/bluerov_ws/devel/lib/python3/dist-packages/autonomous_rov/__init__.py
Symlinking /home/abhimanyu/bluerov_ws/devel/lib/python3/dist-packages/autonomous_rov/msg/_Health.py
Symlinking /home/abhimanyu/bluerov_ws/devel/lib/python3/dist-packages/autonomous_rov/msg/__init__.py
Symlinking /home/abhimanyu/bluerov_ws/devel/lib/python3/dist-packages/autonomous_rov/msg/_Thruster.py
Symlinking /home/abhimanyu/bluerov_ws/devel/lib/python3/dist-packages/autonomous_rov/cfg/__init__.py
Symlinking /home/abhimanyu/bluerov_ws/devel/lib/python3/dist-packages/autonomous_rov/cfg/teleop_xboxConfig.py
Symlinking /home/abhimanyu/bluerov_ws/devel/lib/pkgconfig/autonomous_rov.pc
