[35m[1mScanning dependencies of target geographic_msgs_generate_messages_nodejs[0m
[  0%] Built target geographic_msgs_generate_messages_nodejs
[35m[1mScanning dependencies of target dynamic_reconfigure_gencfg[0m
[  0%] Built target dynamic_reconfigure_gencfg
[35m[1mScanning dependencies of target dynamic_reconfigure_generate_messages_cpp[0m
[  0%] Built target dynamic_reconfigure_generate_messages_cpp
[35m[1mScanning dependencies of target trajectory_msgs_generate_messages_nodejs[0m
[  0%] Built target trajectory_msgs_generate_messages_nodejs
[35m[1mScanning dependencies of target trajectory_msgs_generate_messages_lisp[0m
[  0%] Built target trajectory_msgs_generate_messages_lisp
[35m[1mScanning dependencies of target trajectory_msgs_generate_messages_cpp[0m
[  0%] Built target trajectory_msgs_generate_messages_cpp
[35m[1mScanning dependencies of target nav_msgs_generate_messages_lisp[0m
[  0%] Built target nav_msgs_generate_messages_lisp
[35m[1mScanning dependencies of target nav_msgs_generate_messages_eus[0m
[35m[1mScanning dependencies of target nav_msgs_generate_messages_cpp[0m
[  0%] Built target nav_msgs_generate_messages_eus
[  0%] Built target nav_msgs_generate_messages_cpp
[35m[1mScanning dependencies of target mavros_msgs_generate_messages_py[0m
[35m[1mScanning dependencies of target mavros_msgs_generate_messages_nodejs[0m
[  0%] Built target mavros_msgs_generate_messages_py
[  0%] Built target mavros_msgs_generate_messages_nodejs
[35m[1mScanning dependencies of target mavros_msgs_generate_messages_eus[0m
[35m[1mScanning dependencies of target uuid_msgs_generate_messages_py[0m
[  0%] Built target mavros_msgs_generate_messages_eus
[  0%] Built target uuid_msgs_generate_messages_py
[35m[1mScanning dependencies of target uuid_msgs_generate_messages_nodejs[0m
[35m[1mScanning dependencies of target geographic_msgs_generate_messages_py[0m
[  0%] Built target uuid_msgs_generate_messages_nodejs
[  0%] Built target geographic_msgs_generate_messages_py
[35m[1mScanning dependencies of target actionlib_generate_messages_cpp[0m
[35m[1mScanning dependencies of target mavros_msgs_generate_messages_lisp[0m
[  0%] Built target actionlib_generate_messages_cpp
[  0%] Built target mavros_msgs_generate_messages_lisp
[35m[1mScanning dependencies of target actionlib_msgs_generate_messages_py[0m
[35m[1mScanning dependencies of target dynamic_reconfigure_generate_messages_py[0m
[35m[1mScanning dependencies of target actionlib_msgs_generate_messages_eus[0m
[  0%] Built target actionlib_msgs_generate_messages_py
[  0%] Built target dynamic_reconfigure_generate_messages_py
[  0%] Built target actionlib_msgs_generate_messages_eus
[35m[1mScanning dependencies of target roscpp_generate_messages_cpp[0m
[35m[1mScanning dependencies of target trajectory_msgs_generate_messages_eus[0m
[35m[1mScanning dependencies of target roscpp_generate_messages_py[0m
[  0%] Built target roscpp_generate_messages_cpp
[  0%] Built target trajectory_msgs_generate_messages_eus
[  0%] Built target roscpp_generate_messages_py
[35m[1mScanning dependencies of target uuid_msgs_generate_messages_eus[0m
[35m[1mScanning dependencies of target uuid_msgs_generate_messages_cpp[0m
[  0%] Built target uuid_msgs_generate_messages_eus
[  0%] Built target uuid_msgs_generate_messages_cpp
[35m[1mScanning dependencies of target roscpp_generate_messages_eus[0m
[35m[1mScanning dependencies of target rosgraph_msgs_generate_messages_eus[0m
[  0%] Built target roscpp_generate_messages_eus
[  0%] Built target rosgraph_msgs_generate_messages_eus
[35m[1mScanning dependencies of target geographic_msgs_generate_messages_lisp[0m
[35m[1mScanning dependencies of target std_msgs_generate_messages_py[0m
[  0%] Built target geographic_msgs_generate_messages_lisp
[  0%] Built target std_msgs_generate_messages_py
[35m[1mScanning dependencies of target std_msgs_generate_messages_nodejs[0m
[35m[1mScanning dependencies of target geometry_msgs_generate_messages_eus[0m
[  0%] Built target std_msgs_generate_messages_nodejs
[  0%] Built target geometry_msgs_generate_messages_eus
[35m[1mScanning dependencies of target nav_msgs_generate_messages_nodejs[0m
[35m[1mScanning dependencies of target sensor_msgs_generate_messages_cpp[0m
[35m[1mScanning dependencies of target diagnostic_msgs_generate_messages_py[0m
[  0%] Built target sensor_msgs_generate_messages_cpp
[  0%] Built target nav_msgs_generate_messages_nodejs
[  0%] Built target diagnostic_msgs_generate_messages_py
[35m[1mScanning dependencies of target sensor_msgs_generate_messages_nodejs[0m
[35m[1mScanning dependencies of target sensor_msgs_generate_messages_eus[0m
[35m[1mScanning dependencies of target sensor_msgs_generate_messages_lisp[0m
[  0%] Built target sensor_msgs_generate_messages_nodejs
[  0%] Built target sensor_msgs_generate_messages_eus
[  0%] Built target sensor_msgs_generate_messages_lisp
[35m[1mScanning dependencies of target geometry_msgs_generate_messages_py[0m
[35m[1mScanning dependencies of target tf2_msgs_generate_messages_eus[0m
[  0%] Built target tf2_msgs_generate_messages_eus
[  0%] Built target geometry_msgs_generate_messages_py
[35m[1mScanning dependencies of target sensor_msgs_generate_messages_py[0m
[35m[1mScanning dependencies of target roscpp_generate_messages_lisp[0m
[  0%] Built target roscpp_generate_messages_lisp
[  0%] Built target sensor_msgs_generate_messages_py
[35m[1mScanning dependencies of target actionlib_generate_messages_lisp[0m
[35m[1mScanning dependencies of target rosgraph_msgs_generate_messages_py[0m
[  0%] Built target actionlib_generate_messages_lisp
[  0%] Built target rosgraph_msgs_generate_messages_py
[35m[1mScanning dependencies of target geometry_msgs_generate_messages_cpp[0m
[35m[1mScanning dependencies of target dynamic_reconfigure_generate_messages_nodejs[0m
[  0%] Built target geometry_msgs_generate_messages_cpp
[  0%] Built target dynamic_reconfigure_generate_messages_nodejs
[35m[1mScanning dependencies of target mavros_msgs_generate_messages_cpp[0m
[  0%] Built target mavros_msgs_generate_messages_cpp
[35m[1mScanning dependencies of target tf2_msgs_generate_messages_py[0m
[35m[1mScanning dependencies of target dynamic_reconfigure_generate_messages_eus[0m
[  0%] Built target tf2_msgs_generate_messages_py
[  0%] Built target dynamic_reconfigure_generate_messages_eus
[35m[1mScanning dependencies of target geometry_msgs_generate_messages_nodejs[0m
[35m[1mScanning dependencies of target std_msgs_generate_messages_cpp[0m
[  0%] Built target geometry_msgs_generate_messages_nodejs
[  0%] Built target std_msgs_generate_messages_cpp
[35m[1mScanning dependencies of target rosgraph_msgs_generate_messages_lisp[0m
[35m[1mScanning dependencies of target tf_generate_messages_eus[0m
[  0%] Built target rosgraph_msgs_generate_messages_lisp
[  0%] Built target tf_generate_messages_eus
[35m[1mScanning dependencies of target dynamic_reconfigure_generate_messages_lisp[0m
[35m[1mScanning dependencies of target tf2_msgs_generate_messages_cpp[0m
[  0%] Built target dynamic_reconfigure_generate_messages_lisp
[  0%] Built target tf2_msgs_generate_messages_cpp
[35m[1mScanning dependencies of target diagnostic_msgs_generate_messages_cpp[0m
[35m[1mScanning dependencies of target roscpp_generate_messages_nodejs[0m
[  0%] Built target diagnostic_msgs_generate_messages_cpp
[  0%] Built target roscpp_generate_messages_nodejs
[35m[1mScanning dependencies of target geometry_msgs_generate_messages_lisp[0m
[35m[1mScanning dependencies of target tf_generate_messages_cpp[0m
[  0%] Built target geometry_msgs_generate_messages_lisp
[  0%] Built target tf_generate_messages_cpp
[35m[1mScanning dependencies of target std_msgs_generate_messages_lisp[0m
[35m[1mScanning dependencies of target autonomous_rov_gencfg[0m
[  6%] [34m[1mGenerating dynamic reconfigure files from config/teleop_xbox.config: /home/abhimanyu/bluerov_ws/devel/.private/autonomous_rov/include/autonomous_rov/teleop_xboxConfig.h /home/abhimanyu/bluerov_ws/devel/.private/autonomous_rov/lib/python3/dist-packages/autonomous_rov/cfg/teleop_xboxConfig.py[0m
[  6%] Built target std_msgs_generate_messages_lisp
[35m[1mScanning dependencies of target nav_msgs_generate_messages_py[0m
[  6%] Built target nav_msgs_generate_messages_py
[35m[1mScanning dependencies of target tf_generate_messages_lisp[0m
[  6%] Built target tf_generate_messages_lisp
[35m[1mScanning dependencies of target tf_generate_messages_nodejs[0m
[  6%] Built target tf_generate_messages_nodejs
Generating reconfiguration files for teleop_xbox in bluerov
Wrote header file in /home/abhimanyu/bluerov_ws/devel/.private/autonomous_rov/include/autonomous_rov/teleop_xboxConfig.h
[35m[1mScanning dependencies of target trajectory_msgs_generate_messages_py[0m
[  6%] Built target trajectory_msgs_generate_messages_py
[35m[1mScanning dependencies of target rosgraph_msgs_generate_messages_cpp[0m
[  6%] Built target rosgraph_msgs_generate_messages_cpp
[35m[1mScanning dependencies of target actionlib_generate_messages_eus[0m
[  6%] Built target actionlib_generate_messages_eus
[  6%] Built target autonomous_rov_gencfg
[35m[1mScanning dependencies of target actionlib_msgs_generate_messages_cpp[0m
[35m[1mScanning dependencies of target actionlib_generate_messages_nodejs[0m
[  6%] Built target actionlib_msgs_generate_messages_cpp
[  6%] Built target actionlib_generate_messages_nodejs
[35m[1mScanning dependencies of target tf_generate_messages_py[0m
[35m[1mScanning dependencies of target std_msgs_generate_messages_eus[0m
[  6%] Built target tf_generate_messages_py
[  6%] Built target std_msgs_generate_messages_eus
[35m[1mScanning dependencies of target actionlib_msgs_generate_messages_nodejs[0m
[35m[1mScanning dependencies of target actionlib_msgs_generate_messages_lisp[0m
[  6%] Built target actionlib_msgs_generate_messages_nodejs
[  6%] Built target actionlib_msgs_generate_messages_lisp
[35m[1mScanning dependencies of target actionlib_generate_messages_py[0m
[35m[1mScanning dependencies of target diagnostic_msgs_generate_messages_lisp[0m
[  6%] Built target actionlib_generate_messages_py
[  6%] Built target diagnostic_msgs_generate_messages_lisp
[35m[1mScanning dependencies of target tf2_msgs_generate_messages_lisp[0m
[35m[1mScanning dependencies of target tf2_msgs_generate_messages_nodejs[0m
[  6%] Built target tf2_msgs_generate_messages_lisp
[  6%] Built target tf2_msgs_generate_messages_nodejs
[35m[1mScanning dependencies of target diagnostic_msgs_generate_messages_eus[0m
[35m[1mScanning dependencies of target uuid_msgs_generate_messages_lisp[0m
[  6%] Built target diagnostic_msgs_generate_messages_eus
[  6%] Built target uuid_msgs_generate_messages_lisp
[35m[1mScanning dependencies of target diagnostic_msgs_generate_messages_nodejs[0m
[35m[1mScanning dependencies of target rosgraph_msgs_generate_messages_nodejs[0m
[  6%] Built target diagnostic_msgs_generate_messages_nodejs
[  6%] Built target rosgraph_msgs_generate_messages_nodejs
[35m[1mScanning dependencies of target geographic_msgs_generate_messages_cpp[0m
[35m[1mScanning dependencies of target geographic_msgs_generate_messages_eus[0m
[  6%] Built target geographic_msgs_generate_messages_cpp
[  6%] Built target geographic_msgs_generate_messages_eus
[35m[1mScanning dependencies of target _autonomous_rov_generate_messages_check_deps_Health[0m
[35m[1mScanning dependencies of target _autonomous_rov_generate_messages_check_deps_Thruster[0m
[  6%] Built target _autonomous_rov_generate_messages_check_deps_Health
[  6%] Built target _autonomous_rov_generate_messages_check_deps_Thruster
[35m[1mScanning dependencies of target teleop_xbox[0m
[35m[1mScanning dependencies of target autonomous_rov_generate_messages_cpp[0m
[ 13%] [34m[1mGenerating C++ code from autonomous_rov/Thruster.msg[0m
[ 20%] [32mBuilding CXX object CMakeFiles/teleop_xbox.dir/src/teleop_xbox.cpp.o[0m
[ 26%] [34m[1mGenerating C++ code from autonomous_rov/Health.msg[0m
[ 26%] Built target autonomous_rov_generate_messages_cpp
[35m[1mScanning dependencies of target autonomous_rov_generate_messages_py[0m
[ 33%] [34m[1mGenerating Python from MSG autonomous_rov/Thruster[0m
[ 40%] [34m[1mGenerating Python from MSG autonomous_rov/Health[0m
[ 46%] [34m[1mGenerating Python msg __init__.py for autonomous_rov[0m
[ 46%] Built target autonomous_rov_generate_messages_py
[35m[1mScanning dependencies of target autonomous_rov_generate_messages_nodejs[0m
[ 53%] [34m[1mGenerating Javascript code from autonomous_rov/Thruster.msg[0m
[ 60%] [34m[1mGenerating Javascript code from autonomous_rov/Health.msg[0m
[ 60%] Built target autonomous_rov_generate_messages_nodejs
[35m[1mScanning dependencies of target autonomous_rov_generate_messages_lisp[0m
[ 66%] [34m[1mGenerating Lisp code from autonomous_rov/Thruster.msg[0m
[ 73%] [34m[1mGenerating Lisp code from autonomous_rov/Health.msg[0m
[ 73%] Built target autonomous_rov_generate_messages_lisp
[35m[1mScanning dependencies of target autonomous_rov_generate_messages_eus[0m
[ 80%] [34m[1mGenerating EusLisp code from autonomous_rov/Thruster.msg[0m
[ 86%] [34m[1mGenerating EusLisp code from autonomous_rov/Health.msg[0m
[ 93%] [34m[1mGenerating EusLisp manifest code for autonomous_rov[0m
[ 93%] Built target autonomous_rov_generate_messages_eus
[35m[1mScanning dependencies of target autonomous_rov_generate_messages[0m
[ 93%] Built target autonomous_rov_generate_messages
[100%] [32m[1mLinking CXX executable /home/abhimanyu/bluerov_ws/devel/.private/autonomous_rov/lib/autonomous_rov/teleop_xbox[0m
[100%] Built target teleop_xbox
