/usr/bin/cmake -S/home/abhimanyu/bluerov_ws/src/mavros/mavros -B/home/abhimanyu/bluerov_ws/build/mavros --check-build-system CMakeFiles/Makefile.cmake 0
/usr/bin/cmake -E cmake_progress_start /home/abhimanyu/bluerov_ws/build/mavros/CMakeFiles /home/abhimanyu/bluerov_ws/build/mavros/CMakeFiles/progress.marks
/usr/bin/make -f CMakeFiles/Makefile2 all
make[1]: Entering directory '/home/abhimanyu/bluerov_ws/build/mavros'
/usr/bin/make -f CMakeFiles/actionlib_msgs_generate_messages_nodejs.dir/build.make CMakeFiles/actionlib_msgs_generate_messages_nodejs.dir/depend
make[2]: Entering directory '/home/abhimanyu/bluerov_ws/build/mavros'
cd /home/abhimanyu/bluerov_ws/build/mavros && /usr/bin/cmake -E cmake_depends "Unix Makefiles" /home/abhimanyu/bluerov_ws/src/mavros/mavros /home/abhimanyu/bluerov_ws/src/mavros/mavros /home/abhimanyu/bluerov_ws/build/mavros /home/abhimanyu/bluerov_ws/build/mavros /home/abhimanyu/bluerov_ws/build/mavros/CMakeFiles/actionlib_msgs_generate_messages_nodejs.dir/DependInfo.cmake --color=
make[2]: Leaving directory '/home/abhimanyu/bluerov_ws/build/mavros'
/usr/bin/make -f CMakeFiles/actionlib_msgs_generate_messages_nodejs.dir/build.make CMakeFiles/actionlib_msgs_generate_messages_nodejs.dir/build
make[2]: Entering directory '/home/abhimanyu/bluerov_ws/build/mavros'
make[2]: Nothing to be done for 'CMakeFiles/actionlib_msgs_generate_messages_nodejs.dir/build'.
make[2]: Leaving directory '/home/abhimanyu/bluerov_ws/build/mavros'
[  0%] Built target actionlib_msgs_generate_messages_nodejs
/usr/bin/make -f CMakeFiles/trajectory_msgs_generate_messages_nodejs.dir/build.make CMakeFiles/trajectory_msgs_generate_messages_nodejs.dir/depend
make[2]: Entering directory '/home/abhimanyu/bluerov_ws/build/mavros'
cd /home/abhimanyu/bluerov_ws/build/mavros && /usr/bin/cmake -E cmake_depends "Unix Makefiles" /home/abhimanyu/bluerov_ws/src/mavros/mavros /home/abhimanyu/bluerov_ws/src/mavros/mavros /home/abhimanyu/bluerov_ws/build/mavros /home/abhimanyu/bluerov_ws/build/mavros /home/abhimanyu/bluerov_ws/build/mavros/CMakeFiles/trajectory_msgs_generate_messages_nodejs.dir/DependInfo.cmake --color=
make[2]: Leaving directory '/home/abhimanyu/bluerov_ws/build/mavros'
/usr/bin/make -f CMakeFiles/trajectory_msgs_generate_messages_nodejs.dir/build.make CMakeFiles/trajectory_msgs_generate_messages_nodejs.dir/build
make[2]: Entering directory '/home/abhimanyu/bluerov_ws/build/mavros'
make[2]: Nothing to be done for 'CMakeFiles/trajectory_msgs_generate_messages_nodejs.dir/build'.
make[2]: Leaving directory '/home/abhimanyu/bluerov_ws/build/mavros'
[  0%] Built target trajectory_msgs_generate_messages_nodejs
/usr/bin/make -f CMakeFiles/trajectory_msgs_generate_messages_lisp.dir/build.make CMakeFiles/trajectory_msgs_generate_messages_lisp.dir/depend
make[2]: Entering directory '/home/abhimanyu/bluerov_ws/build/mavros'
cd /home/abhimanyu/bluerov_ws/build/mavros && /usr/bin/cmake -E cmake_depends "Unix Makefiles" /home/abhimanyu/bluerov_ws/src/mavros/mavros /home/abhimanyu/bluerov_ws/src/mavros/mavros /home/abhimanyu/bluerov_ws/build/mavros /home/abhimanyu/bluerov_ws/build/mavros /home/abhimanyu/bluerov_ws/build/mavros/CMakeFiles/trajectory_msgs_generate_messages_lisp.dir/DependInfo.cmake --color=
make[2]: Leaving directory '/home/abhimanyu/bluerov_ws/build/mavros'
/usr/bin/make -f CMakeFiles/trajectory_msgs_generate_messages_lisp.dir/build.make CMakeFiles/trajectory_msgs_generate_messages_lisp.dir/build
make[2]: Entering directory '/home/abhimanyu/bluerov_ws/build/mavros'
make[2]: Nothing to be done for 'CMakeFiles/trajectory_msgs_generate_messages_lisp.dir/build'.
make[2]: Leaving directory '/home/abhimanyu/bluerov_ws/build/mavros'
[  0%] Built target trajectory_msgs_generate_messages_lisp
/usr/bin/make -f CMakeFiles/trajectory_msgs_generate_messages_cpp.dir/build.make CMakeFiles/trajectory_msgs_generate_messages_cpp.dir/depend
make[2]: Entering directory '/home/abhimanyu/bluerov_ws/build/mavros'
cd /home/abhimanyu/bluerov_ws/build/mavros && /usr/bin/cmake -E cmake_depends "Unix Makefiles" /home/abhimanyu/bluerov_ws/src/mavros/mavros /home/abhimanyu/bluerov_ws/src/mavros/mavros /home/abhimanyu/bluerov_ws/build/mavros /home/abhimanyu/bluerov_ws/build/mavros /home/abhimanyu/bluerov_ws/build/mavros/CMakeFiles/trajectory_msgs_generate_messages_cpp.dir/DependInfo.cmake --color=
make[2]: Leaving directory '/home/abhimanyu/bluerov_ws/build/mavros'
/usr/bin/make -f CMakeFiles/trajectory_msgs_generate_messages_cpp.dir/build.make CMakeFiles/trajectory_msgs_generate_messages_cpp.dir/build
make[2]: Entering directory '/home/abhimanyu/bluerov_ws/build/mavros'
make[2]: Nothing to be done for 'CMakeFiles/trajectory_msgs_generate_messages_cpp.dir/build'.
make[2]: Leaving directory '/home/abhimanyu/bluerov_ws/build/mavros'
[  0%] Built target trajectory_msgs_generate_messages_cpp
/usr/bin/make -f CMakeFiles/actionlib_generate_messages_nodejs.dir/build.make CMakeFiles/actionlib_generate_messages_nodejs.dir/depend
make[2]: Entering directory '/home/abhimanyu/bluerov_ws/build/mavros'
cd /home/abhimanyu/bluerov_ws/build/mavros && /usr/bin/cmake -E cmake_depends "Unix Makefiles" /home/abhimanyu/bluerov_ws/src/mavros/mavros /home/abhimanyu/bluerov_ws/src/mavros/mavros /home/abhimanyu/bluerov_ws/build/mavros /home/abhimanyu/bluerov_ws/build/mavros /home/abhimanyu/bluerov_ws/build/mavros/CMakeFiles/actionlib_generate_messages_nodejs.dir/DependInfo.cmake --color=
make[2]: Leaving directory '/home/abhimanyu/bluerov_ws/build/mavros'
/usr/bin/make -f CMakeFiles/actionlib_generate_messages_nodejs.dir/build.make CMakeFiles/actionlib_generate_messages_nodejs.dir/build
make[2]: Entering directory '/home/abhimanyu/bluerov_ws/build/mavros'
make[2]: Nothing to be done for 'CMakeFiles/actionlib_generate_messages_nodejs.dir/build'.
make[2]: Leaving directory '/home/abhimanyu/bluerov_ws/build/mavros'
[  0%] Built target actionlib_generate_messages_nodejs
/usr/bin/make -f CMakeFiles/actionlib_generate_messages_cpp.dir/build.make CMakeFiles/actionlib_generate_messages_cpp.dir/depend
make[2]: Entering directory '/home/abhimanyu/bluerov_ws/build/mavros'
cd /home/abhimanyu/bluerov_ws/build/mavros && /usr/bin/cmake -E cmake_depends "Unix Makefiles" /home/abhimanyu/bluerov_ws/src/mavros/mavros /home/abhimanyu/bluerov_ws/src/mavros/mavros /home/abhimanyu/bluerov_ws/build/mavros /home/abhimanyu/bluerov_ws/build/mavros /home/abhimanyu/bluerov_ws/build/mavros/CMakeFiles/actionlib_generate_messages_cpp.dir/DependInfo.cmake --color=
make[2]: Leaving directory '/home/abhimanyu/bluerov_ws/build/mavros'
/usr/bin/make -f CMakeFiles/actionlib_generate_messages_cpp.dir/build.make CMakeFiles/actionlib_generate_messages_cpp.dir/build
make[2]: Entering directory '/home/abhimanyu/bluerov_ws/build/mavros'
make[2]: Nothing to be done for 'CMakeFiles/actionlib_generate_messages_cpp.dir/build'.
make[2]: Leaving directory '/home/abhimanyu/bluerov_ws/build/mavros'
[  0%] Built target actionlib_generate_messages_cpp
/usr/bin/make -f CMakeFiles/tf2_msgs_generate_messages_nodejs.dir/build.make CMakeFiles/tf2_msgs_generate_messages_nodejs.dir/depend
make[2]: Entering directory '/home/abhimanyu/bluerov_ws/build/mavros'
cd /home/abhimanyu/bluerov_ws/build/mavros && /usr/bin/cmake -E cmake_depends "Unix Makefiles" /home/abhimanyu/bluerov_ws/src/mavros/mavros /home/abhimanyu/bluerov_ws/src/mavros/mavros /home/abhimanyu/bluerov_ws/build/mavros /home/abhimanyu/bluerov_ws/build/mavros /home/abhimanyu/bluerov_ws/build/mavros/CMakeFiles/tf2_msgs_generate_messages_nodejs.dir/DependInfo.cmake --color=
make[2]: Leaving directory '/home/abhimanyu/bluerov_ws/build/mavros'
/usr/bin/make -f CMakeFiles/tf2_msgs_generate_messages_nodejs.dir/build.make CMakeFiles/tf2_msgs_generate_messages_nodejs.dir/build
make[2]: Entering directory '/home/abhimanyu/bluerov_ws/build/mavros'
make[2]: Nothing to be done for 'CMakeFiles/tf2_msgs_generate_messages_nodejs.dir/build'.
make[2]: Leaving directory '/home/abhimanyu/bluerov_ws/build/mavros'
[  0%] Built target tf2_msgs_generate_messages_nodejs
/usr/bin/make -f CMakeFiles/tf2_msgs_generate_messages_lisp.dir/build.make CMakeFiles/tf2_msgs_generate_messages_lisp.dir/depend
make[2]: Entering directory '/home/abhimanyu/bluerov_ws/build/mavros'
cd /home/abhimanyu/bluerov_ws/build/mavros && /usr/bin/cmake -E cmake_depends "Unix Makefiles" /home/abhimanyu/bluerov_ws/src/mavros/mavros /home/abhimanyu/bluerov_ws/src/mavros/mavros /home/abhimanyu/bluerov_ws/build/mavros /home/abhimanyu/bluerov_ws/build/mavros /home/abhimanyu/bluerov_ws/build/mavros/CMakeFiles/tf2_msgs_generate_messages_lisp.dir/DependInfo.cmake --color=
make[2]: Leaving directory '/home/abhimanyu/bluerov_ws/build/mavros'
/usr/bin/make -f CMakeFiles/tf2_msgs_generate_messages_lisp.dir/build.make CMakeFiles/tf2_msgs_generate_messages_lisp.dir/build
make[2]: Entering directory '/home/abhimanyu/bluerov_ws/build/mavros'
make[2]: Nothing to be done for 'CMakeFiles/tf2_msgs_generate_messages_lisp.dir/build'.
make[2]: Leaving directory '/home/abhimanyu/bluerov_ws/build/mavros'
[  0%] Built target tf2_msgs_generate_messages_lisp
/usr/bin/make -f CMakeFiles/tf2_msgs_generate_messages_cpp.dir/build.make CMakeFiles/tf2_msgs_generate_messages_cpp.dir/depend
make[2]: Entering directory '/home/abhimanyu/bluerov_ws/build/mavros'
cd /home/abhimanyu/bluerov_ws/build/mavros && /usr/bin/cmake -E cmake_depends "Unix Makefiles" /home/abhimanyu/bluerov_ws/src/mavros/mavros /home/abhimanyu/bluerov_ws/src/mavros/mavros /home/abhimanyu/bluerov_ws/build/mavros /home/abhimanyu/bluerov_ws/build/mavros /home/abhimanyu/bluerov_ws/build/mavros/CMakeFiles/tf2_msgs_generate_messages_cpp.dir/DependInfo.cmake --color=
make[2]: Leaving directory '/home/abhimanyu/bluerov_ws/build/mavros'
/usr/bin/make -f CMakeFiles/tf2_msgs_generate_messages_cpp.dir/build.make CMakeFiles/tf2_msgs_generate_messages_cpp.dir/build
make[2]: Entering directory '/home/abhimanyu/bluerov_ws/build/mavros'
make[2]: Nothing to be done for 'CMakeFiles/tf2_msgs_generate_messages_cpp.dir/build'.
make[2]: Leaving directory '/home/abhimanyu/bluerov_ws/build/mavros'
[  0%] Built target tf2_msgs_generate_messages_cpp
/usr/bin/make -f CMakeFiles/std_srvs_generate_messages_nodejs.dir/build.make CMakeFiles/std_srvs_generate_messages_nodejs.dir/depend
make[2]: Entering directory '/home/abhimanyu/bluerov_ws/build/mavros'
cd /home/abhimanyu/bluerov_ws/build/mavros && /usr/bin/cmake -E cmake_depends "Unix Makefiles" /home/abhimanyu/bluerov_ws/src/mavros/mavros /home/abhimanyu/bluerov_ws/src/mavros/mavros /home/abhimanyu/bluerov_ws/build/mavros /home/abhimanyu/bluerov_ws/build/mavros /home/abhimanyu/bluerov_ws/build/mavros/CMakeFiles/std_srvs_generate_messages_nodejs.dir/DependInfo.cmake --color=
make[2]: Leaving directory '/home/abhimanyu/bluerov_ws/build/mavros'
/usr/bin/make -f CMakeFiles/std_srvs_generate_messages_nodejs.dir/build.make CMakeFiles/std_srvs_generate_messages_nodejs.dir/build
make[2]: Entering directory '/home/abhimanyu/bluerov_ws/build/mavros'
make[2]: Nothing to be done for 'CMakeFiles/std_srvs_generate_messages_nodejs.dir/build'.
make[2]: Leaving directory '/home/abhimanyu/bluerov_ws/build/mavros'
[  0%] Built target std_srvs_generate_messages_nodejs
/usr/bin/make -f CMakeFiles/std_srvs_generate_messages_lisp.dir/build.make CMakeFiles/std_srvs_generate_messages_lisp.dir/depend
make[2]: Entering directory '/home/abhimanyu/bluerov_ws/build/mavros'
cd /home/abhimanyu/bluerov_ws/build/mavros && /usr/bin/cmake -E cmake_depends "Unix Makefiles" /home/abhimanyu/bluerov_ws/src/mavros/mavros /home/abhimanyu/bluerov_ws/src/mavros/mavros /home/abhimanyu/bluerov_ws/build/mavros /home/abhimanyu/bluerov_ws/build/mavros /home/abhimanyu/bluerov_ws/build/mavros/CMakeFiles/std_srvs_generate_messages_lisp.dir/DependInfo.cmake --color=
make[2]: Leaving directory '/home/abhimanyu/bluerov_ws/build/mavros'
/usr/bin/make -f CMakeFiles/std_srvs_generate_messages_lisp.dir/build.make CMakeFiles/std_srvs_generate_messages_lisp.dir/build
make[2]: Entering directory '/home/abhimanyu/bluerov_ws/build/mavros'
make[2]: Nothing to be done for 'CMakeFiles/std_srvs_generate_messages_lisp.dir/build'.
make[2]: Leaving directory '/home/abhimanyu/bluerov_ws/build/mavros'
[  0%] Built target std_srvs_generate_messages_lisp
/usr/bin/make -f CMakeFiles/std_srvs_generate_messages_eus.dir/build.make CMakeFiles/std_srvs_generate_messages_eus.dir/depend
make[2]: Entering directory '/home/abhimanyu/bluerov_ws/build/mavros'
cd /home/abhimanyu/bluerov_ws/build/mavros && /usr/bin/cmake -E cmake_depends "Unix Makefiles" /home/abhimanyu/bluerov_ws/src/mavros/mavros /home/abhimanyu/bluerov_ws/src/mavros/mavros /home/abhimanyu/bluerov_ws/build/mavros /home/abhimanyu/bluerov_ws/build/mavros /home/abhimanyu/bluerov_ws/build/mavros/CMakeFiles/std_srvs_generate_messages_eus.dir/DependInfo.cmake --color=
make[2]: Leaving directory '/home/abhimanyu/bluerov_ws/build/mavros'
/usr/bin/make -f CMakeFiles/std_srvs_generate_messages_eus.dir/build.make CMakeFiles/std_srvs_generate_messages_eus.dir/build
make[2]: Entering directory '/home/abhimanyu/bluerov_ws/build/mavros'
make[2]: Nothing to be done for 'CMakeFiles/std_srvs_generate_messages_eus.dir/build'.
make[2]: Leaving directory '/home/abhimanyu/bluerov_ws/build/mavros'
[  0%] Built target std_srvs_generate_messages_eus
/usr/bin/make -f CMakeFiles/geometry_msgs_generate_messages_eus.dir/build.make CMakeFiles/geometry_msgs_generate_messages_eus.dir/depend
make[2]: Entering directory '/home/abhimanyu/bluerov_ws/build/mavros'
cd /home/abhimanyu/bluerov_ws/build/mavros && /usr/bin/cmake -E cmake_depends "Unix Makefiles" /home/abhimanyu/bluerov_ws/src/mavros/mavros /home/abhimanyu/bluerov_ws/src/mavros/mavros /home/abhimanyu/bluerov_ws/build/mavros /home/abhimanyu/bluerov_ws/build/mavros /home/abhimanyu/bluerov_ws/build/mavros/CMakeFiles/geometry_msgs_generate_messages_eus.dir/DependInfo.cmake --color=
make[2]: Leaving directory '/home/abhimanyu/bluerov_ws/build/mavros'
/usr/bin/make -f CMakeFiles/geometry_msgs_generate_messages_eus.dir/build.make CMakeFiles/geometry_msgs_generate_messages_eus.dir/build
make[2]: Entering directory '/home/abhimanyu/bluerov_ws/build/mavros'
make[2]: Nothing to be done for 'CMakeFiles/geometry_msgs_generate_messages_eus.dir/build'.
make[2]: Leaving directory '/home/abhimanyu/bluerov_ws/build/mavros'
[  0%] Built target geometry_msgs_generate_messages_eus
/usr/bin/make -f CMakeFiles/std_msgs_generate_messages_nodejs.dir/build.make CMakeFiles/std_msgs_generate_messages_nodejs.dir/depend
make[2]: Entering directory '/home/abhimanyu/bluerov_ws/build/mavros'
cd /home/abhimanyu/bluerov_ws/build/mavros && /usr/bin/cmake -E cmake_depends "Unix Makefiles" /home/abhimanyu/bluerov_ws/src/mavros/mavros /home/abhimanyu/bluerov_ws/src/mavros/mavros /home/abhimanyu/bluerov_ws/build/mavros /home/abhimanyu/bluerov_ws/build/mavros /home/abhimanyu/bluerov_ws/build/mavros/CMakeFiles/std_msgs_generate_messages_nodejs.dir/DependInfo.cmake --color=
make[2]: Leaving directory '/home/abhimanyu/bluerov_ws/build/mavros'
/usr/bin/make -f CMakeFiles/std_msgs_generate_messages_nodejs.dir/build.make CMakeFiles/std_msgs_generate_messages_nodejs.dir/build
make[2]: Entering directory '/home/abhimanyu/bluerov_ws/build/mavros'
make[2]: Nothing to be done for 'CMakeFiles/std_msgs_generate_messages_nodejs.dir/build'.
make[2]: Leaving directory '/home/abhimanyu/bluerov_ws/build/mavros'
[  0%] Built target std_msgs_generate_messages_nodejs
/usr/bin/make -f CMakeFiles/rosgraph_msgs_generate_messages_lisp.dir/build.make CMakeFiles/rosgraph_msgs_generate_messages_lisp.dir/depend
make[2]: Entering directory '/home/abhimanyu/bluerov_ws/build/mavros'
cd /home/abhimanyu/bluerov_ws/build/mavros && /usr/bin/cmake -E cmake_depends "Unix Makefiles" /home/abhimanyu/bluerov_ws/src/mavros/mavros /home/abhimanyu/bluerov_ws/src/mavros/mavros /home/abhimanyu/bluerov_ws/build/mavros /home/abhimanyu/bluerov_ws/build/mavros /home/abhimanyu/bluerov_ws/build/mavros/CMakeFiles/rosgraph_msgs_generate_messages_lisp.dir/DependInfo.cmake --color=
make[2]: Leaving directory '/home/abhimanyu/bluerov_ws/build/mavros'
/usr/bin/make -f CMakeFiles/rosgraph_msgs_generate_messages_lisp.dir/build.make CMakeFiles/rosgraph_msgs_generate_messages_lisp.dir/build
make[2]: Entering directory '/home/abhimanyu/bluerov_ws/build/mavros'
make[2]: Nothing to be done for 'CMakeFiles/rosgraph_msgs_generate_messages_lisp.dir/build'.
make[2]: Leaving directory '/home/abhimanyu/bluerov_ws/build/mavros'
[  0%] Built target rosgraph_msgs_generate_messages_lisp
/usr/bin/make -f CMakeFiles/actionlib_msgs_generate_messages_eus.dir/build.make CMakeFiles/actionlib_msgs_generate_messages_eus.dir/depend
make[2]: Entering directory '/home/abhimanyu/bluerov_ws/build/mavros'
cd /home/abhimanyu/bluerov_ws/build/mavros && /usr/bin/cmake -E cmake_depends "Unix Makefiles" /home/abhimanyu/bluerov_ws/src/mavros/mavros /home/abhimanyu/bluerov_ws/src/mavros/mavros /home/abhimanyu/bluerov_ws/build/mavros /home/abhimanyu/bluerov_ws/build/mavros /home/abhimanyu/bluerov_ws/build/mavros/CMakeFiles/actionlib_msgs_generate_messages_eus.dir/DependInfo.cmake --color=
make[2]: Leaving directory '/home/abhimanyu/bluerov_ws/build/mavros'
/usr/bin/make -f CMakeFiles/actionlib_msgs_generate_messages_eus.dir/build.make CMakeFiles/actionlib_msgs_generate_messages_eus.dir/build
make[2]: Entering directory '/home/abhimanyu/bluerov_ws/build/mavros'
make[2]: Nothing to be done for 'CMakeFiles/actionlib_msgs_generate_messages_eus.dir/build'.
make[2]: Leaving directory '/home/abhimanyu/bluerov_ws/build/mavros'
[  0%] Built target actionlib_msgs_generate_messages_eus
/usr/bin/make -f CMakeFiles/nav_msgs_generate_messages_cpp.dir/build.make CMakeFiles/nav_msgs_generate_messages_cpp.dir/depend
make[2]: Entering directory '/home/abhimanyu/bluerov_ws/build/mavros'
cd /home/abhimanyu/bluerov_ws/build/mavros && /usr/bin/cmake -E cmake_depends "Unix Makefiles" /home/abhimanyu/bluerov_ws/src/mavros/mavros /home/abhimanyu/bluerov_ws/src/mavros/mavros /home/abhimanyu/bluerov_ws/build/mavros /home/abhimanyu/bluerov_ws/build/mavros /home/abhimanyu/bluerov_ws/build/mavros/CMakeFiles/nav_msgs_generate_messages_cpp.dir/DependInfo.cmake --color=
make[2]: Leaving directory '/home/abhimanyu/bluerov_ws/build/mavros'
/usr/bin/make -f CMakeFiles/nav_msgs_generate_messages_cpp.dir/build.make CMakeFiles/nav_msgs_generate_messages_cpp.dir/build
make[2]: Entering directory '/home/abhimanyu/bluerov_ws/build/mavros'
make[2]: Nothing to be done for 'CMakeFiles/nav_msgs_generate_messages_cpp.dir/build'.
make[2]: Leaving directory '/home/abhimanyu/bluerov_ws/build/mavros'
[  0%] Built target nav_msgs_generate_messages_cpp
/usr/bin/make -f CMakeFiles/trajectory_msgs_generate_messages_eus.dir/build.make CMakeFiles/trajectory_msgs_generate_messages_eus.dir/depend
make[2]: Entering directory '/home/abhimanyu/bluerov_ws/build/mavros'
cd /home/abhimanyu/bluerov_ws/build/mavros && /usr/bin/cmake -E cmake_depends "Unix Makefiles" /home/abhimanyu/bluerov_ws/src/mavros/mavros /home/abhimanyu/bluerov_ws/src/mavros/mavros /home/abhimanyu/bluerov_ws/build/mavros /home/abhimanyu/bluerov_ws/build/mavros /home/abhimanyu/bluerov_ws/build/mavros/CMakeFiles/trajectory_msgs_generate_messages_eus.dir/DependInfo.cmake --color=
make[2]: Leaving directory '/home/abhimanyu/bluerov_ws/build/mavros'
/usr/bin/make -f CMakeFiles/trajectory_msgs_generate_messages_eus.dir/build.make CMakeFiles/trajectory_msgs_generate_messages_eus.dir/build
make[2]: Entering directory '/home/abhimanyu/bluerov_ws/build/mavros'
make[2]: Nothing to be done for 'CMakeFiles/trajectory_msgs_generate_messages_eus.dir/build'.
make[2]: Leaving directory '/home/abhimanyu/bluerov_ws/build/mavros'
[  0%] Built target trajectory_msgs_generate_messages_eus
/usr/bin/make -f CMakeFiles/roscpp_generate_messages_py.dir/build.make CMakeFiles/roscpp_generate_messages_py.dir/depend
make[2]: Entering directory '/home/abhimanyu/bluerov_ws/build/mavros'
cd /home/abhimanyu/bluerov_ws/build/mavros && /usr/bin/cmake -E cmake_depends "Unix Makefiles" /home/abhimanyu/bluerov_ws/src/mavros/mavros /home/abhimanyu/bluerov_ws/src/mavros/mavros /home/abhimanyu/bluerov_ws/build/mavros /home/abhimanyu/bluerov_ws/build/mavros /home/abhimanyu/bluerov_ws/build/mavros/CMakeFiles/roscpp_generate_messages_py.dir/DependInfo.cmake --color=
make[2]: Leaving directory '/home/abhimanyu/bluerov_ws/build/mavros'
/usr/bin/make -f CMakeFiles/roscpp_generate_messages_py.dir/build.make CMakeFiles/roscpp_generate_messages_py.dir/build
make[2]: Entering directory '/home/abhimanyu/bluerov_ws/build/mavros'
make[2]: Nothing to be done for 'CMakeFiles/roscpp_generate_messages_py.dir/build'.
make[2]: Leaving directory '/home/abhimanyu/bluerov_ws/build/mavros'
[  0%] Built target roscpp_generate_messages_py
/usr/bin/make -f CMakeFiles/geometry_msgs_generate_messages_nodejs.dir/build.make CMakeFiles/geometry_msgs_generate_messages_nodejs.dir/depend
make[2]: Entering directory '/home/abhimanyu/bluerov_ws/build/mavros'
cd /home/abhimanyu/bluerov_ws/build/mavros && /usr/bin/cmake -E cmake_depends "Unix Makefiles" /home/abhimanyu/bluerov_ws/src/mavros/mavros /home/abhimanyu/bluerov_ws/src/mavros/mavros /home/abhimanyu/bluerov_ws/build/mavros /home/abhimanyu/bluerov_ws/build/mavros /home/abhimanyu/bluerov_ws/build/mavros/CMakeFiles/geometry_msgs_generate_messages_nodejs.dir/DependInfo.cmake --color=
make[2]: Leaving directory '/home/abhimanyu/bluerov_ws/build/mavros'
/usr/bin/make -f CMakeFiles/geometry_msgs_generate_messages_nodejs.dir/build.make CMakeFiles/geometry_msgs_generate_messages_nodejs.dir/build
make[2]: Entering directory '/home/abhimanyu/bluerov_ws/build/mavros'
make[2]: Nothing to be done for 'CMakeFiles/geometry_msgs_generate_messages_nodejs.dir/build'.
make[2]: Leaving directory '/home/abhimanyu/bluerov_ws/build/mavros'
[  0%] Built target geometry_msgs_generate_messages_nodejs
/usr/bin/make -f CMakeFiles/geometry_msgs_generate_messages_cpp.dir/build.make CMakeFiles/geometry_msgs_generate_messages_cpp.dir/depend
make[2]: Entering directory '/home/abhimanyu/bluerov_ws/build/mavros'
cd /home/abhimanyu/bluerov_ws/build/mavros && /usr/bin/cmake -E cmake_depends "Unix Makefiles" /home/abhimanyu/bluerov_ws/src/mavros/mavros /home/abhimanyu/bluerov_ws/src/mavros/mavros /home/abhimanyu/bluerov_ws/build/mavros /home/abhimanyu/bluerov_ws/build/mavros /home/abhimanyu/bluerov_ws/build/mavros/CMakeFiles/geometry_msgs_generate_messages_cpp.dir/DependInfo.cmake --color=
make[2]: Leaving directory '/home/abhimanyu/bluerov_ws/build/mavros'
/usr/bin/make -f CMakeFiles/geometry_msgs_generate_messages_cpp.dir/build.make CMakeFiles/geometry_msgs_generate_messages_cpp.dir/build
make[2]: Entering directory '/home/abhimanyu/bluerov_ws/build/mavros'
make[2]: Nothing to be done for 'CMakeFiles/geometry_msgs_generate_messages_cpp.dir/build'.
make[2]: Leaving directory '/home/abhimanyu/bluerov_ws/build/mavros'
[  0%] Built target geometry_msgs_generate_messages_cpp
/usr/bin/make -f CMakeFiles/rosgraph_msgs_generate_messages_py.dir/build.make CMakeFiles/rosgraph_msgs_generate_messages_py.dir/depend
make[2]: Entering directory '/home/abhimanyu/bluerov_ws/build/mavros'
cd /home/abhimanyu/bluerov_ws/build/mavros && /usr/bin/cmake -E cmake_depends "Unix Makefiles" /home/abhimanyu/bluerov_ws/src/mavros/mavros /home/abhimanyu/bluerov_ws/src/mavros/mavros /home/abhimanyu/bluerov_ws/build/mavros /home/abhimanyu/bluerov_ws/build/mavros /home/abhimanyu/bluerov_ws/build/mavros/CMakeFiles/rosgraph_msgs_generate_messages_py.dir/DependInfo.cmake --color=
make[2]: Leaving directory '/home/abhimanyu/bluerov_ws/build/mavros'
/usr/bin/make -f CMakeFiles/rosgraph_msgs_generate_messages_py.dir/build.make CMakeFiles/rosgraph_msgs_generate_messages_py.dir/build
make[2]: Entering directory '/home/abhimanyu/bluerov_ws/build/mavros'
make[2]: Nothing to be done for 'CMakeFiles/rosgraph_msgs_generate_messages_py.dir/build'.
make[2]: Leaving directory '/home/abhimanyu/bluerov_ws/build/mavros'
[  0%] Built target rosgraph_msgs_generate_messages_py
/usr/bin/make -f CMakeFiles/roscpp_generate_messages_lisp.dir/build.make CMakeFiles/roscpp_generate_messages_lisp.dir/depend
make[2]: Entering directory '/home/abhimanyu/bluerov_ws/build/mavros'
cd /home/abhimanyu/bluerov_ws/build/mavros && /usr/bin/cmake -E cmake_depends "Unix Makefiles" /home/abhimanyu/bluerov_ws/src/mavros/mavros /home/abhimanyu/bluerov_ws/src/mavros/mavros /home/abhimanyu/bluerov_ws/build/mavros /home/abhimanyu/bluerov_ws/build/mavros /home/abhimanyu/bluerov_ws/build/mavros/CMakeFiles/roscpp_generate_messages_lisp.dir/DependInfo.cmake --color=
make[2]: Leaving directory '/home/abhimanyu/bluerov_ws/build/mavros'
/usr/bin/make -f CMakeFiles/roscpp_generate_messages_lisp.dir/build.make CMakeFiles/roscpp_generate_messages_lisp.dir/build
make[2]: Entering directory '/home/abhimanyu/bluerov_ws/build/mavros'
make[2]: Nothing to be done for 'CMakeFiles/roscpp_generate_messages_lisp.dir/build'.
make[2]: Leaving directory '/home/abhimanyu/bluerov_ws/build/mavros'
[  0%] Built target roscpp_generate_messages_lisp
/usr/bin/make -f CMakeFiles/actionlib_generate_messages_lisp.dir/build.make CMakeFiles/actionlib_generate_messages_lisp.dir/depend
make[2]: Entering directory '/home/abhimanyu/bluerov_ws/build/mavros'
cd /home/abhimanyu/bluerov_ws/build/mavros && /usr/bin/cmake -E cmake_depends "Unix Makefiles" /home/abhimanyu/bluerov_ws/src/mavros/mavros /home/abhimanyu/bluerov_ws/src/mavros/mavros /home/abhimanyu/bluerov_ws/build/mavros /home/abhimanyu/bluerov_ws/build/mavros /home/abhimanyu/bluerov_ws/build/mavros/CMakeFiles/actionlib_generate_messages_lisp.dir/DependInfo.cmake --color=
make[2]: Leaving directory '/home/abhimanyu/bluerov_ws/build/mavros'
/usr/bin/make -f CMakeFiles/actionlib_generate_messages_lisp.dir/build.make CMakeFiles/actionlib_generate_messages_lisp.dir/build
make[2]: Entering directory '/home/abhimanyu/bluerov_ws/build/mavros'
make[2]: Nothing to be done for 'CMakeFiles/actionlib_generate_messages_lisp.dir/build'.
make[2]: Leaving directory '/home/abhimanyu/bluerov_ws/build/mavros'
[  0%] Built target actionlib_generate_messages_lisp
/usr/bin/make -f CMakeFiles/roscpp_generate_messages_cpp.dir/build.make CMakeFiles/roscpp_generate_messages_cpp.dir/depend
make[2]: Entering directory '/home/abhimanyu/bluerov_ws/build/mavros'
cd /home/abhimanyu/bluerov_ws/build/mavros && /usr/bin/cmake -E cmake_depends "Unix Makefiles" /home/abhimanyu/bluerov_ws/src/mavros/mavros /home/abhimanyu/bluerov_ws/src/mavros/mavros /home/abhimanyu/bluerov_ws/build/mavros /home/abhimanyu/bluerov_ws/build/mavros /home/abhimanyu/bluerov_ws/build/mavros/CMakeFiles/roscpp_generate_messages_cpp.dir/DependInfo.cmake --color=
make[2]: Leaving directory '/home/abhimanyu/bluerov_ws/build/mavros'
/usr/bin/make -f CMakeFiles/roscpp_generate_messages_cpp.dir/build.make CMakeFiles/roscpp_generate_messages_cpp.dir/build
make[2]: Entering directory '/home/abhimanyu/bluerov_ws/build/mavros'
make[2]: Nothing to be done for 'CMakeFiles/roscpp_generate_messages_cpp.dir/build'.
make[2]: Leaving directory '/home/abhimanyu/bluerov_ws/build/mavros'
[  0%] Built target roscpp_generate_messages_cpp
/usr/bin/make -f CMakeFiles/std_msgs_generate_messages_py.dir/build.make CMakeFiles/std_msgs_generate_messages_py.dir/depend
make[2]: Entering directory '/home/abhimanyu/bluerov_ws/build/mavros'
cd /home/abhimanyu/bluerov_ws/build/mavros && /usr/bin/cmake -E cmake_depends "Unix Makefiles" /home/abhimanyu/bluerov_ws/src/mavros/mavros /home/abhimanyu/bluerov_ws/src/mavros/mavros /home/abhimanyu/bluerov_ws/build/mavros /home/abhimanyu/bluerov_ws/build/mavros /home/abhimanyu/bluerov_ws/build/mavros/CMakeFiles/std_msgs_generate_messages_py.dir/DependInfo.cmake --color=
make[2]: Leaving directory '/home/abhimanyu/bluerov_ws/build/mavros'
/usr/bin/make -f CMakeFiles/std_msgs_generate_messages_py.dir/build.make CMakeFiles/std_msgs_generate_messages_py.dir/build
make[2]: Entering directory '/home/abhimanyu/bluerov_ws/build/mavros'
make[2]: Nothing to be done for 'CMakeFiles/std_msgs_generate_messages_py.dir/build'.
make[2]: Leaving directory '/home/abhimanyu/bluerov_ws/build/mavros'
[  0%] Built target std_msgs_generate_messages_py
/usr/bin/make -f CMakeFiles/diagnostic_msgs_generate_messages_eus.dir/build.make CMakeFiles/diagnostic_msgs_generate_messages_eus.dir/depend
make[2]: Entering directory '/home/abhimanyu/bluerov_ws/build/mavros'
cd /home/abhimanyu/bluerov_ws/build/mavros && /usr/bin/cmake -E cmake_depends "Unix Makefiles" /home/abhimanyu/bluerov_ws/src/mavros/mavros /home/abhimanyu/bluerov_ws/src/mavros/mavros /home/abhimanyu/bluerov_ws/build/mavros /home/abhimanyu/bluerov_ws/build/mavros /home/abhimanyu/bluerov_ws/build/mavros/CMakeFiles/diagnostic_msgs_generate_messages_eus.dir/DependInfo.cmake --color=
make[2]: Leaving directory '/home/abhimanyu/bluerov_ws/build/mavros'
/usr/bin/make -f CMakeFiles/diagnostic_msgs_generate_messages_eus.dir/build.make CMakeFiles/diagnostic_msgs_generate_messages_eus.dir/build
make[2]: Entering directory '/home/abhimanyu/bluerov_ws/build/mavros'
make[2]: Nothing to be done for 'CMakeFiles/diagnostic_msgs_generate_messages_eus.dir/build'.
make[2]: Leaving directory '/home/abhimanyu/bluerov_ws/build/mavros'
[  0%] Built target diagnostic_msgs_generate_messages_eus
/usr/bin/make -f CMakeFiles/diagnostic_msgs_generate_messages_cpp.dir/build.make CMakeFiles/diagnostic_msgs_generate_messages_cpp.dir/depend
make[2]: Entering directory '/home/abhimanyu/bluerov_ws/build/mavros'
cd /home/abhimanyu/bluerov_ws/build/mavros && /usr/bin/cmake -E cmake_depends "Unix Makefiles" /home/abhimanyu/bluerov_ws/src/mavros/mavros /home/abhimanyu/bluerov_ws/src/mavros/mavros /home/abhimanyu/bluerov_ws/build/mavros /home/abhimanyu/bluerov_ws/build/mavros /home/abhimanyu/bluerov_ws/build/mavros/CMakeFiles/diagnostic_msgs_generate_messages_cpp.dir/DependInfo.cmake --color=
make[2]: Leaving directory '/home/abhimanyu/bluerov_ws/build/mavros'
/usr/bin/make -f CMakeFiles/diagnostic_msgs_generate_messages_cpp.dir/build.make CMakeFiles/diagnostic_msgs_generate_messages_cpp.dir/build
make[2]: Entering directory '/home/abhimanyu/bluerov_ws/build/mavros'
make[2]: Nothing to be done for 'CMakeFiles/diagnostic_msgs_generate_messages_cpp.dir/build'.
make[2]: Leaving directory '/home/abhimanyu/bluerov_ws/build/mavros'
[  0%] Built target diagnostic_msgs_generate_messages_cpp
/usr/bin/make -f CMakeFiles/std_msgs_generate_messages_cpp.dir/build.make CMakeFiles/std_msgs_generate_messages_cpp.dir/depend
make[2]: Entering directory '/home/abhimanyu/bluerov_ws/build/mavros'
cd /home/abhimanyu/bluerov_ws/build/mavros && /usr/bin/cmake -E cmake_depends "Unix Makefiles" /home/abhimanyu/bluerov_ws/src/mavros/mavros /home/abhimanyu/bluerov_ws/src/mavros/mavros /home/abhimanyu/bluerov_ws/build/mavros /home/abhimanyu/bluerov_ws/build/mavros /home/abhimanyu/bluerov_ws/build/mavros/CMakeFiles/std_msgs_generate_messages_cpp.dir/DependInfo.cmake --color=
make[2]: Leaving directory '/home/abhimanyu/bluerov_ws/build/mavros'
/usr/bin/make -f CMakeFiles/std_msgs_generate_messages_cpp.dir/build.make CMakeFiles/std_msgs_generate_messages_cpp.dir/build
make[2]: Entering directory '/home/abhimanyu/bluerov_ws/build/mavros'
make[2]: Nothing to be done for 'CMakeFiles/std_msgs_generate_messages_cpp.dir/build'.
make[2]: Leaving directory '/home/abhimanyu/bluerov_ws/build/mavros'
[  0%] Built target std_msgs_generate_messages_cpp
/usr/bin/make -f CMakeFiles/mavros_msgs_generate_messages_eus.dir/build.make CMakeFiles/mavros_msgs_generate_messages_eus.dir/depend
make[2]: Entering directory '/home/abhimanyu/bluerov_ws/build/mavros'
cd /home/abhimanyu/bluerov_ws/build/mavros && /usr/bin/cmake -E cmake_depends "Unix Makefiles" /home/abhimanyu/bluerov_ws/src/mavros/mavros /home/abhimanyu/bluerov_ws/src/mavros/mavros /home/abhimanyu/bluerov_ws/build/mavros /home/abhimanyu/bluerov_ws/build/mavros /home/abhimanyu/bluerov_ws/build/mavros/CMakeFiles/mavros_msgs_generate_messages_eus.dir/DependInfo.cmake --color=
make[2]: Leaving directory '/home/abhimanyu/bluerov_ws/build/mavros'
/usr/bin/make -f CMakeFiles/mavros_msgs_generate_messages_eus.dir/build.make CMakeFiles/mavros_msgs_generate_messages_eus.dir/build
make[2]: Entering directory '/home/abhimanyu/bluerov_ws/build/mavros'
make[2]: Nothing to be done for 'CMakeFiles/mavros_msgs_generate_messages_eus.dir/build'.
make[2]: Leaving directory '/home/abhimanyu/bluerov_ws/build/mavros'
[  0%] Built target mavros_msgs_generate_messages_eus
/usr/bin/make -f CMakeFiles/std_srvs_generate_messages_cpp.dir/build.make CMakeFiles/std_srvs_generate_messages_cpp.dir/depend
make[2]: Entering directory '/home/abhimanyu/bluerov_ws/build/mavros'
cd /home/abhimanyu/bluerov_ws/build/mavros && /usr/bin/cmake -E cmake_depends "Unix Makefiles" /home/abhimanyu/bluerov_ws/src/mavros/mavros /home/abhimanyu/bluerov_ws/src/mavros/mavros /home/abhimanyu/bluerov_ws/build/mavros /home/abhimanyu/bluerov_ws/build/mavros /home/abhimanyu/bluerov_ws/build/mavros/CMakeFiles/std_srvs_generate_messages_cpp.dir/DependInfo.cmake --color=
make[2]: Leaving directory '/home/abhimanyu/bluerov_ws/build/mavros'
/usr/bin/make -f CMakeFiles/std_srvs_generate_messages_cpp.dir/build.make CMakeFiles/std_srvs_generate_messages_cpp.dir/build
make[2]: Entering directory '/home/abhimanyu/bluerov_ws/build/mavros'
make[2]: Nothing to be done for 'CMakeFiles/std_srvs_generate_messages_cpp.dir/build'.
make[2]: Leaving directory '/home/abhimanyu/bluerov_ws/build/mavros'
[  0%] Built target std_srvs_generate_messages_cpp
/usr/bin/make -f CMakeFiles/std_msgs_generate_messages_lisp.dir/build.make CMakeFiles/std_msgs_generate_messages_lisp.dir/depend
make[2]: Entering directory '/home/abhimanyu/bluerov_ws/build/mavros'
cd /home/abhimanyu/bluerov_ws/build/mavros && /usr/bin/cmake -E cmake_depends "Unix Makefiles" /home/abhimanyu/bluerov_ws/src/mavros/mavros /home/abhimanyu/bluerov_ws/src/mavros/mavros /home/abhimanyu/bluerov_ws/build/mavros /home/abhimanyu/bluerov_ws/build/mavros /home/abhimanyu/bluerov_ws/build/mavros/CMakeFiles/std_msgs_generate_messages_lisp.dir/DependInfo.cmake --color=
make[2]: Leaving directory '/home/abhimanyu/bluerov_ws/build/mavros'
/usr/bin/make -f CMakeFiles/std_msgs_generate_messages_lisp.dir/build.make CMakeFiles/std_msgs_generate_messages_lisp.dir/build
make[2]: Entering directory '/home/abhimanyu/bluerov_ws/build/mavros'
make[2]: Nothing to be done for 'CMakeFiles/std_msgs_generate_messages_lisp.dir/build'.
make[2]: Leaving directory '/home/abhimanyu/bluerov_ws/build/mavros'
[  0%] Built target std_msgs_generate_messages_lisp
/usr/bin/make -f CMakeFiles/actionlib_generate_messages_py.dir/build.make CMakeFiles/actionlib_generate_messages_py.dir/depend
make[2]: Entering directory '/home/abhimanyu/bluerov_ws/build/mavros'
cd /home/abhimanyu/bluerov_ws/build/mavros && /usr/bin/cmake -E cmake_depends "Unix Makefiles" /home/abhimanyu/bluerov_ws/src/mavros/mavros /home/abhimanyu/bluerov_ws/src/mavros/mavros /home/abhimanyu/bluerov_ws/build/mavros /home/abhimanyu/bluerov_ws/build/mavros /home/abhimanyu/bluerov_ws/build/mavros/CMakeFiles/actionlib_generate_messages_py.dir/DependInfo.cmake --color=
make[2]: Leaving directory '/home/abhimanyu/bluerov_ws/build/mavros'
/usr/bin/make -f CMakeFiles/actionlib_generate_messages_py.dir/build.make CMakeFiles/actionlib_generate_messages_py.dir/build
make[2]: Entering directory '/home/abhimanyu/bluerov_ws/build/mavros'
make[2]: Nothing to be done for 'CMakeFiles/actionlib_generate_messages_py.dir/build'.
make[2]: Leaving directory '/home/abhimanyu/bluerov_ws/build/mavros'
[  0%] Built target actionlib_generate_messages_py
/usr/bin/make -f CMakeFiles/diagnostic_msgs_generate_messages_lisp.dir/build.make CMakeFiles/diagnostic_msgs_generate_messages_lisp.dir/depend
make[2]: Entering directory '/home/abhimanyu/bluerov_ws/build/mavros'
cd /home/abhimanyu/bluerov_ws/build/mavros && /usr/bin/cmake -E cmake_depends "Unix Makefiles" /home/abhimanyu/bluerov_ws/src/mavros/mavros /home/abhimanyu/bluerov_ws/src/mavros/mavros /home/abhimanyu/bluerov_ws/build/mavros /home/abhimanyu/bluerov_ws/build/mavros /home/abhimanyu/bluerov_ws/build/mavros/CMakeFiles/diagnostic_msgs_generate_messages_lisp.dir/DependInfo.cmake --color=
make[2]: Leaving directory '/home/abhimanyu/bluerov_ws/build/mavros'
/usr/bin/make -f CMakeFiles/diagnostic_msgs_generate_messages_lisp.dir/build.make CMakeFiles/diagnostic_msgs_generate_messages_lisp.dir/build
make[2]: Entering directory '/home/abhimanyu/bluerov_ws/build/mavros'
make[2]: Nothing to be done for 'CMakeFiles/diagnostic_msgs_generate_messages_lisp.dir/build'.
make[2]: Leaving directory '/home/abhimanyu/bluerov_ws/build/mavros'
[  0%] Built target diagnostic_msgs_generate_messages_lisp
/usr/bin/make -f CMakeFiles/nav_msgs_generate_messages_eus.dir/build.make CMakeFiles/nav_msgs_generate_messages_eus.dir/depend
make[2]: Entering directory '/home/abhimanyu/bluerov_ws/build/mavros'
cd /home/abhimanyu/bluerov_ws/build/mavros && /usr/bin/cmake -E cmake_depends "Unix Makefiles" /home/abhimanyu/bluerov_ws/src/mavros/mavros /home/abhimanyu/bluerov_ws/src/mavros/mavros /home/abhimanyu/bluerov_ws/build/mavros /home/abhimanyu/bluerov_ws/build/mavros /home/abhimanyu/bluerov_ws/build/mavros/CMakeFiles/nav_msgs_generate_messages_eus.dir/DependInfo.cmake --color=
make[2]: Leaving directory '/home/abhimanyu/bluerov_ws/build/mavros'
/usr/bin/make -f CMakeFiles/nav_msgs_generate_messages_eus.dir/build.make CMakeFiles/nav_msgs_generate_messages_eus.dir/build
make[2]: Entering directory '/home/abhimanyu/bluerov_ws/build/mavros'
make[2]: Nothing to be done for 'CMakeFiles/nav_msgs_generate_messages_eus.dir/build'.
make[2]: Leaving directory '/home/abhimanyu/bluerov_ws/build/mavros'
[  0%] Built target nav_msgs_generate_messages_eus
/usr/bin/make -f CMakeFiles/geometry_msgs_generate_messages_lisp.dir/build.make CMakeFiles/geometry_msgs_generate_messages_lisp.dir/depend
make[2]: Entering directory '/home/abhimanyu/bluerov_ws/build/mavros'
cd /home/abhimanyu/bluerov_ws/build/mavros && /usr/bin/cmake -E cmake_depends "Unix Makefiles" /home/abhimanyu/bluerov_ws/src/mavros/mavros /home/abhimanyu/bluerov_ws/src/mavros/mavros /home/abhimanyu/bluerov_ws/build/mavros /home/abhimanyu/bluerov_ws/build/mavros /home/abhimanyu/bluerov_ws/build/mavros/CMakeFiles/geometry_msgs_generate_messages_lisp.dir/DependInfo.cmake --color=
make[2]: Leaving directory '/home/abhimanyu/bluerov_ws/build/mavros'
/usr/bin/make -f CMakeFiles/geometry_msgs_generate_messages_lisp.dir/build.make CMakeFiles/geometry_msgs_generate_messages_lisp.dir/build
make[2]: Entering directory '/home/abhimanyu/bluerov_ws/build/mavros'
make[2]: Nothing to be done for 'CMakeFiles/geometry_msgs_generate_messages_lisp.dir/build'.
make[2]: Leaving directory '/home/abhimanyu/bluerov_ws/build/mavros'
[  0%] Built target geometry_msgs_generate_messages_lisp
/usr/bin/make -f CMakeFiles/trajectory_msgs_generate_messages_py.dir/build.make CMakeFiles/trajectory_msgs_generate_messages_py.dir/depend
make[2]: Entering directory '/home/abhimanyu/bluerov_ws/build/mavros'
cd /home/abhimanyu/bluerov_ws/build/mavros && /usr/bin/cmake -E cmake_depends "Unix Makefiles" /home/abhimanyu/bluerov_ws/src/mavros/mavros /home/abhimanyu/bluerov_ws/src/mavros/mavros /home/abhimanyu/bluerov_ws/build/mavros /home/abhimanyu/bluerov_ws/build/mavros /home/abhimanyu/bluerov_ws/build/mavros/CMakeFiles/trajectory_msgs_generate_messages_py.dir/DependInfo.cmake --color=
make[2]: Leaving directory '/home/abhimanyu/bluerov_ws/build/mavros'
/usr/bin/make -f CMakeFiles/trajectory_msgs_generate_messages_py.dir/build.make CMakeFiles/trajectory_msgs_generate_messages_py.dir/build
make[2]: Entering directory '/home/abhimanyu/bluerov_ws/build/mavros'
make[2]: Nothing to be done for 'CMakeFiles/trajectory_msgs_generate_messages_py.dir/build'.
make[2]: Leaving directory '/home/abhimanyu/bluerov_ws/build/mavros'
[  0%] Built target trajectory_msgs_generate_messages_py
/usr/bin/make -f CMakeFiles/actionlib_generate_messages_eus.dir/build.make CMakeFiles/actionlib_generate_messages_eus.dir/depend
make[2]: Entering directory '/home/abhimanyu/bluerov_ws/build/mavros'
cd /home/abhimanyu/bluerov_ws/build/mavros && /usr/bin/cmake -E cmake_depends "Unix Makefiles" /home/abhimanyu/bluerov_ws/src/mavros/mavros /home/abhimanyu/bluerov_ws/src/mavros/mavros /home/abhimanyu/bluerov_ws/build/mavros /home/abhimanyu/bluerov_ws/build/mavros /home/abhimanyu/bluerov_ws/build/mavros/CMakeFiles/actionlib_generate_messages_eus.dir/DependInfo.cmake --color=
make[2]: Leaving directory '/home/abhimanyu/bluerov_ws/build/mavros'
/usr/bin/make -f CMakeFiles/actionlib_generate_messages_eus.dir/build.make CMakeFiles/actionlib_generate_messages_eus.dir/build
make[2]: Entering directory '/home/abhimanyu/bluerov_ws/build/mavros'
make[2]: Nothing to be done for 'CMakeFiles/actionlib_generate_messages_eus.dir/build'.
make[2]: Leaving directory '/home/abhimanyu/bluerov_ws/build/mavros'
[  0%] Built target actionlib_generate_messages_eus
/usr/bin/make -f CMakeFiles/rosgraph_msgs_generate_messages_cpp.dir/build.make CMakeFiles/rosgraph_msgs_generate_messages_cpp.dir/depend
make[2]: Entering directory '/home/abhimanyu/bluerov_ws/build/mavros'
cd /home/abhimanyu/bluerov_ws/build/mavros && /usr/bin/cmake -E cmake_depends "Unix Makefiles" /home/abhimanyu/bluerov_ws/src/mavros/mavros /home/abhimanyu/bluerov_ws/src/mavros/mavros /home/abhimanyu/bluerov_ws/build/mavros /home/abhimanyu/bluerov_ws/build/mavros /home/abhimanyu/bluerov_ws/build/mavros/CMakeFiles/rosgraph_msgs_generate_messages_cpp.dir/DependInfo.cmake --color=
make[2]: Leaving directory '/home/abhimanyu/bluerov_ws/build/mavros'
/usr/bin/make -f CMakeFiles/rosgraph_msgs_generate_messages_cpp.dir/build.make CMakeFiles/rosgraph_msgs_generate_messages_cpp.dir/build
make[2]: Entering directory '/home/abhimanyu/bluerov_ws/build/mavros'
make[2]: Nothing to be done for 'CMakeFiles/rosgraph_msgs_generate_messages_cpp.dir/build'.
make[2]: Leaving directory '/home/abhimanyu/bluerov_ws/build/mavros'
[  0%] Built target rosgraph_msgs_generate_messages_cpp
/usr/bin/make -f CMakeFiles/diagnostic_msgs_generate_messages_nodejs.dir/build.make CMakeFiles/diagnostic_msgs_generate_messages_nodejs.dir/depend
make[2]: Entering directory '/home/abhimanyu/bluerov_ws/build/mavros'
cd /home/abhimanyu/bluerov_ws/build/mavros && /usr/bin/cmake -E cmake_depends "Unix Makefiles" /home/abhimanyu/bluerov_ws/src/mavros/mavros /home/abhimanyu/bluerov_ws/src/mavros/mavros /home/abhimanyu/bluerov_ws/build/mavros /home/abhimanyu/bluerov_ws/build/mavros /home/abhimanyu/bluerov_ws/build/mavros/CMakeFiles/diagnostic_msgs_generate_messages_nodejs.dir/DependInfo.cmake --color=
make[2]: Leaving directory '/home/abhimanyu/bluerov_ws/build/mavros'
/usr/bin/make -f CMakeFiles/diagnostic_msgs_generate_messages_nodejs.dir/build.make CMakeFiles/diagnostic_msgs_generate_messages_nodejs.dir/build
make[2]: Entering directory '/home/abhimanyu/bluerov_ws/build/mavros'
make[2]: Nothing to be done for 'CMakeFiles/diagnostic_msgs_generate_messages_nodejs.dir/build'.
make[2]: Leaving directory '/home/abhimanyu/bluerov_ws/build/mavros'
[  0%] Built target diagnostic_msgs_generate_messages_nodejs
/usr/bin/make -f CMakeFiles/uuid_msgs_generate_messages_lisp.dir/build.make CMakeFiles/uuid_msgs_generate_messages_lisp.dir/depend
make[2]: Entering directory '/home/abhimanyu/bluerov_ws/build/mavros'
cd /home/abhimanyu/bluerov_ws/build/mavros && /usr/bin/cmake -E cmake_depends "Unix Makefiles" /home/abhimanyu/bluerov_ws/src/mavros/mavros /home/abhimanyu/bluerov_ws/src/mavros/mavros /home/abhimanyu/bluerov_ws/build/mavros /home/abhimanyu/bluerov_ws/build/mavros /home/abhimanyu/bluerov_ws/build/mavros/CMakeFiles/uuid_msgs_generate_messages_lisp.dir/DependInfo.cmake --color=
make[2]: Leaving directory '/home/abhimanyu/bluerov_ws/build/mavros'
/usr/bin/make -f CMakeFiles/uuid_msgs_generate_messages_lisp.dir/build.make CMakeFiles/uuid_msgs_generate_messages_lisp.dir/build
make[2]: Entering directory '/home/abhimanyu/bluerov_ws/build/mavros'
make[2]: Nothing to be done for 'CMakeFiles/uuid_msgs_generate_messages_lisp.dir/build'.
make[2]: Leaving directory '/home/abhimanyu/bluerov_ws/build/mavros'
[  0%] Built target uuid_msgs_generate_messages_lisp
/usr/bin/make -f CMakeFiles/roscpp_generate_messages_nodejs.dir/build.make CMakeFiles/roscpp_generate_messages_nodejs.dir/depend
make[2]: Entering directory '/home/abhimanyu/bluerov_ws/build/mavros'
cd /home/abhimanyu/bluerov_ws/build/mavros && /usr/bin/cmake -E cmake_depends "Unix Makefiles" /home/abhimanyu/bluerov_ws/src/mavros/mavros /home/abhimanyu/bluerov_ws/src/mavros/mavros /home/abhimanyu/bluerov_ws/build/mavros /home/abhimanyu/bluerov_ws/build/mavros /home/abhimanyu/bluerov_ws/build/mavros/CMakeFiles/roscpp_generate_messages_nodejs.dir/DependInfo.cmake --color=
make[2]: Leaving directory '/home/abhimanyu/bluerov_ws/build/mavros'
/usr/bin/make -f CMakeFiles/roscpp_generate_messages_nodejs.dir/build.make CMakeFiles/roscpp_generate_messages_nodejs.dir/build
make[2]: Entering directory '/home/abhimanyu/bluerov_ws/build/mavros'
make[2]: Nothing to be done for 'CMakeFiles/roscpp_generate_messages_nodejs.dir/build'.
make[2]: Leaving directory '/home/abhimanyu/bluerov_ws/build/mavros'
[  0%] Built target roscpp_generate_messages_nodejs
/usr/bin/make -f CMakeFiles/roscpp_generate_messages_eus.dir/build.make CMakeFiles/roscpp_generate_messages_eus.dir/depend
make[2]: Entering directory '/home/abhimanyu/bluerov_ws/build/mavros'
cd /home/abhimanyu/bluerov_ws/build/mavros && /usr/bin/cmake -E cmake_depends "Unix Makefiles" /home/abhimanyu/bluerov_ws/src/mavros/mavros /home/abhimanyu/bluerov_ws/src/mavros/mavros /home/abhimanyu/bluerov_ws/build/mavros /home/abhimanyu/bluerov_ws/build/mavros /home/abhimanyu/bluerov_ws/build/mavros/CMakeFiles/roscpp_generate_messages_eus.dir/DependInfo.cmake --color=
make[2]: Leaving directory '/home/abhimanyu/bluerov_ws/build/mavros'
/usr/bin/make -f CMakeFiles/roscpp_generate_messages_eus.dir/build.make CMakeFiles/roscpp_generate_messages_eus.dir/build
make[2]: Entering directory '/home/abhimanyu/bluerov_ws/build/mavros'
make[2]: Nothing to be done for 'CMakeFiles/roscpp_generate_messages_eus.dir/build'.
make[2]: Leaving directory '/home/abhimanyu/bluerov_ws/build/mavros'
[  0%] Built target roscpp_generate_messages_eus
/usr/bin/make -f CMakeFiles/uuid_msgs_generate_messages_cpp.dir/build.make CMakeFiles/uuid_msgs_generate_messages_cpp.dir/depend
make[2]: Entering directory '/home/abhimanyu/bluerov_ws/build/mavros'
cd /home/abhimanyu/bluerov_ws/build/mavros && /usr/bin/cmake -E cmake_depends "Unix Makefiles" /home/abhimanyu/bluerov_ws/src/mavros/mavros /home/abhimanyu/bluerov_ws/src/mavros/mavros /home/abhimanyu/bluerov_ws/build/mavros /home/abhimanyu/bluerov_ws/build/mavros /home/abhimanyu/bluerov_ws/build/mavros/CMakeFiles/uuid_msgs_generate_messages_cpp.dir/DependInfo.cmake --color=
make[2]: Leaving directory '/home/abhimanyu/bluerov_ws/build/mavros'
/usr/bin/make -f CMakeFiles/uuid_msgs_generate_messages_cpp.dir/build.make CMakeFiles/uuid_msgs_generate_messages_cpp.dir/build
make[2]: Entering directory '/home/abhimanyu/bluerov_ws/build/mavros'
make[2]: Nothing to be done for 'CMakeFiles/uuid_msgs_generate_messages_cpp.dir/build'.
make[2]: Leaving directory '/home/abhimanyu/bluerov_ws/build/mavros'
[  0%] Built target uuid_msgs_generate_messages_cpp
/usr/bin/make -f CMakeFiles/uuid_msgs_generate_messages_eus.dir/build.make CMakeFiles/uuid_msgs_generate_messages_eus.dir/depend
make[2]: Entering directory '/home/abhimanyu/bluerov_ws/build/mavros'
cd /home/abhimanyu/bluerov_ws/build/mavros && /usr/bin/cmake -E cmake_depends "Unix Makefiles" /home/abhimanyu/bluerov_ws/src/mavros/mavros /home/abhimanyu/bluerov_ws/src/mavros/mavros /home/abhimanyu/bluerov_ws/build/mavros /home/abhimanyu/bluerov_ws/build/mavros /home/abhimanyu/bluerov_ws/build/mavros/CMakeFiles/uuid_msgs_generate_messages_eus.dir/DependInfo.cmake --color=
make[2]: Leaving directory '/home/abhimanyu/bluerov_ws/build/mavros'
/usr/bin/make -f CMakeFiles/uuid_msgs_generate_messages_eus.dir/build.make CMakeFiles/uuid_msgs_generate_messages_eus.dir/build
make[2]: Entering directory '/home/abhimanyu/bluerov_ws/build/mavros'
make[2]: Nothing to be done for 'CMakeFiles/uuid_msgs_generate_messages_eus.dir/build'.
make[2]: Leaving directory '/home/abhimanyu/bluerov_ws/build/mavros'
[  0%] Built target uuid_msgs_generate_messages_eus
/usr/bin/make -f CMakeFiles/mavros_msgs_generate_messages_py.dir/build.make CMakeFiles/mavros_msgs_generate_messages_py.dir/depend
make[2]: Entering directory '/home/abhimanyu/bluerov_ws/build/mavros'
cd /home/abhimanyu/bluerov_ws/build/mavros && /usr/bin/cmake -E cmake_depends "Unix Makefiles" /home/abhimanyu/bluerov_ws/src/mavros/mavros /home/abhimanyu/bluerov_ws/src/mavros/mavros /home/abhimanyu/bluerov_ws/build/mavros /home/abhimanyu/bluerov_ws/build/mavros /home/abhimanyu/bluerov_ws/build/mavros/CMakeFiles/mavros_msgs_generate_messages_py.dir/DependInfo.cmake --color=
make[2]: Leaving directory '/home/abhimanyu/bluerov_ws/build/mavros'
/usr/bin/make -f CMakeFiles/mavros_msgs_generate_messages_py.dir/build.make CMakeFiles/mavros_msgs_generate_messages_py.dir/build
make[2]: Entering directory '/home/abhimanyu/bluerov_ws/build/mavros'
make[2]: Nothing to be done for 'CMakeFiles/mavros_msgs_generate_messages_py.dir/build'.
make[2]: Leaving directory '/home/abhimanyu/bluerov_ws/build/mavros'
[  0%] Built target mavros_msgs_generate_messages_py
/usr/bin/make -f CMakeFiles/geometry_msgs_generate_messages_py.dir/build.make CMakeFiles/geometry_msgs_generate_messages_py.dir/depend
make[2]: Entering directory '/home/abhimanyu/bluerov_ws/build/mavros'
cd /home/abhimanyu/bluerov_ws/build/mavros && /usr/bin/cmake -E cmake_depends "Unix Makefiles" /home/abhimanyu/bluerov_ws/src/mavros/mavros /home/abhimanyu/bluerov_ws/src/mavros/mavros /home/abhimanyu/bluerov_ws/build/mavros /home/abhimanyu/bluerov_ws/build/mavros /home/abhimanyu/bluerov_ws/build/mavros/CMakeFiles/geometry_msgs_generate_messages_py.dir/DependInfo.cmake --color=
make[2]: Leaving directory '/home/abhimanyu/bluerov_ws/build/mavros'
/usr/bin/make -f CMakeFiles/geometry_msgs_generate_messages_py.dir/build.make CMakeFiles/geometry_msgs_generate_messages_py.dir/build
make[2]: Entering directory '/home/abhimanyu/bluerov_ws/build/mavros'
make[2]: Nothing to be done for 'CMakeFiles/geometry_msgs_generate_messages_py.dir/build'.
make[2]: Leaving directory '/home/abhimanyu/bluerov_ws/build/mavros'
[  0%] Built target geometry_msgs_generate_messages_py
/usr/bin/make -f CMakeFiles/tf2_msgs_generate_messages_eus.dir/build.make CMakeFiles/tf2_msgs_generate_messages_eus.dir/depend
make[2]: Entering directory '/home/abhimanyu/bluerov_ws/build/mavros'
cd /home/abhimanyu/bluerov_ws/build/mavros && /usr/bin/cmake -E cmake_depends "Unix Makefiles" /home/abhimanyu/bluerov_ws/src/mavros/mavros /home/abhimanyu/bluerov_ws/src/mavros/mavros /home/abhimanyu/bluerov_ws/build/mavros /home/abhimanyu/bluerov_ws/build/mavros /home/abhimanyu/bluerov_ws/build/mavros/CMakeFiles/tf2_msgs_generate_messages_eus.dir/DependInfo.cmake --color=
make[2]: Leaving directory '/home/abhimanyu/bluerov_ws/build/mavros'
/usr/bin/make -f CMakeFiles/tf2_msgs_generate_messages_eus.dir/build.make CMakeFiles/tf2_msgs_generate_messages_eus.dir/build
make[2]: Entering directory '/home/abhimanyu/bluerov_ws/build/mavros'
make[2]: Nothing to be done for 'CMakeFiles/tf2_msgs_generate_messages_eus.dir/build'.
make[2]: Leaving directory '/home/abhimanyu/bluerov_ws/build/mavros'
[  0%] Built target tf2_msgs_generate_messages_eus
/usr/bin/make -f CMakeFiles/sensor_msgs_generate_messages_py.dir/build.make CMakeFiles/sensor_msgs_generate_messages_py.dir/depend
make[2]: Entering directory '/home/abhimanyu/bluerov_ws/build/mavros'
cd /home/abhimanyu/bluerov_ws/build/mavros && /usr/bin/cmake -E cmake_depends "Unix Makefiles" /home/abhimanyu/bluerov_ws/src/mavros/mavros /home/abhimanyu/bluerov_ws/src/mavros/mavros /home/abhimanyu/bluerov_ws/build/mavros /home/abhimanyu/bluerov_ws/build/mavros /home/abhimanyu/bluerov_ws/build/mavros/CMakeFiles/sensor_msgs_generate_messages_py.dir/DependInfo.cmake --color=
make[2]: Leaving directory '/home/abhimanyu/bluerov_ws/build/mavros'
/usr/bin/make -f CMakeFiles/sensor_msgs_generate_messages_py.dir/build.make CMakeFiles/sensor_msgs_generate_messages_py.dir/build
make[2]: Entering directory '/home/abhimanyu/bluerov_ws/build/mavros'
make[2]: Nothing to be done for 'CMakeFiles/sensor_msgs_generate_messages_py.dir/build'.
make[2]: Leaving directory '/home/abhimanyu/bluerov_ws/build/mavros'
[  0%] Built target sensor_msgs_generate_messages_py
/usr/bin/make -f CMakeFiles/nav_msgs_generate_messages_py.dir/build.make CMakeFiles/nav_msgs_generate_messages_py.dir/depend
make[2]: Entering directory '/home/abhimanyu/bluerov_ws/build/mavros'
cd /home/abhimanyu/bluerov_ws/build/mavros && /usr/bin/cmake -E cmake_depends "Unix Makefiles" /home/abhimanyu/bluerov_ws/src/mavros/mavros /home/abhimanyu/bluerov_ws/src/mavros/mavros /home/abhimanyu/bluerov_ws/build/mavros /home/abhimanyu/bluerov_ws/build/mavros /home/abhimanyu/bluerov_ws/build/mavros/CMakeFiles/nav_msgs_generate_messages_py.dir/DependInfo.cmake --color=
make[2]: Leaving directory '/home/abhimanyu/bluerov_ws/build/mavros'
/usr/bin/make -f CMakeFiles/nav_msgs_generate_messages_py.dir/build.make CMakeFiles/nav_msgs_generate_messages_py.dir/build
make[2]: Entering directory '/home/abhimanyu/bluerov_ws/build/mavros'
make[2]: Nothing to be done for 'CMakeFiles/nav_msgs_generate_messages_py.dir/build'.
make[2]: Leaving directory '/home/abhimanyu/bluerov_ws/build/mavros'
[  0%] Built target nav_msgs_generate_messages_py
/usr/bin/make -f CMakeFiles/rosgraph_msgs_generate_messages_nodejs.dir/build.make CMakeFiles/rosgraph_msgs_generate_messages_nodejs.dir/depend
make[2]: Entering directory '/home/abhimanyu/bluerov_ws/build/mavros'
cd /home/abhimanyu/bluerov_ws/build/mavros && /usr/bin/cmake -E cmake_depends "Unix Makefiles" /home/abhimanyu/bluerov_ws/src/mavros/mavros /home/abhimanyu/bluerov_ws/src/mavros/mavros /home/abhimanyu/bluerov_ws/build/mavros /home/abhimanyu/bluerov_ws/build/mavros /home/abhimanyu/bluerov_ws/build/mavros/CMakeFiles/rosgraph_msgs_generate_messages_nodejs.dir/DependInfo.cmake --color=
make[2]: Leaving directory '/home/abhimanyu/bluerov_ws/build/mavros'
/usr/bin/make -f CMakeFiles/rosgraph_msgs_generate_messages_nodejs.dir/build.make CMakeFiles/rosgraph_msgs_generate_messages_nodejs.dir/build
make[2]: Entering directory '/home/abhimanyu/bluerov_ws/build/mavros'
make[2]: Nothing to be done for 'CMakeFiles/rosgraph_msgs_generate_messages_nodejs.dir/build'.
make[2]: Leaving directory '/home/abhimanyu/bluerov_ws/build/mavros'
[  0%] Built target rosgraph_msgs_generate_messages_nodejs
/usr/bin/make -f CMakeFiles/geographic_msgs_generate_messages_cpp.dir/build.make CMakeFiles/geographic_msgs_generate_messages_cpp.dir/depend
make[2]: Entering directory '/home/abhimanyu/bluerov_ws/build/mavros'
cd /home/abhimanyu/bluerov_ws/build/mavros && /usr/bin/cmake -E cmake_depends "Unix Makefiles" /home/abhimanyu/bluerov_ws/src/mavros/mavros /home/abhimanyu/bluerov_ws/src/mavros/mavros /home/abhimanyu/bluerov_ws/build/mavros /home/abhimanyu/bluerov_ws/build/mavros /home/abhimanyu/bluerov_ws/build/mavros/CMakeFiles/geographic_msgs_generate_messages_cpp.dir/DependInfo.cmake --color=
make[2]: Leaving directory '/home/abhimanyu/bluerov_ws/build/mavros'
/usr/bin/make -f CMakeFiles/geographic_msgs_generate_messages_cpp.dir/build.make CMakeFiles/geographic_msgs_generate_messages_cpp.dir/build
make[2]: Entering directory '/home/abhimanyu/bluerov_ws/build/mavros'
make[2]: Nothing to be done for 'CMakeFiles/geographic_msgs_generate_messages_cpp.dir/build'.
make[2]: Leaving directory '/home/abhimanyu/bluerov_ws/build/mavros'
[  0%] Built target geographic_msgs_generate_messages_cpp
/usr/bin/make -f CMakeFiles/geographic_msgs_generate_messages_eus.dir/build.make CMakeFiles/geographic_msgs_generate_messages_eus.dir/depend
make[2]: Entering directory '/home/abhimanyu/bluerov_ws/build/mavros'
cd /home/abhimanyu/bluerov_ws/build/mavros && /usr/bin/cmake -E cmake_depends "Unix Makefiles" /home/abhimanyu/bluerov_ws/src/mavros/mavros /home/abhimanyu/bluerov_ws/src/mavros/mavros /home/abhimanyu/bluerov_ws/build/mavros /home/abhimanyu/bluerov_ws/build/mavros /home/abhimanyu/bluerov_ws/build/mavros/CMakeFiles/geographic_msgs_generate_messages_eus.dir/DependInfo.cmake --color=
make[2]: Leaving directory '/home/abhimanyu/bluerov_ws/build/mavros'
/usr/bin/make -f CMakeFiles/geographic_msgs_generate_messages_eus.dir/build.make CMakeFiles/geographic_msgs_generate_messages_eus.dir/build
make[2]: Entering directory '/home/abhimanyu/bluerov_ws/build/mavros'
make[2]: Nothing to be done for 'CMakeFiles/geographic_msgs_generate_messages_eus.dir/build'.
make[2]: Leaving directory '/home/abhimanyu/bluerov_ws/build/mavros'
[  0%] Built target geographic_msgs_generate_messages_eus
/usr/bin/make -f CMakeFiles/std_srvs_generate_messages_py.dir/build.make CMakeFiles/std_srvs_generate_messages_py.dir/depend
make[2]: Entering directory '/home/abhimanyu/bluerov_ws/build/mavros'
cd /home/abhimanyu/bluerov_ws/build/mavros && /usr/bin/cmake -E cmake_depends "Unix Makefiles" /home/abhimanyu/bluerov_ws/src/mavros/mavros /home/abhimanyu/bluerov_ws/src/mavros/mavros /home/abhimanyu/bluerov_ws/build/mavros /home/abhimanyu/bluerov_ws/build/mavros /home/abhimanyu/bluerov_ws/build/mavros/CMakeFiles/std_srvs_generate_messages_py.dir/DependInfo.cmake --color=
make[2]: Leaving directory '/home/abhimanyu/bluerov_ws/build/mavros'
/usr/bin/make -f CMakeFiles/std_srvs_generate_messages_py.dir/build.make CMakeFiles/std_srvs_generate_messages_py.dir/build
make[2]: Entering directory '/home/abhimanyu/bluerov_ws/build/mavros'
make[2]: Nothing to be done for 'CMakeFiles/std_srvs_generate_messages_py.dir/build'.
make[2]: Leaving directory '/home/abhimanyu/bluerov_ws/build/mavros'
[  0%] Built target std_srvs_generate_messages_py
/usr/bin/make -f CMakeFiles/rosgraph_msgs_generate_messages_eus.dir/build.make CMakeFiles/rosgraph_msgs_generate_messages_eus.dir/depend
make[2]: Entering directory '/home/abhimanyu/bluerov_ws/build/mavros'
cd /home/abhimanyu/bluerov_ws/build/mavros && /usr/bin/cmake -E cmake_depends "Unix Makefiles" /home/abhimanyu/bluerov_ws/src/mavros/mavros /home/abhimanyu/bluerov_ws/src/mavros/mavros /home/abhimanyu/bluerov_ws/build/mavros /home/abhimanyu/bluerov_ws/build/mavros /home/abhimanyu/bluerov_ws/build/mavros/CMakeFiles/rosgraph_msgs_generate_messages_eus.dir/DependInfo.cmake --color=
make[2]: Leaving directory '/home/abhimanyu/bluerov_ws/build/mavros'
/usr/bin/make -f CMakeFiles/rosgraph_msgs_generate_messages_eus.dir/build.make CMakeFiles/rosgraph_msgs_generate_messages_eus.dir/build
make[2]: Entering directory '/home/abhimanyu/bluerov_ws/build/mavros'
make[2]: Nothing to be done for 'CMakeFiles/rosgraph_msgs_generate_messages_eus.dir/build'.
make[2]: Leaving directory '/home/abhimanyu/bluerov_ws/build/mavros'
[  0%] Built target rosgraph_msgs_generate_messages_eus
/usr/bin/make -f CMakeFiles/geographic_msgs_generate_messages_lisp.dir/build.make CMakeFiles/geographic_msgs_generate_messages_lisp.dir/depend
make[2]: Entering directory '/home/abhimanyu/bluerov_ws/build/mavros'
cd /home/abhimanyu/bluerov_ws/build/mavros && /usr/bin/cmake -E cmake_depends "Unix Makefiles" /home/abhimanyu/bluerov_ws/src/mavros/mavros /home/abhimanyu/bluerov_ws/src/mavros/mavros /home/abhimanyu/bluerov_ws/build/mavros /home/abhimanyu/bluerov_ws/build/mavros /home/abhimanyu/bluerov_ws/build/mavros/CMakeFiles/geographic_msgs_generate_messages_lisp.dir/DependInfo.cmake --color=
make[2]: Leaving directory '/home/abhimanyu/bluerov_ws/build/mavros'
/usr/bin/make -f CMakeFiles/geographic_msgs_generate_messages_lisp.dir/build.make CMakeFiles/geographic_msgs_generate_messages_lisp.dir/build
make[2]: Entering directory '/home/abhimanyu/bluerov_ws/build/mavros'
make[2]: Nothing to be done for 'CMakeFiles/geographic_msgs_generate_messages_lisp.dir/build'.
make[2]: Leaving directory '/home/abhimanyu/bluerov_ws/build/mavros'
[  0%] Built target geographic_msgs_generate_messages_lisp
/usr/bin/make -f CMakeFiles/diagnostic_msgs_generate_messages_py.dir/build.make CMakeFiles/diagnostic_msgs_generate_messages_py.dir/depend
make[2]: Entering directory '/home/abhimanyu/bluerov_ws/build/mavros'
cd /home/abhimanyu/bluerov_ws/build/mavros && /usr/bin/cmake -E cmake_depends "Unix Makefiles" /home/abhimanyu/bluerov_ws/src/mavros/mavros /home/abhimanyu/bluerov_ws/src/mavros/mavros /home/abhimanyu/bluerov_ws/build/mavros /home/abhimanyu/bluerov_ws/build/mavros /home/abhimanyu/bluerov_ws/build/mavros/CMakeFiles/diagnostic_msgs_generate_messages_py.dir/DependInfo.cmake --color=
make[2]: Leaving directory '/home/abhimanyu/bluerov_ws/build/mavros'
/usr/bin/make -f CMakeFiles/diagnostic_msgs_generate_messages_py.dir/build.make CMakeFiles/diagnostic_msgs_generate_messages_py.dir/build
make[2]: Entering directory '/home/abhimanyu/bluerov_ws/build/mavros'
make[2]: Nothing to be done for 'CMakeFiles/diagnostic_msgs_generate_messages_py.dir/build'.
make[2]: Leaving directory '/home/abhimanyu/bluerov_ws/build/mavros'
[  0%] Built target diagnostic_msgs_generate_messages_py
/usr/bin/make -f CMakeFiles/nav_msgs_generate_messages_nodejs.dir/build.make CMakeFiles/nav_msgs_generate_messages_nodejs.dir/depend
make[2]: Entering directory '/home/abhimanyu/bluerov_ws/build/mavros'
cd /home/abhimanyu/bluerov_ws/build/mavros && /usr/bin/cmake -E cmake_depends "Unix Makefiles" /home/abhimanyu/bluerov_ws/src/mavros/mavros /home/abhimanyu/bluerov_ws/src/mavros/mavros /home/abhimanyu/bluerov_ws/build/mavros /home/abhimanyu/bluerov_ws/build/mavros /home/abhimanyu/bluerov_ws/build/mavros/CMakeFiles/nav_msgs_generate_messages_nodejs.dir/DependInfo.cmake --color=
make[2]: Leaving directory '/home/abhimanyu/bluerov_ws/build/mavros'
/usr/bin/make -f CMakeFiles/nav_msgs_generate_messages_nodejs.dir/build.make CMakeFiles/nav_msgs_generate_messages_nodejs.dir/build
make[2]: Entering directory '/home/abhimanyu/bluerov_ws/build/mavros'
make[2]: Nothing to be done for 'CMakeFiles/nav_msgs_generate_messages_nodejs.dir/build'.
make[2]: Leaving directory '/home/abhimanyu/bluerov_ws/build/mavros'
[  0%] Built target nav_msgs_generate_messages_nodejs
/usr/bin/make -f CMakeFiles/sensor_msgs_generate_messages_cpp.dir/build.make CMakeFiles/sensor_msgs_generate_messages_cpp.dir/depend
make[2]: Entering directory '/home/abhimanyu/bluerov_ws/build/mavros'
cd /home/abhimanyu/bluerov_ws/build/mavros && /usr/bin/cmake -E cmake_depends "Unix Makefiles" /home/abhimanyu/bluerov_ws/src/mavros/mavros /home/abhimanyu/bluerov_ws/src/mavros/mavros /home/abhimanyu/bluerov_ws/build/mavros /home/abhimanyu/bluerov_ws/build/mavros /home/abhimanyu/bluerov_ws/build/mavros/CMakeFiles/sensor_msgs_generate_messages_cpp.dir/DependInfo.cmake --color=
make[2]: Leaving directory '/home/abhimanyu/bluerov_ws/build/mavros'
/usr/bin/make -f CMakeFiles/sensor_msgs_generate_messages_cpp.dir/build.make CMakeFiles/sensor_msgs_generate_messages_cpp.dir/build
make[2]: Entering directory '/home/abhimanyu/bluerov_ws/build/mavros'
make[2]: Nothing to be done for 'CMakeFiles/sensor_msgs_generate_messages_cpp.dir/build'.
make[2]: Leaving directory '/home/abhimanyu/bluerov_ws/build/mavros'
[  0%] Built target sensor_msgs_generate_messages_cpp
/usr/bin/make -f CMakeFiles/geographic_msgs_generate_messages_nodejs.dir/build.make CMakeFiles/geographic_msgs_generate_messages_nodejs.dir/depend
make[2]: Entering directory '/home/abhimanyu/bluerov_ws/build/mavros'
cd /home/abhimanyu/bluerov_ws/build/mavros && /usr/bin/cmake -E cmake_depends "Unix Makefiles" /home/abhimanyu/bluerov_ws/src/mavros/mavros /home/abhimanyu/bluerov_ws/src/mavros/mavros /home/abhimanyu/bluerov_ws/build/mavros /home/abhimanyu/bluerov_ws/build/mavros /home/abhimanyu/bluerov_ws/build/mavros/CMakeFiles/geographic_msgs_generate_messages_nodejs.dir/DependInfo.cmake --color=
make[2]: Leaving directory '/home/abhimanyu/bluerov_ws/build/mavros'
/usr/bin/make -f CMakeFiles/geographic_msgs_generate_messages_nodejs.dir/build.make CMakeFiles/geographic_msgs_generate_messages_nodejs.dir/build
make[2]: Entering directory '/home/abhimanyu/bluerov_ws/build/mavros'
make[2]: Nothing to be done for 'CMakeFiles/geographic_msgs_generate_messages_nodejs.dir/build'.
make[2]: Leaving directory '/home/abhimanyu/bluerov_ws/build/mavros'
[  0%] Built target geographic_msgs_generate_messages_nodejs
/usr/bin/make -f CMakeFiles/geographic_msgs_generate_messages_py.dir/build.make CMakeFiles/geographic_msgs_generate_messages_py.dir/depend
make[2]: Entering directory '/home/abhimanyu/bluerov_ws/build/mavros'
cd /home/abhimanyu/bluerov_ws/build/mavros && /usr/bin/cmake -E cmake_depends "Unix Makefiles" /home/abhimanyu/bluerov_ws/src/mavros/mavros /home/abhimanyu/bluerov_ws/src/mavros/mavros /home/abhimanyu/bluerov_ws/build/mavros /home/abhimanyu/bluerov_ws/build/mavros /home/abhimanyu/bluerov_ws/build/mavros/CMakeFiles/geographic_msgs_generate_messages_py.dir/DependInfo.cmake --color=
make[2]: Leaving directory '/home/abhimanyu/bluerov_ws/build/mavros'
/usr/bin/make -f CMakeFiles/geographic_msgs_generate_messages_py.dir/build.make CMakeFiles/geographic_msgs_generate_messages_py.dir/build
make[2]: Entering directory '/home/abhimanyu/bluerov_ws/build/mavros'
make[2]: Nothing to be done for 'CMakeFiles/geographic_msgs_generate_messages_py.dir/build'.
make[2]: Leaving directory '/home/abhimanyu/bluerov_ws/build/mavros'
[  0%] Built target geographic_msgs_generate_messages_py
/usr/bin/make -f CMakeFiles/sensor_msgs_generate_messages_eus.dir/build.make CMakeFiles/sensor_msgs_generate_messages_eus.dir/depend
make[2]: Entering directory '/home/abhimanyu/bluerov_ws/build/mavros'
cd /home/abhimanyu/bluerov_ws/build/mavros && /usr/bin/cmake -E cmake_depends "Unix Makefiles" /home/abhimanyu/bluerov_ws/src/mavros/mavros /home/abhimanyu/bluerov_ws/src/mavros/mavros /home/abhimanyu/bluerov_ws/build/mavros /home/abhimanyu/bluerov_ws/build/mavros /home/abhimanyu/bluerov_ws/build/mavros/CMakeFiles/sensor_msgs_generate_messages_eus.dir/DependInfo.cmake --color=
make[2]: Leaving directory '/home/abhimanyu/bluerov_ws/build/mavros'
/usr/bin/make -f CMakeFiles/sensor_msgs_generate_messages_eus.dir/build.make CMakeFiles/sensor_msgs_generate_messages_eus.dir/build
make[2]: Entering directory '/home/abhimanyu/bluerov_ws/build/mavros'
make[2]: Nothing to be done for 'CMakeFiles/sensor_msgs_generate_messages_eus.dir/build'.
make[2]: Leaving directory '/home/abhimanyu/bluerov_ws/build/mavros'
[  0%] Built target sensor_msgs_generate_messages_eus
/usr/bin/make -f CMakeFiles/sensor_msgs_generate_messages_lisp.dir/build.make CMakeFiles/sensor_msgs_generate_messages_lisp.dir/depend
make[2]: Entering directory '/home/abhimanyu/bluerov_ws/build/mavros'
cd /home/abhimanyu/bluerov_ws/build/mavros && /usr/bin/cmake -E cmake_depends "Unix Makefiles" /home/abhimanyu/bluerov_ws/src/mavros/mavros /home/abhimanyu/bluerov_ws/src/mavros/mavros /home/abhimanyu/bluerov_ws/build/mavros /home/abhimanyu/bluerov_ws/build/mavros /home/abhimanyu/bluerov_ws/build/mavros/CMakeFiles/sensor_msgs_generate_messages_lisp.dir/DependInfo.cmake --color=
make[2]: Leaving directory '/home/abhimanyu/bluerov_ws/build/mavros'
/usr/bin/make -f CMakeFiles/sensor_msgs_generate_messages_lisp.dir/build.make CMakeFiles/sensor_msgs_generate_messages_lisp.dir/build
make[2]: Entering directory '/home/abhimanyu/bluerov_ws/build/mavros'
make[2]: Nothing to be done for 'CMakeFiles/sensor_msgs_generate_messages_lisp.dir/build'.
make[2]: Leaving directory '/home/abhimanyu/bluerov_ws/build/mavros'
[  0%] Built target sensor_msgs_generate_messages_lisp
/usr/bin/make -f CMakeFiles/uuid_msgs_generate_messages_nodejs.dir/build.make CMakeFiles/uuid_msgs_generate_messages_nodejs.dir/depend
make[2]: Entering directory '/home/abhimanyu/bluerov_ws/build/mavros'
cd /home/abhimanyu/bluerov_ws/build/mavros && /usr/bin/cmake -E cmake_depends "Unix Makefiles" /home/abhimanyu/bluerov_ws/src/mavros/mavros /home/abhimanyu/bluerov_ws/src/mavros/mavros /home/abhimanyu/bluerov_ws/build/mavros /home/abhimanyu/bluerov_ws/build/mavros /home/abhimanyu/bluerov_ws/build/mavros/CMakeFiles/uuid_msgs_generate_messages_nodejs.dir/DependInfo.cmake --color=
make[2]: Leaving directory '/home/abhimanyu/bluerov_ws/build/mavros'
/usr/bin/make -f CMakeFiles/uuid_msgs_generate_messages_nodejs.dir/build.make CMakeFiles/uuid_msgs_generate_messages_nodejs.dir/build
make[2]: Entering directory '/home/abhimanyu/bluerov_ws/build/mavros'
make[2]: Nothing to be done for 'CMakeFiles/uuid_msgs_generate_messages_nodejs.dir/build'.
make[2]: Leaving directory '/home/abhimanyu/bluerov_ws/build/mavros'
[  0%] Built target uuid_msgs_generate_messages_nodejs
/usr/bin/make -f CMakeFiles/uuid_msgs_generate_messages_py.dir/build.make CMakeFiles/uuid_msgs_generate_messages_py.dir/depend
make[2]: Entering directory '/home/abhimanyu/bluerov_ws/build/mavros'
cd /home/abhimanyu/bluerov_ws/build/mavros && /usr/bin/cmake -E cmake_depends "Unix Makefiles" /home/abhimanyu/bluerov_ws/src/mavros/mavros /home/abhimanyu/bluerov_ws/src/mavros/mavros /home/abhimanyu/bluerov_ws/build/mavros /home/abhimanyu/bluerov_ws/build/mavros /home/abhimanyu/bluerov_ws/build/mavros/CMakeFiles/uuid_msgs_generate_messages_py.dir/DependInfo.cmake --color=
make[2]: Leaving directory '/home/abhimanyu/bluerov_ws/build/mavros'
/usr/bin/make -f CMakeFiles/uuid_msgs_generate_messages_py.dir/build.make CMakeFiles/uuid_msgs_generate_messages_py.dir/build
make[2]: Entering directory '/home/abhimanyu/bluerov_ws/build/mavros'
make[2]: Nothing to be done for 'CMakeFiles/uuid_msgs_generate_messages_py.dir/build'.
make[2]: Leaving directory '/home/abhimanyu/bluerov_ws/build/mavros'
[  0%] Built target uuid_msgs_generate_messages_py
/usr/bin/make -f CMakeFiles/tf2_msgs_generate_messages_py.dir/build.make CMakeFiles/tf2_msgs_generate_messages_py.dir/depend
make[2]: Entering directory '/home/abhimanyu/bluerov_ws/build/mavros'
cd /home/abhimanyu/bluerov_ws/build/mavros && /usr/bin/cmake -E cmake_depends "Unix Makefiles" /home/abhimanyu/bluerov_ws/src/mavros/mavros /home/abhimanyu/bluerov_ws/src/mavros/mavros /home/abhimanyu/bluerov_ws/build/mavros /home/abhimanyu/bluerov_ws/build/mavros /home/abhimanyu/bluerov_ws/build/mavros/CMakeFiles/tf2_msgs_generate_messages_py.dir/DependInfo.cmake --color=
make[2]: Leaving directory '/home/abhimanyu/bluerov_ws/build/mavros'
/usr/bin/make -f CMakeFiles/tf2_msgs_generate_messages_py.dir/build.make CMakeFiles/tf2_msgs_generate_messages_py.dir/build
make[2]: Entering directory '/home/abhimanyu/bluerov_ws/build/mavros'
make[2]: Nothing to be done for 'CMakeFiles/tf2_msgs_generate_messages_py.dir/build'.
make[2]: Leaving directory '/home/abhimanyu/bluerov_ws/build/mavros'
[  0%] Built target tf2_msgs_generate_messages_py
/usr/bin/make -f CMakeFiles/mavros_msgs_generate_messages_cpp.dir/build.make CMakeFiles/mavros_msgs_generate_messages_cpp.dir/depend
make[2]: Entering directory '/home/abhimanyu/bluerov_ws/build/mavros'
cd /home/abhimanyu/bluerov_ws/build/mavros && /usr/bin/cmake -E cmake_depends "Unix Makefiles" /home/abhimanyu/bluerov_ws/src/mavros/mavros /home/abhimanyu/bluerov_ws/src/mavros/mavros /home/abhimanyu/bluerov_ws/build/mavros /home/abhimanyu/bluerov_ws/build/mavros /home/abhimanyu/bluerov_ws/build/mavros/CMakeFiles/mavros_msgs_generate_messages_cpp.dir/DependInfo.cmake --color=
make[2]: Leaving directory '/home/abhimanyu/bluerov_ws/build/mavros'
/usr/bin/make -f CMakeFiles/mavros_msgs_generate_messages_cpp.dir/build.make CMakeFiles/mavros_msgs_generate_messages_cpp.dir/build
make[2]: Entering directory '/home/abhimanyu/bluerov_ws/build/mavros'
make[2]: Nothing to be done for 'CMakeFiles/mavros_msgs_generate_messages_cpp.dir/build'.
make[2]: Leaving directory '/home/abhimanyu/bluerov_ws/build/mavros'
[  0%] Built target mavros_msgs_generate_messages_cpp
/usr/bin/make -f CMakeFiles/actionlib_msgs_generate_messages_py.dir/build.make CMakeFiles/actionlib_msgs_generate_messages_py.dir/depend
make[2]: Entering directory '/home/abhimanyu/bluerov_ws/build/mavros'
cd /home/abhimanyu/bluerov_ws/build/mavros && /usr/bin/cmake -E cmake_depends "Unix Makefiles" /home/abhimanyu/bluerov_ws/src/mavros/mavros /home/abhimanyu/bluerov_ws/src/mavros/mavros /home/abhimanyu/bluerov_ws/build/mavros /home/abhimanyu/bluerov_ws/build/mavros /home/abhimanyu/bluerov_ws/build/mavros/CMakeFiles/actionlib_msgs_generate_messages_py.dir/DependInfo.cmake --color=
make[2]: Leaving directory '/home/abhimanyu/bluerov_ws/build/mavros'
/usr/bin/make -f CMakeFiles/actionlib_msgs_generate_messages_py.dir/build.make CMakeFiles/actionlib_msgs_generate_messages_py.dir/build
make[2]: Entering directory '/home/abhimanyu/bluerov_ws/build/mavros'
make[2]: Nothing to be done for 'CMakeFiles/actionlib_msgs_generate_messages_py.dir/build'.
make[2]: Leaving directory '/home/abhimanyu/bluerov_ws/build/mavros'
[  0%] Built target actionlib_msgs_generate_messages_py
/usr/bin/make -f CMakeFiles/mavros_msgs_generate_messages_lisp.dir/build.make CMakeFiles/mavros_msgs_generate_messages_lisp.dir/depend
make[2]: Entering directory '/home/abhimanyu/bluerov_ws/build/mavros'
cd /home/abhimanyu/bluerov_ws/build/mavros && /usr/bin/cmake -E cmake_depends "Unix Makefiles" /home/abhimanyu/bluerov_ws/src/mavros/mavros /home/abhimanyu/bluerov_ws/src/mavros/mavros /home/abhimanyu/bluerov_ws/build/mavros /home/abhimanyu/bluerov_ws/build/mavros /home/abhimanyu/bluerov_ws/build/mavros/CMakeFiles/mavros_msgs_generate_messages_lisp.dir/DependInfo.cmake --color=
make[2]: Leaving directory '/home/abhimanyu/bluerov_ws/build/mavros'
/usr/bin/make -f CMakeFiles/mavros_msgs_generate_messages_lisp.dir/build.make CMakeFiles/mavros_msgs_generate_messages_lisp.dir/build
make[2]: Entering directory '/home/abhimanyu/bluerov_ws/build/mavros'
make[2]: Nothing to be done for 'CMakeFiles/mavros_msgs_generate_messages_lisp.dir/build'.
make[2]: Leaving directory '/home/abhimanyu/bluerov_ws/build/mavros'
[  0%] Built target mavros_msgs_generate_messages_lisp
/usr/bin/make -f CMakeFiles/mavros_msgs_generate_messages_nodejs.dir/build.make CMakeFiles/mavros_msgs_generate_messages_nodejs.dir/depend
make[2]: Entering directory '/home/abhimanyu/bluerov_ws/build/mavros'
cd /home/abhimanyu/bluerov_ws/build/mavros && /usr/bin/cmake -E cmake_depends "Unix Makefiles" /home/abhimanyu/bluerov_ws/src/mavros/mavros /home/abhimanyu/bluerov_ws/src/mavros/mavros /home/abhimanyu/bluerov_ws/build/mavros /home/abhimanyu/bluerov_ws/build/mavros /home/abhimanyu/bluerov_ws/build/mavros/CMakeFiles/mavros_msgs_generate_messages_nodejs.dir/DependInfo.cmake --color=
make[2]: Leaving directory '/home/abhimanyu/bluerov_ws/build/mavros'
/usr/bin/make -f CMakeFiles/mavros_msgs_generate_messages_nodejs.dir/build.make CMakeFiles/mavros_msgs_generate_messages_nodejs.dir/build
make[2]: Entering directory '/home/abhimanyu/bluerov_ws/build/mavros'
make[2]: Nothing to be done for 'CMakeFiles/mavros_msgs_generate_messages_nodejs.dir/build'.
make[2]: Leaving directory '/home/abhimanyu/bluerov_ws/build/mavros'
[  0%] Built target mavros_msgs_generate_messages_nodejs
/usr/bin/make -f CMakeFiles/sensor_msgs_generate_messages_nodejs.dir/build.make CMakeFiles/sensor_msgs_generate_messages_nodejs.dir/depend
make[2]: Entering directory '/home/abhimanyu/bluerov_ws/build/mavros'
cd /home/abhimanyu/bluerov_ws/build/mavros && /usr/bin/cmake -E cmake_depends "Unix Makefiles" /home/abhimanyu/bluerov_ws/src/mavros/mavros /home/abhimanyu/bluerov_ws/src/mavros/mavros /home/abhimanyu/bluerov_ws/build/mavros /home/abhimanyu/bluerov_ws/build/mavros /home/abhimanyu/bluerov_ws/build/mavros/CMakeFiles/sensor_msgs_generate_messages_nodejs.dir/DependInfo.cmake --color=
make[2]: Leaving directory '/home/abhimanyu/bluerov_ws/build/mavros'
/usr/bin/make -f CMakeFiles/sensor_msgs_generate_messages_nodejs.dir/build.make CMakeFiles/sensor_msgs_generate_messages_nodejs.dir/build
make[2]: Entering directory '/home/abhimanyu/bluerov_ws/build/mavros'
make[2]: Nothing to be done for 'CMakeFiles/sensor_msgs_generate_messages_nodejs.dir/build'.
make[2]: Leaving directory '/home/abhimanyu/bluerov_ws/build/mavros'
[  0%] Built target sensor_msgs_generate_messages_nodejs
/usr/bin/make -f CMakeFiles/nav_msgs_generate_messages_lisp.dir/build.make CMakeFiles/nav_msgs_generate_messages_lisp.dir/depend
make[2]: Entering directory '/home/abhimanyu/bluerov_ws/build/mavros'
cd /home/abhimanyu/bluerov_ws/build/mavros && /usr/bin/cmake -E cmake_depends "Unix Makefiles" /home/abhimanyu/bluerov_ws/src/mavros/mavros /home/abhimanyu/bluerov_ws/src/mavros/mavros /home/abhimanyu/bluerov_ws/build/mavros /home/abhimanyu/bluerov_ws/build/mavros /home/abhimanyu/bluerov_ws/build/mavros/CMakeFiles/nav_msgs_generate_messages_lisp.dir/DependInfo.cmake --color=
make[2]: Leaving directory '/home/abhimanyu/bluerov_ws/build/mavros'
/usr/bin/make -f CMakeFiles/nav_msgs_generate_messages_lisp.dir/build.make CMakeFiles/nav_msgs_generate_messages_lisp.dir/build
make[2]: Entering directory '/home/abhimanyu/bluerov_ws/build/mavros'
make[2]: Nothing to be done for 'CMakeFiles/nav_msgs_generate_messages_lisp.dir/build'.
make[2]: Leaving directory '/home/abhimanyu/bluerov_ws/build/mavros'
[  0%] Built target nav_msgs_generate_messages_lisp
/usr/bin/make -f CMakeFiles/actionlib_msgs_generate_messages_cpp.dir/build.make CMakeFiles/actionlib_msgs_generate_messages_cpp.dir/depend
make[2]: Entering directory '/home/abhimanyu/bluerov_ws/build/mavros'
cd /home/abhimanyu/bluerov_ws/build/mavros && /usr/bin/cmake -E cmake_depends "Unix Makefiles" /home/abhimanyu/bluerov_ws/src/mavros/mavros /home/abhimanyu/bluerov_ws/src/mavros/mavros /home/abhimanyu/bluerov_ws/build/mavros /home/abhimanyu/bluerov_ws/build/mavros /home/abhimanyu/bluerov_ws/build/mavros/CMakeFiles/actionlib_msgs_generate_messages_cpp.dir/DependInfo.cmake --color=
make[2]: Leaving directory '/home/abhimanyu/bluerov_ws/build/mavros'
/usr/bin/make -f CMakeFiles/actionlib_msgs_generate_messages_cpp.dir/build.make CMakeFiles/actionlib_msgs_generate_messages_cpp.dir/build
make[2]: Entering directory '/home/abhimanyu/bluerov_ws/build/mavros'
make[2]: Nothing to be done for 'CMakeFiles/actionlib_msgs_generate_messages_cpp.dir/build'.
make[2]: Leaving directory '/home/abhimanyu/bluerov_ws/build/mavros'
[  0%] Built target actionlib_msgs_generate_messages_cpp
/usr/bin/make -f CMakeFiles/actionlib_msgs_generate_messages_lisp.dir/build.make CMakeFiles/actionlib_msgs_generate_messages_lisp.dir/depend
make[2]: Entering directory '/home/abhimanyu/bluerov_ws/build/mavros'
cd /home/abhimanyu/bluerov_ws/build/mavros && /usr/bin/cmake -E cmake_depends "Unix Makefiles" /home/abhimanyu/bluerov_ws/src/mavros/mavros /home/abhimanyu/bluerov_ws/src/mavros/mavros /home/abhimanyu/bluerov_ws/build/mavros /home/abhimanyu/bluerov_ws/build/mavros /home/abhimanyu/bluerov_ws/build/mavros/CMakeFiles/actionlib_msgs_generate_messages_lisp.dir/DependInfo.cmake --color=
make[2]: Leaving directory '/home/abhimanyu/bluerov_ws/build/mavros'
/usr/bin/make -f CMakeFiles/actionlib_msgs_generate_messages_lisp.dir/build.make CMakeFiles/actionlib_msgs_generate_messages_lisp.dir/build
make[2]: Entering directory '/home/abhimanyu/bluerov_ws/build/mavros'
make[2]: Nothing to be done for 'CMakeFiles/actionlib_msgs_generate_messages_lisp.dir/build'.
make[2]: Leaving directory '/home/abhimanyu/bluerov_ws/build/mavros'
[  0%] Built target actionlib_msgs_generate_messages_lisp
/usr/bin/make -f CMakeFiles/std_msgs_generate_messages_eus.dir/build.make CMakeFiles/std_msgs_generate_messages_eus.dir/depend
make[2]: Entering directory '/home/abhimanyu/bluerov_ws/build/mavros'
cd /home/abhimanyu/bluerov_ws/build/mavros && /usr/bin/cmake -E cmake_depends "Unix Makefiles" /home/abhimanyu/bluerov_ws/src/mavros/mavros /home/abhimanyu/bluerov_ws/src/mavros/mavros /home/abhimanyu/bluerov_ws/build/mavros /home/abhimanyu/bluerov_ws/build/mavros /home/abhimanyu/bluerov_ws/build/mavros/CMakeFiles/std_msgs_generate_messages_eus.dir/DependInfo.cmake --color=
make[2]: Leaving directory '/home/abhimanyu/bluerov_ws/build/mavros'
/usr/bin/make -f CMakeFiles/std_msgs_generate_messages_eus.dir/build.make CMakeFiles/std_msgs_generate_messages_eus.dir/build
make[2]: Entering directory '/home/abhimanyu/bluerov_ws/build/mavros'
make[2]: Nothing to be done for 'CMakeFiles/std_msgs_generate_messages_eus.dir/build'.
make[2]: Leaving directory '/home/abhimanyu/bluerov_ws/build/mavros'
[  0%] Built target std_msgs_generate_messages_eus
/usr/bin/make -f CMakeFiles/mavros.dir/build.make CMakeFiles/mavros.dir/depend
make[2]: Entering directory '/home/abhimanyu/bluerov_ws/build/mavros'
cd /home/abhimanyu/bluerov_ws/build/mavros && /usr/bin/cmake -E cmake_depends "Unix Makefiles" /home/abhimanyu/bluerov_ws/src/mavros/mavros /home/abhimanyu/bluerov_ws/src/mavros/mavros /home/abhimanyu/bluerov_ws/build/mavros /home/abhimanyu/bluerov_ws/build/mavros /home/abhimanyu/bluerov_ws/build/mavros/CMakeFiles/mavros.dir/DependInfo.cmake --color=
make[2]: Leaving directory '/home/abhimanyu/bluerov_ws/build/mavros'
/usr/bin/make -f CMakeFiles/mavros.dir/build.make CMakeFiles/mavros.dir/build
make[2]: Entering directory '/home/abhimanyu/bluerov_ws/build/mavros'
make[2]: Nothing to be done for 'CMakeFiles/mavros.dir/build'.
make[2]: Leaving directory '/home/abhimanyu/bluerov_ws/build/mavros'
[ 23%] Built target mavros
/usr/bin/make -f CMakeFiles/gcs_bridge.dir/build.make CMakeFiles/gcs_bridge.dir/depend
make[2]: Entering directory '/home/abhimanyu/bluerov_ws/build/mavros'
cd /home/abhimanyu/bluerov_ws/build/mavros && /usr/bin/cmake -E cmake_depends "Unix Makefiles" /home/abhimanyu/bluerov_ws/src/mavros/mavros /home/abhimanyu/bluerov_ws/src/mavros/mavros /home/abhimanyu/bluerov_ws/build/mavros /home/abhimanyu/bluerov_ws/build/mavros /home/abhimanyu/bluerov_ws/build/mavros/CMakeFiles/gcs_bridge.dir/DependInfo.cmake --color=
make[2]: Leaving directory '/home/abhimanyu/bluerov_ws/build/mavros'
/usr/bin/make -f CMakeFiles/gcs_bridge.dir/build.make CMakeFiles/gcs_bridge.dir/build
make[2]: Entering directory '/home/abhimanyu/bluerov_ws/build/mavros'
make[2]: Nothing to be done for 'CMakeFiles/gcs_bridge.dir/build'.
make[2]: Leaving directory '/home/abhimanyu/bluerov_ws/build/mavros'
[ 28%] Built target gcs_bridge
/usr/bin/make -f CMakeFiles/mavros_plugins.dir/build.make CMakeFiles/mavros_plugins.dir/depend
make[2]: Entering directory '/home/abhimanyu/bluerov_ws/build/mavros'
cd /home/abhimanyu/bluerov_ws/build/mavros && /usr/bin/cmake -E cmake_depends "Unix Makefiles" /home/abhimanyu/bluerov_ws/src/mavros/mavros /home/abhimanyu/bluerov_ws/src/mavros/mavros /home/abhimanyu/bluerov_ws/build/mavros /home/abhimanyu/bluerov_ws/build/mavros /home/abhimanyu/bluerov_ws/build/mavros/CMakeFiles/mavros_plugins.dir/DependInfo.cmake --color=
make[2]: Leaving directory '/home/abhimanyu/bluerov_ws/build/mavros'
/usr/bin/make -f CMakeFiles/mavros_plugins.dir/build.make CMakeFiles/mavros_plugins.dir/build
make[2]: Entering directory '/home/abhimanyu/bluerov_ws/build/mavros'
make[2]: Nothing to be done for 'CMakeFiles/mavros_plugins.dir/build'.
make[2]: Leaving directory '/home/abhimanyu/bluerov_ws/build/mavros'
[ 95%] Built target mavros_plugins
/usr/bin/make -f CMakeFiles/mavros_node.dir/build.make CMakeFiles/mavros_node.dir/depend
make[2]: Entering directory '/home/abhimanyu/bluerov_ws/build/mavros'
cd /home/abhimanyu/bluerov_ws/build/mavros && /usr/bin/cmake -E cmake_depends "Unix Makefiles" /home/abhimanyu/bluerov_ws/src/mavros/mavros /home/abhimanyu/bluerov_ws/src/mavros/mavros /home/abhimanyu/bluerov_ws/build/mavros /home/abhimanyu/bluerov_ws/build/mavros /home/abhimanyu/bluerov_ws/build/mavros/CMakeFiles/mavros_node.dir/DependInfo.cmake --color=
make[2]: Leaving directory '/home/abhimanyu/bluerov_ws/build/mavros'
/usr/bin/make -f CMakeFiles/mavros_node.dir/build.make CMakeFiles/mavros_node.dir/build
make[2]: Entering directory '/home/abhimanyu/bluerov_ws/build/mavros'
make[2]: Nothing to be done for 'CMakeFiles/mavros_node.dir/build'.
make[2]: Leaving directory '/home/abhimanyu/bluerov_ws/build/mavros'
[100%] Built target mavros_node
make[1]: Leaving directory '/home/abhimanyu/bluerov_ws/build/mavros'
/usr/bin/cmake -E cmake_progress_start /home/abhimanyu/bluerov_ws/build/mavros/CMakeFiles 0
