[35m[1mScanning dependencies of target paparazzi.xml-v2.0[0m
[35m[1mScanning dependencies of target matrixpilot.xml-v2.0[0m
[35m[1mScanning dependencies of target standard.xml-v2.0[0m
[ 13%] [34m[1mGenerating standard-v2.0-cxx-stamp[0m
[ 13%] [34m[1mGenerating matrixpilot-v2.0-cxx-stamp[0m
[ 13%] [34m[1mGenerating paparazzi-v2.0-cxx-stamp[0m
WARNING: Failed to import lxml module etree. Are lxml, libxml2 and libxslt installed? XML validation will not be performed
Validation skipped for /home/abhimanyu/bluerov_ws/src/mavlink/message_definitions/v1.0/standard.xml.
Parsing /home/abhimanyu/bluerov_ws/src/mavlink/message_definitions/v1.0/standard.xml
Validation skipped for /home/abhimanyu/bluerov_ws/src/mavlink/message_definitions/v1.0/common.xml.
Parsing /home/abhimanyu/bluerov_ws/src/mavlink/message_definitions/v1.0/common.xml
WARNING: Failed to import lxml module etree. Are lxml, libxml2 and libxslt installed? XML validation will not be performed
Validation skipped for /home/abhimanyu/bluerov_ws/src/mavlink/message_definitions/v1.0/matrixpilot.xml.
Parsing /home/abhimanyu/bluerov_ws/src/mavlink/message_definitions/v1.0/matrixpilot.xml
WARNING: Failed to import lxml module etree. Are lxml, libxml2 and libxslt installed? XML validation will not be performed
Validation skipped for /home/abhimanyu/bluerov_ws/src/mavlink/message_definitions/v1.0/paparazzi.xml.
Parsing /home/abhimanyu/bluerov_ws/src/mavlink/message_definitions/v1.0/paparazzi.xml
Validation skipped for /home/abhimanyu/bluerov_ws/src/mavlink/message_definitions/v1.0/common.xml.
Parsing /home/abhimanyu/bluerov_ws/src/mavlink/message_definitions/v1.0/common.xml
Validation skipped for /home/abhimanyu/bluerov_ws/src/mavlink/message_definitions/v1.0/common.xml.
Parsing /home/abhimanyu/bluerov_ws/src/mavlink/message_definitions/v1.0/common.xml
Validation skipped for /home/abhimanyu/bluerov_ws/src/mavlink/message_definitions/v1.0/minimal.xml.
Parsing /home/abhimanyu/bluerov_ws/src/mavlink/message_definitions/v1.0/minimal.xml
Found 215 MAVLink message types in 3 XML files
Validation skipped for /home/abhimanyu/bluerov_ws/src/mavlink/message_definitions/v1.0/minimal.xml.
Parsing /home/abhimanyu/bluerov_ws/src/mavlink/message_definitions/v1.0/minimal.xml
Generating C headers
Merged enum MAV_CMD
Generating C implementation in directory include/v2.0/standard
Generating C implementation in directory include/v2.0/common
Validation skipped for /home/abhimanyu/bluerov_ws/src/mavlink/message_definitions/v1.0/minimal.xml.
Parsing /home/abhimanyu/bluerov_ws/src/mavlink/message_definitions/v1.0/minimal.xml
Found 242 MAVLink message types in 3 XML files
Generating C headers
Generating C implementation in directory include/v2.0/matrixpilot
Found 220 MAVLink message types in 3 XML files
Generating C headers
Generating C implementation in directory include/v2.0/paparazzi
Generating C implementation in directory include/v2.0/common
Generating C implementation in directory include/v2.0/common
Generating C implementation in directory include/v2.0/minimal
Copying fixed headers for protocol 2.0 to include/v2.0
Generating C++ implementation in directory include/v2.0/paparazzi
Generating C++ implementation in directory include/v2.0/common
Generating C implementation in directory include/v2.0/minimal
Copying fixed headers for protocol 2.0 to include/v2.0
Generating C++ implementation in directory include/v2.0/standard
Generating C++ implementation in directory include/v2.0/common
Generating C implementation in directory include/v2.0/minimal
Copying fixed headers for protocol 2.0 to include/v2.0
Generating C++ implementation in directory include/v2.0/matrixpilot
Generating C++ implementation in directory include/v2.0/common
Generating C++ implementation in directory include/v2.0/minimal
Copying fixed C++ headers for protocol 2.0 to include/v2.0
Generating C++ implementation in directory include/v2.0/minimal
[ 13%] Built target paparazzi.xml-v2.0
Copying fixed C++ headers for protocol 2.0 to include/v2.0
[35m[1mScanning dependencies of target icarous.xml-v2.0[0m
[ 18%] [34m[1mGenerating icarous-v2.0-cxx-stamp[0m
[ 18%] Built target standard.xml-v2.0
[35m[1mScanning dependencies of target development.xml-v2.0[0m
[ 22%] [34m[1mGenerating development-v2.0-cxx-stamp[0m
WARNING: Failed to import lxml module etree. Are lxml, libxml2 and libxslt installed? XML validation will not be performed
Validation skipped for /home/abhimanyu/bluerov_ws/src/mavlink/message_definitions/v1.0/icarous.xml.
Parsing /home/abhimanyu/bluerov_ws/src/mavlink/message_definitions/v1.0/icarous.xml
Found 2 MAVLink message types in 1 XML files
Generating C headers
Generating C implementation in directory include/v2.0/icarous
Copying fixed headers for protocol 2.0 to include/v2.0
Generating C++ implementation in directory include/v2.0/icarous
Copying fixed C++ headers for protocol 2.0 to include/v2.0
Generating C++ implementation in directory include/v2.0/minimal
Copying fixed C++ headers for protocol 2.0 to include/v2.0
WARNING: Failed to import lxml module etree. Are lxml, libxml2 and libxslt installed? XML validation will not be performed
Validation skipped for /home/abhimanyu/bluerov_ws/src/mavlink/message_definitions/v1.0/development.xml.
Parsing /home/abhimanyu/bluerov_ws/src/mavlink/message_definitions/v1.0/development.xml
Validation skipped for /home/abhimanyu/bluerov_ws/src/mavlink/message_definitions/v1.0/standard.xml.
Parsing /home/abhimanyu/bluerov_ws/src/mavlink/message_definitions/v1.0/standard.xml
Validation skipped for /home/abhimanyu/bluerov_ws/src/mavlink/message_definitions/v1.0/common.xml.
Parsing /home/abhimanyu/bluerov_ws/src/mavlink/message_definitions/v1.0/common.xml
[ 22%] Built target icarous.xml-v2.0
[35m[1mScanning dependencies of target all.xml-v2.0[0m
[ 22%] Built target matrixpilot.xml-v2.0
[ 27%] [34m[1mGenerating all-v2.0-cxx-stamp[0m
[35m[1mScanning dependencies of target ardupilotmega.xml-v2.0[0m
[ 31%] [34m[1mGenerating ardupilotmega-v2.0-cxx-stamp[0m
WARNING: Failed to import lxml module etree. Are lxml, libxml2 and libxslt installed? XML validation will not be performed
Validation skipped for /home/abhimanyu/bluerov_ws/src/mavlink/message_definitions/v1.0/all.xml.
Parsing /home/abhimanyu/bluerov_ws/src/mavlink/message_definitions/v1.0/all.xml
Validation skipped for /home/abhimanyu/bluerov_ws/src/mavlink/message_definitions/v1.0/ardupilotmega.xml.
Parsing /home/abhimanyu/bluerov_ws/src/mavlink/message_definitions/v1.0/ardupilotmega.xml
WARNING: Failed to import lxml module etree. Are lxml, libxml2 and libxslt installed? XML validation will not be performed
Validation skipped for /home/abhimanyu/bluerov_ws/src/mavlink/message_definitions/v1.0/ardupilotmega.xml.
Parsing /home/abhimanyu/bluerov_ws/src/mavlink/message_definitions/v1.0/ardupilotmega.xml
Validation skipped for /home/abhimanyu/bluerov_ws/src/mavlink/message_definitions/v1.0/minimal.xml.
Parsing /home/abhimanyu/bluerov_ws/src/mavlink/message_definitions/v1.0/minimal.xml
Merged enum MAV_CMD
Merged enum MAV_CMD
Validation skipped for /home/abhimanyu/bluerov_ws/src/mavlink/message_definitions/v1.0/ASLUAV.xml.
Parsing /home/abhimanyu/bluerov_ws/src/mavlink/message_definitions/v1.0/ASLUAV.xml
Found 223 MAVLink message types in 4 XML files
Validation skipped for /home/abhimanyu/bluerov_ws/src/mavlink/message_definitions/v1.0/common.xml.
Parsing /home/abhimanyu/bluerov_ws/src/mavlink/message_definitions/v1.0/common.xml
Generating C headers
Generating C implementation in directory include/v2.0/development
Validation skipped for /home/abhimanyu/bluerov_ws/src/mavlink/message_definitions/v1.0/common.xml.
Parsing /home/abhimanyu/bluerov_ws/src/mavlink/message_definitions/v1.0/common.xml
Generating C implementation in directory include/v2.0/standard
Generating C implementation in directory include/v2.0/common
Validation skipped for /home/abhimanyu/bluerov_ws/src/mavlink/message_definitions/v1.0/development.xml.
Parsing /home/abhimanyu/bluerov_ws/src/mavlink/message_definitions/v1.0/development.xml
Validation skipped for /home/abhimanyu/bluerov_ws/src/mavlink/message_definitions/v1.0/icarous.xml.
Parsing /home/abhimanyu/bluerov_ws/src/mavlink/message_definitions/v1.0/icarous.xml
Validation skipped for /home/abhimanyu/bluerov_ws/src/mavlink/message_definitions/v1.0/minimal.xml.
Parsing /home/abhimanyu/bluerov_ws/src/mavlink/message_definitions/v1.0/minimal.xml
Validation skipped for /home/abhimanyu/bluerov_ws/src/mavlink/message_definitions/v1.0/python_array_test.xml.
Parsing /home/abhimanyu/bluerov_ws/src/mavlink/message_definitions/v1.0/python_array_test.xml
Validation skipped for /home/abhimanyu/bluerov_ws/src/mavlink/message_definitions/v1.0/uAvionix.xml.
Parsing /home/abhimanyu/bluerov_ws/src/mavlink/message_definitions/v1.0/uAvionix.xml
Validation skipped for /home/abhimanyu/bluerov_ws/src/mavlink/message_definitions/v1.0/standard.xml.
Parsing /home/abhimanyu/bluerov_ws/src/mavlink/message_definitions/v1.0/standard.xml
Validation skipped for /home/abhimanyu/bluerov_ws/src/mavlink/message_definitions/v1.0/test.xml.
Parsing /home/abhimanyu/bluerov_ws/src/mavlink/message_definitions/v1.0/test.xml
Validation skipped for /home/abhimanyu/bluerov_ws/src/mavlink/message_definitions/v1.0/icarous.xml.
Parsing /home/abhimanyu/bluerov_ws/src/mavlink/message_definitions/v1.0/icarous.xml
Validation skipped for /home/abhimanyu/bluerov_ws/src/mavlink/message_definitions/v1.0/ualberta.xml.
Parsing /home/abhimanyu/bluerov_ws/src/mavlink/message_definitions/v1.0/ualberta.xml
Validation skipped for /home/abhimanyu/bluerov_ws/src/mavlink/message_definitions/v1.0/minimal.xml.
Parsing /home/abhimanyu/bluerov_ws/src/mavlink/message_definitions/v1.0/minimal.xml
Validation skipped for /home/abhimanyu/bluerov_ws/src/mavlink/message_definitions/v1.0/uAvionix.xml.
Parsing /home/abhimanyu/bluerov_ws/src/mavlink/message_definitions/v1.0/uAvionix.xml
Validation skipped for /home/abhimanyu/bluerov_ws/src/mavlink/external/dialects/storm32.xml.
Parsing /home/abhimanyu/bluerov_ws/src/mavlink/external/dialects/storm32.xml
Merged enum MAV_CMD
Validation skipped for /home/abhimanyu/bluerov_ws/src/mavlink/external/dialects/AVSSUAS.xml.
Parsing /home/abhimanyu/bluerov_ws/src/mavlink/external/dialects/AVSSUAS.xml
Merged enum MAV_CMD
Merged enum MAV_CMD
Merged enum MAV_CMD
Merged enum MAV_CMD
Merged enum MAV_CMD
Merged enum MAV_CMD
Found 285 MAVLink message types in 5 XML files
Generating C headers
Generating C implementation in directory include/v2.0/ardupilotmega
Found 333 MAVLink message types in 14 XML files
Generating C headers
Generating C implementation in directory include/v2.0/all
Generating C implementation in directory include/v2.0/ardupilotmega
Generating C implementation in directory include/v2.0/common
Generating C implementation in directory include/v2.0/ASLUAV
Generating C implementation in directory include/v2.0/common
Generating C implementation in directory include/v2.0/minimal
Copying fixed headers for protocol 2.0 to include/v2.0
Generating C++ implementation in directory include/v2.0/development
Generating C++ implementation in directory include/v2.0/standard
Generating C++ implementation in directory include/v2.0/common
Generating C++ implementation in directory include/v2.0/minimal
Copying fixed C++ headers for protocol 2.0 to include/v2.0
[ 31%] Built target development.xml-v2.0
[35m[1mScanning dependencies of target ualberta.xml-v2.0[0m
[ 36%] [34m[1mGenerating ualberta-v2.0-cxx-stamp[0m
Generating C implementation in directory include/v2.0/uAvionix
Generating C implementation in directory include/v2.0/icarous
WARNING: Failed to import lxml module etree. Are lxml, libxml2 and libxslt installed? XML validation will not be performed
Validation skipped for /home/abhimanyu/bluerov_ws/src/mavlink/message_definitions/v1.0/ualberta.xml.
Parsing /home/abhimanyu/bluerov_ws/src/mavlink/message_definitions/v1.0/ualberta.xml
Validation skipped for /home/abhimanyu/bluerov_ws/src/mavlink/message_definitions/v1.0/common.xml.
Parsing /home/abhimanyu/bluerov_ws/src/mavlink/message_definitions/v1.0/common.xml
Generating C implementation in directory include/v2.0/minimal
Generating C implementation in directory include/v2.0/development
Copying fixed headers for protocol 2.0 to include/v2.0
Generating C++ implementation in directory include/v2.0/ardupilotmega
Generating C implementation in directory include/v2.0/icarous
Generating C implementation in directory include/v2.0/minimal
Generating C implementation in directory include/v2.0/python_array_test
Generating C implementation in directory include/v2.0/standard
Generating C implementation in directory include/v2.0/test
Generating C implementation in directory include/v2.0/ualberta
Generating C++ implementation in directory include/v2.0/common
Generating C implementation in directory include/v2.0/uAvionix
Generating C implementation in directory include/v2.0/storm32
Generating C implementation in directory include/v2.0/AVSSUAS
Copying fixed headers for protocol 2.0 to include/v2.0
Validation skipped for /home/abhimanyu/bluerov_ws/src/mavlink/message_definitions/v1.0/minimal.xml.
Parsing /home/abhimanyu/bluerov_ws/src/mavlink/message_definitions/v1.0/minimal.xml
Generating C++ implementation in directory include/v2.0/all
Generating C++ implementation in directory include/v2.0/ardupilotmega
Found 218 MAVLink message types in 3 XML files
Generating C headers
Generating C implementation in directory include/v2.0/ualberta
Generating C implementation in directory include/v2.0/common
Generating C++ implementation in directory include/v2.0/ASLUAV
Generating C++ implementation in directory include/v2.0/common
Generating C++ implementation in directory include/v2.0/uAvionix
Generating C++ implementation in directory include/v2.0/icarous
Generating C++ implementation in directory include/v2.0/minimal
Copying fixed C++ headers for protocol 2.0 to include/v2.0
[ 36%] Built target ardupilotmega.xml-v2.0
[35m[1mScanning dependencies of target uAvionix.xml-v2.0[0m
[ 40%] [34m[1mGenerating uAvionix-v2.0-cxx-stamp[0m
Generating C++ implementation in directory include/v2.0/development
Generating C++ implementation in directory include/v2.0/icarous
Generating C++ implementation in directory include/v2.0/minimal
WARNING: Failed to import lxml module etree. Are lxml, libxml2 and libxslt installed? XML validation will not be performed
Validation skipped for /home/abhimanyu/bluerov_ws/src/mavlink/message_definitions/v1.0/uAvionix.xml.
Parsing /home/abhimanyu/bluerov_ws/src/mavlink/message_definitions/v1.0/uAvionix.xml
Generating C++ implementation in directory include/v2.0/python_array_test
Validation skipped for /home/abhimanyu/bluerov_ws/src/mavlink/message_definitions/v1.0/common.xml.
Parsing /home/abhimanyu/bluerov_ws/src/mavlink/message_definitions/v1.0/common.xml
Generating C++ implementation in directory include/v2.0/standard
Generating C++ implementation in directory include/v2.0/test
Generating C++ implementation in directory include/v2.0/ualberta
Generating C++ implementation in directory include/v2.0/uAvionix
Generating C++ implementation in directory include/v2.0/storm32
Generating C++ implementation in directory include/v2.0/AVSSUAS
Copying fixed C++ headers for protocol 2.0 to include/v2.0
[ 40%] Built target all.xml-v2.0
[35m[1mScanning dependencies of target ASLUAV.xml-v2.0[0m
[ 45%] [34m[1mGenerating ASLUAV-v2.0-cxx-stamp[0m
Validation skipped for /home/abhimanyu/bluerov_ws/src/mavlink/message_definitions/v1.0/minimal.xml.
Parsing /home/abhimanyu/bluerov_ws/src/mavlink/message_definitions/v1.0/minimal.xml
Found 218 MAVLink message types in 3 XML files
Generating C headers
Generating C implementation in directory include/v2.0/uAvionix
WARNING: Failed to import lxml module etree. Are lxml, libxml2 and libxslt installed? XML validation will not be performed
Validation skipped for /home/abhimanyu/bluerov_ws/src/mavlink/message_definitions/v1.0/ASLUAV.xml.
Parsing /home/abhimanyu/bluerov_ws/src/mavlink/message_definitions/v1.0/ASLUAV.xml
Generating C implementation in directory include/v2.0/common
Validation skipped for /home/abhimanyu/bluerov_ws/src/mavlink/message_definitions/v1.0/common.xml.
Parsing /home/abhimanyu/bluerov_ws/src/mavlink/message_definitions/v1.0/common.xml
Validation skipped for /home/abhimanyu/bluerov_ws/src/mavlink/message_definitions/v1.0/minimal.xml.
Parsing /home/abhimanyu/bluerov_ws/src/mavlink/message_definitions/v1.0/minimal.xml
Merged enum MAV_CMD
Found 232 MAVLink message types in 3 XML files
Generating C headers
Generating C implementation in directory include/v2.0/ASLUAV
Generating C implementation in directory include/v2.0/common
Generating C implementation in directory include/v2.0/minimal
Copying fixed headers for protocol 2.0 to include/v2.0
Generating C++ implementation in directory include/v2.0/ualberta
Generating C++ implementation in directory include/v2.0/common
Generating C++ implementation in directory include/v2.0/minimal
Copying fixed C++ headers for protocol 2.0 to include/v2.0
[ 45%] Built target ualberta.xml-v2.0
[35m[1mScanning dependencies of target ASLUAV.xml-v1.0[0m
[ 50%] [34m[1mGenerating include/v1.0/ASLUAV/ASLUAV.h[0m
WARNING: Failed to import lxml module etree. Are lxml, libxml2 and libxslt installed? XML validation will not be performed
Validation skipped for /home/abhimanyu/bluerov_ws/src/mavlink/message_definitions/v1.0/ASLUAV.xml.
Parsing /home/abhimanyu/bluerov_ws/src/mavlink/message_definitions/v1.0/ASLUAV.xml
Ignoring MAVLink2 message SENS_POWER
Ignoring MAVLink2 message SENS_MPPT
Ignoring MAVLink2 message ASLCTRL_DATA
Ignoring MAVLink2 message ASLCTRL_DEBUG
Ignoring MAVLink2 message ASLUAV_STATUS
Ignoring MAVLink2 message EKF_EXT
Ignoring MAVLink2 message ASL_OBCTRL
Ignoring MAVLink2 message SENS_ATMOS
Ignoring MAVLink2 message SENS_BATMON
Ignoring MAVLink2 message FW_SOARING_DATA
Ignoring MAVLink2 message SENSORPOD_STATUS
Ignoring MAVLink2 message SENS_POWER_BOARD
Ignoring MAVLink2 message GSM_LINK_STATUS
Ignoring MAVLink2 message SATCOM_LINK_STATUS
Ignoring MAVLink2 message SENSOR_AIRFLOW_ANGLES
Validation skipped for /home/abhimanyu/bluerov_ws/src/mavlink/message_definitions/v1.0/common.xml.
Parsing /home/abhimanyu/bluerov_ws/src/mavlink/message_definitions/v1.0/common.xml
Ignoring MAVLink2 message SETUP_SIGNING
Ignoring MAVLink2 message BUTTON_CHANGE
Ignoring MAVLink2 message PLAY_TUNE
Ignoring MAVLink2 message CAMERA_INFORMATION
Ignoring MAVLink2 message CAMERA_SETTINGS
Ignoring MAVLink2 message STORAGE_INFORMATION
Ignoring MAVLink2 message CAMERA_CAPTURE_STATUS
Ignoring MAVLink2 message CAMERA_IMAGE_CAPTURED
Ignoring MAVLink2 message FLIGHT_INFORMATION
Ignoring MAVLink2 message MOUNT_ORIENTATION
Ignoring MAVLink2 message LOGGING_DATA
Ignoring MAVLink2 message LOGGING_DATA_ACKED
Ignoring MAVLink2 message LOGGING_ACK
Ignoring MAVLink2 message VIDEO_STREAM_INFORMATION
Ignoring MAVLink2 message VIDEO_STREAM_STATUS
Ignoring MAVLink2 message CAMERA_FOV_STATUS
Ignoring MAVLink2 message CAMERA_TRACKING_IMAGE_STATUS
Ignoring MAVLink2 message CAMERA_TRACKING_GEO_STATUS
Ignoring MAVLink2 message GIMBAL_MANAGER_INFORMATION
Ignoring MAVLink2 message GIMBAL_MANAGER_STATUS
Ignoring MAVLink2 message GIMBAL_MANAGER_SET_ATTITUDE
Ignoring MAVLink2 message GIMBAL_DEVICE_INFORMATION
Ignoring MAVLink2 message GIMBAL_DEVICE_SET_ATTITUDE
Ignoring MAVLink2 message GIMBAL_DEVICE_ATTITUDE_STATUS
Ignoring MAVLink2 message AUTOPILOT_STATE_FOR_GIMBAL_DEVICE
Ignoring MAVLink2 message GIMBAL_MANAGER_SET_PITCHYAW
Ignoring MAVLink2 message GIMBAL_MANAGER_SET_MANUAL_CONTROL
Ignoring MAVLink2 message ESC_INFO
Ignoring MAVLink2 message ESC_STATUS
Ignoring MAVLink2 message WIFI_CONFIG_AP
Ignoring MAVLink2 message AIS_VESSEL
Ignoring MAVLink2 message UAVCAN_NODE_STATUS
Ignoring MAVLink2 message UAVCAN_NODE_INFO
Ignoring MAVLink2 message PARAM_EXT_REQUEST_READ
Ignoring MAVLink2 message PARAM_EXT_REQUEST_LIST
Ignoring MAVLink2 message PARAM_EXT_VALUE
Ignoring MAVLink2 message PARAM_EXT_SET
Ignoring MAVLink2 message PARAM_EXT_ACK
Ignoring MAVLink2 message OBSTACLE_DISTANCE
Ignoring MAVLink2 message ODOMETRY
Generating C implementation in directory include/v2.0/minimal
Ignoring MAVLink2 message TRAJECTORY_REPRESENTATION_WAYPOINTS
Ignoring MAVLink2 message TRAJECTORY_REPRESENTATION_BEZIER
Ignoring MAVLink2 message CELLULAR_STATUS
Ignoring MAVLink2 message ISBD_LINK_STATUS
Ignoring MAVLink2 message CELLULAR_CONFIG
Ignoring MAVLink2 message RAW_RPM
Ignoring MAVLink2 message UTM_GLOBAL_POSITION
Ignoring MAVLink2 message DEBUG_FLOAT_ARRAY
Ignoring MAVLink2 message ORBIT_EXECUTION_STATUS
Ignoring MAVLink2 message SMART_BATTERY_INFO
Ignoring MAVLink2 message GENERATOR_STATUS
Ignoring MAVLink2 message ACTUATOR_OUTPUT_STATUS
Ignoring MAVLink2 message TIME_ESTIMATE_TO_TARGET
Ignoring MAVLink2 message TUNNEL
Ignoring MAVLink2 message ONBOARD_COMPUTER_STATUS
Ignoring MAVLink2 message COMPONENT_INFORMATION
Ignoring MAVLink2 message PLAY_TUNE_V2
Ignoring MAVLink2 message SUPPORTED_TUNES
Ignoring MAVLink2 message EVENT
Ignoring MAVLink2 message CURRENT_EVENT_SEQUENCE
Ignoring MAVLink2 message REQUEST_EVENT
Ignoring MAVLink2 message RESPONSE_EVENT_ERROR
Ignoring MAVLink2 message WHEEL_DISTANCE
Ignoring MAVLink2 message WINCH_STATUS
Ignoring MAVLink2 message OPEN_DRONE_ID_BASIC_ID
Ignoring MAVLink2 message OPEN_DRONE_ID_LOCATION
Ignoring MAVLink2 message OPEN_DRONE_ID_AUTHENTICATION
Ignoring MAVLink2 message OPEN_DRONE_ID_SELF_ID
Ignoring MAVLink2 message OPEN_DRONE_ID_SYSTEM
Ignoring MAVLink2 message OPEN_DRONE_ID_OPERATOR_ID
Ignoring MAVLink2 message OPEN_DRONE_ID_MESSAGE_PACK
Ignoring MAVLink2 message HYGROMETER_SENSOR
Copying fixed headers for protocol 2.0 to include/v2.0
Generating C++ implementation in directory include/v2.0/uAvionix
Generating C++ implementation in directory include/v2.0/common
Validation skipped for /home/abhimanyu/bluerov_ws/src/mavlink/message_definitions/v1.0/minimal.xml.
Parsing /home/abhimanyu/bluerov_ws/src/mavlink/message_definitions/v1.0/minimal.xml
Ignoring MAVLink2 message PROTOCOL_VERSION
Merged enum MAV_CMD
Found 144 MAVLink message types in 3 XML files
Generating C implementation in directory include/v1.0/ASLUAV
Generating C implementation in directory include/v1.0/common
Generating C implementation in directory include/v2.0/minimal
Copying fixed headers for protocol 2.0 to include/v2.0
Generating C++ implementation in directory include/v2.0/ASLUAV
Generating C++ implementation in directory include/v2.0/common
Generating C++ implementation in directory include/v2.0/minimal
Copying fixed C++ headers for protocol 2.0 to include/v2.0
[ 50%] Built target uAvionix.xml-v2.0
[35m[1mScanning dependencies of target development.xml-v1.0[0m
[ 54%] [34m[1mGenerating include/v1.0/development/development.h[0m
WARNING: Failed to import lxml module etree. Are lxml, libxml2 and libxslt installed? XML validation will not be performed
Validation skipped for /home/abhimanyu/bluerov_ws/src/mavlink/message_definitions/v1.0/development.xml.
Parsing /home/abhimanyu/bluerov_ws/src/mavlink/message_definitions/v1.0/development.xml
Ignoring MAVLink2 message AIRSPEED
Ignoring MAVLink2 message WIFI_NETWORK_INFO
Ignoring MAVLink2 message COMPONENT_INFORMATION_BASIC
Ignoring MAVLink2 message GROUP_START
Ignoring MAVLink2 message GROUP_END
Validation skipped for /home/abhimanyu/bluerov_ws/src/mavlink/message_definitions/v1.0/standard.xml.
Parsing /home/abhimanyu/bluerov_ws/src/mavlink/message_definitions/v1.0/standard.xml
Validation skipped for /home/abhimanyu/bluerov_ws/src/mavlink/message_definitions/v1.0/common.xml.
Parsing /home/abhimanyu/bluerov_ws/src/mavlink/message_definitions/v1.0/common.xml
Generating C++ implementation in directory include/v2.0/minimal
Copying fixed C++ headers for protocol 2.0 to include/v2.0
[ 54%] Built target ASLUAV.xml-v2.0
[35m[1mScanning dependencies of target ardupilotmega.xml-v1.0[0m
Ignoring MAVLink2 message SETUP_SIGNING
Ignoring MAVLink2 message BUTTON_CHANGE
Ignoring MAVLink2 message PLAY_TUNE
Ignoring MAVLink2 message CAMERA_INFORMATION
Ignoring MAVLink2 message CAMERA_SETTINGS
Ignoring MAVLink2 message STORAGE_INFORMATION
Ignoring MAVLink2 message CAMERA_CAPTURE_STATUS
Ignoring MAVLink2 message CAMERA_IMAGE_CAPTURED
Ignoring MAVLink2 message FLIGHT_INFORMATION
Ignoring MAVLink2 message MOUNT_ORIENTATION
Ignoring MAVLink2 message LOGGING_DATA
Ignoring MAVLink2 message LOGGING_DATA_ACKED
Ignoring MAVLink2 message LOGGING_ACK
Ignoring MAVLink2 message VIDEO_STREAM_INFORMATION
Ignoring MAVLink2 message VIDEO_STREAM_STATUS
Ignoring MAVLink2 message CAMERA_FOV_STATUS
Ignoring MAVLink2 message CAMERA_TRACKING_IMAGE_STATUS
Ignoring MAVLink2 message CAMERA_TRACKING_GEO_STATUS
Ignoring MAVLink2 message GIMBAL_MANAGER_INFORMATION
Ignoring MAVLink2 message GIMBAL_MANAGER_STATUS
Ignoring MAVLink2 message GIMBAL_MANAGER_SET_ATTITUDE
Ignoring MAVLink2 message GIMBAL_DEVICE_INFORMATION
Ignoring MAVLink2 message GIMBAL_DEVICE_SET_ATTITUDE
Ignoring MAVLink2 message GIMBAL_DEVICE_ATTITUDE_STATUS
Ignoring MAVLink2 message AUTOPILOT_STATE_FOR_GIMBAL_DEVICE
Ignoring MAVLink2 message GIMBAL_MANAGER_SET_PITCHYAW
Ignoring MAVLink2 message GIMBAL_MANAGER_SET_MANUAL_CONTROL
Ignoring MAVLink2 message ESC_INFO
Ignoring MAVLink2 message ESC_STATUS
Ignoring MAVLink2 message WIFI_CONFIG_AP
Ignoring MAVLink2 message AIS_VESSEL
Ignoring MAVLink2 message UAVCAN_NODE_STATUS
Ignoring MAVLink2 message UAVCAN_NODE_INFO
Ignoring MAVLink2 message PARAM_EXT_REQUEST_READ
Ignoring MAVLink2 message PARAM_EXT_REQUEST_LIST
Ignoring MAVLink2 message PARAM_EXT_VALUE
Ignoring MAVLink2 message PARAM_EXT_SET
Ignoring MAVLink2 message PARAM_EXT_ACK
Ignoring MAVLink2 message OBSTACLE_DISTANCE
Ignoring MAVLink2 message ODOMETRY
Ignoring MAVLink2 message TRAJECTORY_REPRESENTATION_WAYPOINTS
Ignoring MAVLink2 message TRAJECTORY_REPRESENTATION_BEZIER
Ignoring MAVLink2 message CELLULAR_STATUS
Ignoring MAVLink2 message ISBD_LINK_STATUS
Ignoring MAVLink2 message CELLULAR_CONFIG
Ignoring MAVLink2 message RAW_RPM
Ignoring MAVLink2 message UTM_GLOBAL_POSITION
Ignoring MAVLink2 message DEBUG_FLOAT_ARRAY
Ignoring MAVLink2 message ORBIT_EXECUTION_STATUS
Ignoring MAVLink2 message SMART_BATTERY_INFO
Ignoring MAVLink2 message GENERATOR_STATUS
Ignoring MAVLink2 message ACTUATOR_OUTPUT_STATUS
Ignoring MAVLink2 message TIME_ESTIMATE_TO_TARGET
Ignoring MAVLink2 message TUNNEL
Ignoring MAVLink2 message ONBOARD_COMPUTER_STATUS
Ignoring MAVLink2 message COMPONENT_INFORMATION
Ignoring MAVLink2 message PLAY_TUNE_V2
Ignoring MAVLink2 message SUPPORTED_TUNES
Ignoring MAVLink2 message EVENT
Ignoring MAVLink2 message CURRENT_EVENT_SEQUENCE
Ignoring MAVLink2 message REQUEST_EVENT
Ignoring MAVLink2 message RESPONSE_EVENT_ERROR
Ignoring MAVLink2 message WHEEL_DISTANCE
Ignoring MAVLink2 message WINCH_STATUS
Ignoring MAVLink2 message OPEN_DRONE_ID_BASIC_ID
Ignoring MAVLink2 message OPEN_DRONE_ID_LOCATION
Ignoring MAVLink2 message OPEN_DRONE_ID_AUTHENTICATION
Ignoring MAVLink2 message OPEN_DRONE_ID_SELF_ID
Ignoring MAVLink2 message OPEN_DRONE_ID_SYSTEM
Ignoring MAVLink2 message OPEN_DRONE_ID_OPERATOR_ID
Ignoring MAVLink2 message OPEN_DRONE_ID_MESSAGE_PACK
Ignoring MAVLink2 message HYGROMETER_SENSOR
[ 59%] [34m[1mGenerating include/v1.0/ardupilotmega/ardupilotmega.h[0m
Generating C implementation in directory include/v1.0/minimal
Validation skipped for /home/abhimanyu/bluerov_ws/src/mavlink/message_definitions/v1.0/minimal.xml.
Parsing /home/abhimanyu/bluerov_ws/src/mavlink/message_definitions/v1.0/minimal.xml
Copying fixed headers for protocol 1.0 to include/v1.0
Ignoring MAVLink2 message PROTOCOL_VERSION
Merged enum MAV_CMD
Merged enum MAV_CMD
Found 145 MAVLink message types in 4 XML files
Generating C implementation in directory include/v1.0/development
Generating C implementation in directory include/v1.0/standard
Generating C implementation in directory include/v1.0/common
[ 59%] Built target ASLUAV.xml-v1.0
WARNING: Failed to import lxml module etree. Are lxml, libxml2 and libxslt installed? XML validation will not be performed
Validation skipped for /home/abhimanyu/bluerov_ws/src/mavlink/message_definitions/v1.0/ardupilotmega.xml.
Parsing /home/abhimanyu/bluerov_ws/src/mavlink/message_definitions/v1.0/ardupilotmega.xml
[35m[1mScanning dependencies of target paparazzi.xml-v1.0[0m
Ignoring MAVLink2 message DEVICE_OP_READ
Ignoring MAVLink2 message DEVICE_OP_READ_REPLY
Ignoring MAVLink2 message DEVICE_OP_WRITE
Ignoring MAVLink2 message DEVICE_OP_WRITE_REPLY
Ignoring MAVLink2 message ADAP_TUNING
Ignoring MAVLink2 message VISION_POSITION_DELTA
Ignoring MAVLink2 message AOA_SSA
Ignoring MAVLink2 message ESC_TELEMETRY_1_TO_4
Ignoring MAVLink2 message ESC_TELEMETRY_5_TO_8
Ignoring MAVLink2 message ESC_TELEMETRY_9_TO_12
Ignoring MAVLink2 message OSD_PARAM_CONFIG
Ignoring MAVLink2 message OSD_PARAM_CONFIG_REPLY
Ignoring MAVLink2 message OSD_PARAM_SHOW_CONFIG
Ignoring MAVLink2 message OSD_PARAM_SHOW_CONFIG_REPLY
Ignoring MAVLink2 message OBSTACLE_DISTANCE_3D
Ignoring MAVLink2 message WATER_DEPTH
Ignoring MAVLink2 message MCU_STATUS
[ 63%] [34m[1mGenerating include/v1.0/paparazzi/paparazzi.h[0m
Validation skipped for /home/abhimanyu/bluerov_ws/src/mavlink/message_definitions/v1.0/common.xml.
Parsing /home/abhimanyu/bluerov_ws/src/mavlink/message_definitions/v1.0/common.xml
WARNING: Failed to import lxml module etree. Are lxml, libxml2 and libxslt installed? XML validation will not be performed
Validation skipped for /home/abhimanyu/bluerov_ws/src/mavlink/message_definitions/v1.0/paparazzi.xml.
Parsing /home/abhimanyu/bluerov_ws/src/mavlink/message_definitions/v1.0/paparazzi.xml
Validation skipped for /home/abhimanyu/bluerov_ws/src/mavlink/message_definitions/v1.0/common.xml.
Parsing /home/abhimanyu/bluerov_ws/src/mavlink/message_definitions/v1.0/common.xml
Ignoring MAVLink2 message SETUP_SIGNING
Ignoring MAVLink2 message BUTTON_CHANGE
Ignoring MAVLink2 message PLAY_TUNE
Ignoring MAVLink2 message CAMERA_INFORMATION
Ignoring MAVLink2 message CAMERA_SETTINGS
Ignoring MAVLink2 message STORAGE_INFORMATION
Ignoring MAVLink2 message CAMERA_CAPTURE_STATUS
Ignoring MAVLink2 message CAMERA_IMAGE_CAPTURED
Ignoring MAVLink2 message FLIGHT_INFORMATION
Ignoring MAVLink2 message MOUNT_ORIENTATION
Ignoring MAVLink2 message LOGGING_DATA
Ignoring MAVLink2 message LOGGING_DATA_ACKED
Ignoring MAVLink2 message LOGGING_ACK
Ignoring MAVLink2 message VIDEO_STREAM_INFORMATION
Ignoring MAVLink2 message VIDEO_STREAM_STATUS
Ignoring MAVLink2 message CAMERA_FOV_STATUS
Ignoring MAVLink2 message CAMERA_TRACKING_IMAGE_STATUS
Ignoring MAVLink2 message CAMERA_TRACKING_GEO_STATUS
Ignoring MAVLink2 message GIMBAL_MANAGER_INFORMATION
Ignoring MAVLink2 message GIMBAL_MANAGER_STATUS
Ignoring MAVLink2 message GIMBAL_MANAGER_SET_ATTITUDE
Ignoring MAVLink2 message GIMBAL_DEVICE_INFORMATION
Ignoring MAVLink2 message GIMBAL_DEVICE_SET_ATTITUDE
Ignoring MAVLink2 message GIMBAL_DEVICE_ATTITUDE_STATUS
Ignoring MAVLink2 message AUTOPILOT_STATE_FOR_GIMBAL_DEVICE
Ignoring MAVLink2 message GIMBAL_MANAGER_SET_PITCHYAW
Ignoring MAVLink2 message GIMBAL_MANAGER_SET_MANUAL_CONTROL
Ignoring MAVLink2 message ESC_INFO
Ignoring MAVLink2 message ESC_STATUS
Ignoring MAVLink2 message WIFI_CONFIG_AP
Ignoring MAVLink2 message AIS_VESSEL
Ignoring MAVLink2 message UAVCAN_NODE_STATUS
Ignoring MAVLink2 message UAVCAN_NODE_INFO
Ignoring MAVLink2 message PARAM_EXT_REQUEST_READ
Ignoring MAVLink2 message PARAM_EXT_REQUEST_LIST
Ignoring MAVLink2 message PARAM_EXT_VALUE
Ignoring MAVLink2 message PARAM_EXT_SET
Ignoring MAVLink2 message PARAM_EXT_ACK
Ignoring MAVLink2 message OBSTACLE_DISTANCE
Ignoring MAVLink2 message ODOMETRY
Ignoring MAVLink2 message TRAJECTORY_REPRESENTATION_WAYPOINTS
Ignoring MAVLink2 message TRAJECTORY_REPRESENTATION_BEZIER
Ignoring MAVLink2 message CELLULAR_STATUS
Ignoring MAVLink2 message ISBD_LINK_STATUS
Ignoring MAVLink2 message CELLULAR_CONFIG
Ignoring MAVLink2 message RAW_RPM
Ignoring MAVLink2 message UTM_GLOBAL_POSITION
Ignoring MAVLink2 message DEBUG_FLOAT_ARRAY
Ignoring MAVLink2 message ORBIT_EXECUTION_STATUS
Ignoring MAVLink2 message SMART_BATTERY_INFO
Ignoring MAVLink2 message GENERATOR_STATUS
Ignoring MAVLink2 message ACTUATOR_OUTPUT_STATUS
Ignoring MAVLink2 message TIME_ESTIMATE_TO_TARGET
Ignoring MAVLink2 message TUNNEL
Ignoring MAVLink2 message ONBOARD_COMPUTER_STATUS
Ignoring MAVLink2 message COMPONENT_INFORMATION
Ignoring MAVLink2 message PLAY_TUNE_V2
Ignoring MAVLink2 message SUPPORTED_TUNES
Ignoring MAVLink2 message EVENT
Ignoring MAVLink2 message CURRENT_EVENT_SEQUENCE
Ignoring MAVLink2 message REQUEST_EVENT
Ignoring MAVLink2 message RESPONSE_EVENT_ERROR
Ignoring MAVLink2 message WHEEL_DISTANCE
Ignoring MAVLink2 message WINCH_STATUS
Ignoring MAVLink2 message OPEN_DRONE_ID_BASIC_ID
Ignoring MAVLink2 message OPEN_DRONE_ID_LOCATION
Ignoring MAVLink2 message OPEN_DRONE_ID_AUTHENTICATION
Ignoring MAVLink2 message OPEN_DRONE_ID_SELF_ID
Ignoring MAVLink2 message OPEN_DRONE_ID_SYSTEM
Ignoring MAVLink2 message OPEN_DRONE_ID_OPERATOR_ID
Ignoring MAVLink2 message OPEN_DRONE_ID_MESSAGE_PACK
Ignoring MAVLink2 message HYGROMETER_SENSOR
Validation skipped for /home/abhimanyu/bluerov_ws/src/mavlink/message_definitions/v1.0/uAvionix.xml.
Parsing /home/abhimanyu/bluerov_ws/src/mavlink/message_definitions/v1.0/uAvionix.xml
Ignoring MAVLink2 message UAVIONIX_ADSB_OUT_CFG
Ignoring MAVLink2 message UAVIONIX_ADSB_OUT_DYNAMIC
Ignoring MAVLink2 message UAVIONIX_ADSB_TRANSCEIVER_HEALTH_REPORT
Validation skipped for /home/abhimanyu/bluerov_ws/src/mavlink/message_definitions/v1.0/icarous.xml.
Parsing /home/abhimanyu/bluerov_ws/src/mavlink/message_definitions/v1.0/icarous.xml
Ignoring MAVLink2 message ICAROUS_HEARTBEAT
Ignoring MAVLink2 message ICAROUS_KINEMATIC_BANDS
Validation skipped for /home/abhimanyu/bluerov_ws/src/mavlink/message_definitions/v1.0/minimal.xml.
Parsing /home/abhimanyu/bluerov_ws/src/mavlink/message_definitions/v1.0/minimal.xml
Ignoring MAVLink2 message PROTOCOL_VERSION
Merged enum MAV_CMD
Found 190 MAVLink message types in 5 XML files
Generating C implementation in directory include/v1.0/ardupilotmega
Ignoring MAVLink2 message SETUP_SIGNING
Ignoring MAVLink2 message BUTTON_CHANGE
Ignoring MAVLink2 message PLAY_TUNE
Ignoring MAVLink2 message CAMERA_INFORMATION
Ignoring MAVLink2 message CAMERA_SETTINGS
Ignoring MAVLink2 message STORAGE_INFORMATION
Ignoring MAVLink2 message CAMERA_CAPTURE_STATUS
Ignoring MAVLink2 message CAMERA_IMAGE_CAPTURED
Ignoring MAVLink2 message FLIGHT_INFORMATION
Ignoring MAVLink2 message MOUNT_ORIENTATION
Ignoring MAVLink2 message LOGGING_DATA
Ignoring MAVLink2 message LOGGING_DATA_ACKED
Ignoring MAVLink2 message LOGGING_ACK
Ignoring MAVLink2 message VIDEO_STREAM_INFORMATION
Ignoring MAVLink2 message VIDEO_STREAM_STATUS
Ignoring MAVLink2 message CAMERA_FOV_STATUS
Ignoring MAVLink2 message CAMERA_TRACKING_IMAGE_STATUS
Ignoring MAVLink2 message CAMERA_TRACKING_GEO_STATUS
Ignoring MAVLink2 message GIMBAL_MANAGER_INFORMATION
Ignoring MAVLink2 message GIMBAL_MANAGER_STATUS
Ignoring MAVLink2 message GIMBAL_MANAGER_SET_ATTITUDE
Ignoring MAVLink2 message GIMBAL_DEVICE_INFORMATION
Ignoring MAVLink2 message GIMBAL_DEVICE_SET_ATTITUDE
Ignoring MAVLink2 message GIMBAL_DEVICE_ATTITUDE_STATUS
Ignoring MAVLink2 message AUTOPILOT_STATE_FOR_GIMBAL_DEVICE
Ignoring MAVLink2 message GIMBAL_MANAGER_SET_PITCHYAW
Ignoring MAVLink2 message GIMBAL_MANAGER_SET_MANUAL_CONTROL
Ignoring MAVLink2 message ESC_INFO
Ignoring MAVLink2 message ESC_STATUS
Ignoring MAVLink2 message WIFI_CONFIG_AP
Ignoring MAVLink2 message AIS_VESSEL
Ignoring MAVLink2 message UAVCAN_NODE_STATUS
Ignoring MAVLink2 message UAVCAN_NODE_INFO
Ignoring MAVLink2 message PARAM_EXT_REQUEST_READ
Ignoring MAVLink2 message PARAM_EXT_REQUEST_LIST
Ignoring MAVLink2 message PARAM_EXT_VALUE
Ignoring MAVLink2 message PARAM_EXT_SET
Ignoring MAVLink2 message PARAM_EXT_ACK
Ignoring MAVLink2 message OBSTACLE_DISTANCE
Ignoring MAVLink2 message ODOMETRY
Ignoring MAVLink2 message TRAJECTORY_REPRESENTATION_WAYPOINTS
Ignoring MAVLink2 message TRAJECTORY_REPRESENTATION_BEZIER
Ignoring MAVLink2 message CELLULAR_STATUS
Ignoring MAVLink2 message ISBD_LINK_STATUS
Ignoring MAVLink2 message CELLULAR_CONFIG
Ignoring MAVLink2 message RAW_RPM
Ignoring MAVLink2 message UTM_GLOBAL_POSITION
Ignoring MAVLink2 message DEBUG_FLOAT_ARRAY
Ignoring MAVLink2 message ORBIT_EXECUTION_STATUS
Ignoring MAVLink2 message SMART_BATTERY_INFO
Ignoring MAVLink2 message GENERATOR_STATUS
Ignoring MAVLink2 message ACTUATOR_OUTPUT_STATUS
Ignoring MAVLink2 message TIME_ESTIMATE_TO_TARGET
Ignoring MAVLink2 message TUNNEL
Ignoring MAVLink2 message ONBOARD_COMPUTER_STATUS
Ignoring MAVLink2 message COMPONENT_INFORMATION
Ignoring MAVLink2 message PLAY_TUNE_V2
Ignoring MAVLink2 message SUPPORTED_TUNES
Ignoring MAVLink2 message EVENT
Ignoring MAVLink2 message CURRENT_EVENT_SEQUENCE
Ignoring MAVLink2 message REQUEST_EVENT
Ignoring MAVLink2 message RESPONSE_EVENT_ERROR
Ignoring MAVLink2 message WHEEL_DISTANCE
Ignoring MAVLink2 message WINCH_STATUS
Ignoring MAVLink2 message OPEN_DRONE_ID_BASIC_ID
Ignoring MAVLink2 message OPEN_DRONE_ID_LOCATION
Ignoring MAVLink2 message OPEN_DRONE_ID_AUTHENTICATION
Ignoring MAVLink2 message OPEN_DRONE_ID_SELF_ID
Ignoring MAVLink2 message OPEN_DRONE_ID_SYSTEM
Ignoring MAVLink2 message OPEN_DRONE_ID_OPERATOR_ID
Ignoring MAVLink2 message OPEN_DRONE_ID_MESSAGE_PACK
Ignoring MAVLink2 message HYGROMETER_SENSOR
Validation skipped for /home/abhimanyu/bluerov_ws/src/mavlink/message_definitions/v1.0/minimal.xml.
Parsing /home/abhimanyu/bluerov_ws/src/mavlink/message_definitions/v1.0/minimal.xml
Ignoring MAVLink2 message PROTOCOL_VERSION
Found 147 MAVLink message types in 3 XML files
Generating C implementation in directory include/v1.0/paparazzi
Generating C implementation in directory include/v1.0/common
Generating C implementation in directory include/v1.0/common
Generating C implementation in directory include/v1.0/minimal
Copying fixed headers for protocol 1.0 to include/v1.0
[ 63%] Built target development.xml-v1.0
[35m[1mScanning dependencies of target icarous.xml-v1.0[0m
[ 68%] [34m[1mGenerating include/v1.0/icarous/icarous.h[0m
WARNING: Failed to import lxml module etree. Are lxml, libxml2 and libxslt installed? XML validation will not be performed
Validation skipped for /home/abhimanyu/bluerov_ws/src/mavlink/message_definitions/v1.0/icarous.xml.
Parsing /home/abhimanyu/bluerov_ws/src/mavlink/message_definitions/v1.0/icarous.xml
Ignoring MAVLink2 message ICAROUS_HEARTBEAT
Ignoring MAVLink2 message ICAROUS_KINEMATIC_BANDS
Found 0 MAVLink message types in 1 XML files
Generating C implementation in directory include/v1.0/icarous
Copying fixed headers for protocol 1.0 to include/v1.0
[ 68%] Built target icarous.xml-v1.0
[35m[1mScanning dependencies of target matrixpilot.xml-v1.0[0m
[ 72%] [34m[1mGenerating include/v1.0/matrixpilot/matrixpilot.h[0m
Generating C implementation in directory include/v1.0/minimal
Copying fixed headers for protocol 1.0 to include/v1.0
WARNING: Failed to import lxml module etree. Are lxml, libxml2 and libxslt installed? XML validation will not be performed
Validation skipped for /home/abhimanyu/bluerov_ws/src/mavlink/message_definitions/v1.0/matrixpilot.xml.
Parsing /home/abhimanyu/bluerov_ws/src/mavlink/message_definitions/v1.0/matrixpilot.xml
Validation skipped for /home/abhimanyu/bluerov_ws/src/mavlink/message_definitions/v1.0/common.xml.
Parsing /home/abhimanyu/bluerov_ws/src/mavlink/message_definitions/v1.0/common.xml
[ 72%] Built target paparazzi.xml-v1.0
[35m[1mScanning dependencies of target uAvionix.xml-v1.0[0m
Generating C implementation in directory include/v1.0/uAvionix
Generating C implementation in directory include/v1.0/icarous
Generating C implementation in directory include/v1.0/minimal
[ 77%] [34m[1mGenerating include/v1.0/uAvionix/uAvionix.h[0m
Copying fixed headers for protocol 1.0 to include/v1.0
Ignoring MAVLink2 message SETUP_SIGNING
Ignoring MAVLink2 message BUTTON_CHANGE
Ignoring MAVLink2 message PLAY_TUNE
Ignoring MAVLink2 message CAMERA_INFORMATION
Ignoring MAVLink2 message CAMERA_SETTINGS
Ignoring MAVLink2 message STORAGE_INFORMATION
Ignoring MAVLink2 message CAMERA_CAPTURE_STATUS
Ignoring MAVLink2 message CAMERA_IMAGE_CAPTURED
Ignoring MAVLink2 message FLIGHT_INFORMATION
Ignoring MAVLink2 message MOUNT_ORIENTATION
Ignoring MAVLink2 message LOGGING_DATA
Ignoring MAVLink2 message LOGGING_DATA_ACKED
Ignoring MAVLink2 message LOGGING_ACK
Ignoring MAVLink2 message VIDEO_STREAM_INFORMATION
Ignoring MAVLink2 message VIDEO_STREAM_STATUS
Ignoring MAVLink2 message CAMERA_FOV_STATUS
Ignoring MAVLink2 message CAMERA_TRACKING_IMAGE_STATUS
Ignoring MAVLink2 message CAMERA_TRACKING_GEO_STATUS
Ignoring MAVLink2 message GIMBAL_MANAGER_INFORMATION
Ignoring MAVLink2 message GIMBAL_MANAGER_STATUS
Ignoring MAVLink2 message GIMBAL_MANAGER_SET_ATTITUDE
Ignoring MAVLink2 message GIMBAL_DEVICE_INFORMATION
Ignoring MAVLink2 message GIMBAL_DEVICE_SET_ATTITUDE
Ignoring MAVLink2 message GIMBAL_DEVICE_ATTITUDE_STATUS
Ignoring MAVLink2 message AUTOPILOT_STATE_FOR_GIMBAL_DEVICE
Ignoring MAVLink2 message GIMBAL_MANAGER_SET_PITCHYAW
Ignoring MAVLink2 message GIMBAL_MANAGER_SET_MANUAL_CONTROL
Ignoring MAVLink2 message ESC_INFO
Ignoring MAVLink2 message ESC_STATUS
Ignoring MAVLink2 message WIFI_CONFIG_AP
Ignoring MAVLink2 message AIS_VESSEL
Ignoring MAVLink2 message UAVCAN_NODE_STATUS
Ignoring MAVLink2 message UAVCAN_NODE_INFO
Ignoring MAVLink2 message PARAM_EXT_REQUEST_READ
Ignoring MAVLink2 message PARAM_EXT_REQUEST_LIST
Ignoring MAVLink2 message PARAM_EXT_VALUE
Ignoring MAVLink2 message PARAM_EXT_SET
Ignoring MAVLink2 message PARAM_EXT_ACK
Ignoring MAVLink2 message OBSTACLE_DISTANCE
Ignoring MAVLink2 message ODOMETRY
Ignoring MAVLink2 message TRAJECTORY_REPRESENTATION_WAYPOINTS
Ignoring MAVLink2 message TRAJECTORY_REPRESENTATION_BEZIER
Ignoring MAVLink2 message CELLULAR_STATUS
Ignoring MAVLink2 message ISBD_LINK_STATUS
Ignoring MAVLink2 message CELLULAR_CONFIG
Ignoring MAVLink2 message RAW_RPM
Ignoring MAVLink2 message UTM_GLOBAL_POSITION
Ignoring MAVLink2 message DEBUG_FLOAT_ARRAY
Ignoring MAVLink2 message ORBIT_EXECUTION_STATUS
Ignoring MAVLink2 message SMART_BATTERY_INFO
Ignoring MAVLink2 message GENERATOR_STATUS
Ignoring MAVLink2 message ACTUATOR_OUTPUT_STATUS
Ignoring MAVLink2 message TIME_ESTIMATE_TO_TARGET
Ignoring MAVLink2 message TUNNEL
Ignoring MAVLink2 message ONBOARD_COMPUTER_STATUS
Ignoring MAVLink2 message COMPONENT_INFORMATION
Ignoring MAVLink2 message PLAY_TUNE_V2
Ignoring MAVLink2 message SUPPORTED_TUNES
Ignoring MAVLink2 message EVENT
Ignoring MAVLink2 message CURRENT_EVENT_SEQUENCE
Ignoring MAVLink2 message REQUEST_EVENT
Ignoring MAVLink2 message RESPONSE_EVENT_ERROR
Ignoring MAVLink2 message WHEEL_DISTANCE
Ignoring MAVLink2 message WINCH_STATUS
Ignoring MAVLink2 message OPEN_DRONE_ID_BASIC_ID
Ignoring MAVLink2 message OPEN_DRONE_ID_LOCATION
Ignoring MAVLink2 message OPEN_DRONE_ID_AUTHENTICATION
Ignoring MAVLink2 message OPEN_DRONE_ID_SELF_ID
Ignoring MAVLink2 message OPEN_DRONE_ID_SYSTEM
Ignoring MAVLink2 message OPEN_DRONE_ID_OPERATOR_ID
Ignoring MAVLink2 message OPEN_DRONE_ID_MESSAGE_PACK
Ignoring MAVLink2 message HYGROMETER_SENSOR
[ 77%] Built target ardupilotmega.xml-v1.0
[35m[1mScanning dependencies of target ualberta.xml-v1.0[0m
Validation skipped for /home/abhimanyu/bluerov_ws/src/mavlink/message_definitions/v1.0/minimal.xml.
Parsing /home/abhimanyu/bluerov_ws/src/mavlink/message_definitions/v1.0/minimal.xml
[ 81%] [34m[1mGenerating include/v1.0/ualberta/ualberta.h[0m
WARNING: Failed to import lxml module etree. Are lxml, libxml2 and libxslt installed? XML validation will not be performed
Validation skipped for /home/abhimanyu/bluerov_ws/src/mavlink/message_definitions/v1.0/uAvionix.xml.
Parsing /home/abhimanyu/bluerov_ws/src/mavlink/message_definitions/v1.0/uAvionix.xml
Ignoring MAVLink2 message PROTOCOL_VERSION
Merged enum MAV_CMD
Ignoring MAVLink2 message UAVIONIX_ADSB_OUT_CFG
Ignoring MAVLink2 message UAVIONIX_ADSB_OUT_DYNAMIC
Ignoring MAVLink2 message UAVIONIX_ADSB_TRANSCEIVER_HEALTH_REPORT
Validation skipped for /home/abhimanyu/bluerov_ws/src/mavlink/message_definitions/v1.0/common.xml.
Parsing /home/abhimanyu/bluerov_ws/src/mavlink/message_definitions/v1.0/common.xml
Found 169 MAVLink message types in 3 XML files
Generating C implementation in directory include/v1.0/matrixpilot
WARNING: Failed to import lxml module etree. Are lxml, libxml2 and libxslt installed? XML validation will not be performed
Validation skipped for /home/abhimanyu/bluerov_ws/src/mavlink/message_definitions/v1.0/ualberta.xml.
Parsing /home/abhimanyu/bluerov_ws/src/mavlink/message_definitions/v1.0/ualberta.xml
Validation skipped for /home/abhimanyu/bluerov_ws/src/mavlink/message_definitions/v1.0/common.xml.
Parsing /home/abhimanyu/bluerov_ws/src/mavlink/message_definitions/v1.0/common.xml
Ignoring MAVLink2 message SETUP_SIGNING
Ignoring MAVLink2 message BUTTON_CHANGE
Ignoring MAVLink2 message PLAY_TUNE
Ignoring MAVLink2 message CAMERA_INFORMATION
Ignoring MAVLink2 message CAMERA_SETTINGS
Ignoring MAVLink2 message STORAGE_INFORMATION
Ignoring MAVLink2 message CAMERA_CAPTURE_STATUS
Ignoring MAVLink2 message CAMERA_IMAGE_CAPTURED
Ignoring MAVLink2 message FLIGHT_INFORMATION
Ignoring MAVLink2 message MOUNT_ORIENTATION
Ignoring MAVLink2 message LOGGING_DATA
Ignoring MAVLink2 message LOGGING_DATA_ACKED
Ignoring MAVLink2 message LOGGING_ACK
Ignoring MAVLink2 message VIDEO_STREAM_INFORMATION
Ignoring MAVLink2 message VIDEO_STREAM_STATUS
Ignoring MAVLink2 message CAMERA_FOV_STATUS
Ignoring MAVLink2 message CAMERA_TRACKING_IMAGE_STATUS
Ignoring MAVLink2 message CAMERA_TRACKING_GEO_STATUS
Ignoring MAVLink2 message GIMBAL_MANAGER_INFORMATION
Ignoring MAVLink2 message GIMBAL_MANAGER_STATUS
Ignoring MAVLink2 message GIMBAL_MANAGER_SET_ATTITUDE
Ignoring MAVLink2 message GIMBAL_DEVICE_INFORMATION
Ignoring MAVLink2 message GIMBAL_DEVICE_SET_ATTITUDE
Ignoring MAVLink2 message GIMBAL_DEVICE_ATTITUDE_STATUS
Ignoring MAVLink2 message AUTOPILOT_STATE_FOR_GIMBAL_DEVICE
Ignoring MAVLink2 message GIMBAL_MANAGER_SET_PITCHYAW
Ignoring MAVLink2 message GIMBAL_MANAGER_SET_MANUAL_CONTROL
Ignoring MAVLink2 message ESC_INFO
Ignoring MAVLink2 message ESC_STATUS
Ignoring MAVLink2 message WIFI_CONFIG_AP
Ignoring MAVLink2 message AIS_VESSEL
Ignoring MAVLink2 message UAVCAN_NODE_STATUS
Ignoring MAVLink2 message UAVCAN_NODE_INFO
Ignoring MAVLink2 message PARAM_EXT_REQUEST_READ
Ignoring MAVLink2 message PARAM_EXT_REQUEST_LIST
Ignoring MAVLink2 message PARAM_EXT_VALUE
Ignoring MAVLink2 message PARAM_EXT_SET
Ignoring MAVLink2 message PARAM_EXT_ACK
Ignoring MAVLink2 message OBSTACLE_DISTANCE
Ignoring MAVLink2 message ODOMETRY
Ignoring MAVLink2 message TRAJECTORY_REPRESENTATION_WAYPOINTS
Ignoring MAVLink2 message TRAJECTORY_REPRESENTATION_BEZIER
Ignoring MAVLink2 message CELLULAR_STATUS
Ignoring MAVLink2 message ISBD_LINK_STATUS
Ignoring MAVLink2 message CELLULAR_CONFIG
Ignoring MAVLink2 message RAW_RPM
Ignoring MAVLink2 message UTM_GLOBAL_POSITION
Ignoring MAVLink2 message DEBUG_FLOAT_ARRAY
Ignoring MAVLink2 message ORBIT_EXECUTION_STATUS
Ignoring MAVLink2 message SMART_BATTERY_INFO
Ignoring MAVLink2 message GENERATOR_STATUS
Ignoring MAVLink2 message ACTUATOR_OUTPUT_STATUS
Ignoring MAVLink2 message TIME_ESTIMATE_TO_TARGET
Ignoring MAVLink2 message TUNNEL
Ignoring MAVLink2 message ONBOARD_COMPUTER_STATUS
Ignoring MAVLink2 message COMPONENT_INFORMATION
Ignoring MAVLink2 message PLAY_TUNE_V2
Ignoring MAVLink2 message SUPPORTED_TUNES
Ignoring MAVLink2 message EVENT
Ignoring MAVLink2 message CURRENT_EVENT_SEQUENCE
Ignoring MAVLink2 message REQUEST_EVENT
Ignoring MAVLink2 message RESPONSE_EVENT_ERROR
Ignoring MAVLink2 message WHEEL_DISTANCE
Ignoring MAVLink2 message WINCH_STATUS
Ignoring MAVLink2 message OPEN_DRONE_ID_BASIC_ID
Ignoring MAVLink2 message OPEN_DRONE_ID_LOCATION
Ignoring MAVLink2 message OPEN_DRONE_ID_AUTHENTICATION
Ignoring MAVLink2 message OPEN_DRONE_ID_SELF_ID
Ignoring MAVLink2 message OPEN_DRONE_ID_SYSTEM
Ignoring MAVLink2 message OPEN_DRONE_ID_OPERATOR_ID
Ignoring MAVLink2 message OPEN_DRONE_ID_MESSAGE_PACK
Ignoring MAVLink2 message HYGROMETER_SENSOR
Generating C implementation in directory include/v1.0/common
Validation skipped for /home/abhimanyu/bluerov_ws/src/mavlink/message_definitions/v1.0/minimal.xml.
Parsing /home/abhimanyu/bluerov_ws/src/mavlink/message_definitions/v1.0/minimal.xml
Ignoring MAVLink2 message PROTOCOL_VERSION
Found 142 MAVLink message types in 3 XML files
Generating C implementation in directory include/v1.0/uAvionix
Generating C implementation in directory include/v1.0/common
Ignoring MAVLink2 message SETUP_SIGNING
Ignoring MAVLink2 message BUTTON_CHANGE
Ignoring MAVLink2 message PLAY_TUNE
Ignoring MAVLink2 message CAMERA_INFORMATION
Ignoring MAVLink2 message CAMERA_SETTINGS
Ignoring MAVLink2 message STORAGE_INFORMATION
Ignoring MAVLink2 message CAMERA_CAPTURE_STATUS
Ignoring MAVLink2 message CAMERA_IMAGE_CAPTURED
Ignoring MAVLink2 message FLIGHT_INFORMATION
Ignoring MAVLink2 message MOUNT_ORIENTATION
Ignoring MAVLink2 message LOGGING_DATA
Ignoring MAVLink2 message LOGGING_DATA_ACKED
Ignoring MAVLink2 message LOGGING_ACK
Ignoring MAVLink2 message VIDEO_STREAM_INFORMATION
Ignoring MAVLink2 message VIDEO_STREAM_STATUS
Ignoring MAVLink2 message CAMERA_FOV_STATUS
Ignoring MAVLink2 message CAMERA_TRACKING_IMAGE_STATUS
Ignoring MAVLink2 message CAMERA_TRACKING_GEO_STATUS
Ignoring MAVLink2 message GIMBAL_MANAGER_INFORMATION
Ignoring MAVLink2 message GIMBAL_MANAGER_STATUS
Ignoring MAVLink2 message GIMBAL_MANAGER_SET_ATTITUDE
Ignoring MAVLink2 message GIMBAL_DEVICE_INFORMATION
Ignoring MAVLink2 message GIMBAL_DEVICE_SET_ATTITUDE
Ignoring MAVLink2 message GIMBAL_DEVICE_ATTITUDE_STATUS
Ignoring MAVLink2 message AUTOPILOT_STATE_FOR_GIMBAL_DEVICE
Ignoring MAVLink2 message GIMBAL_MANAGER_SET_PITCHYAW
Ignoring MAVLink2 message GIMBAL_MANAGER_SET_MANUAL_CONTROL
Ignoring MAVLink2 message ESC_INFO
Ignoring MAVLink2 message ESC_STATUS
Ignoring MAVLink2 message WIFI_CONFIG_AP
Ignoring MAVLink2 message AIS_VESSEL
Ignoring MAVLink2 message UAVCAN_NODE_STATUS
Ignoring MAVLink2 message UAVCAN_NODE_INFO
Ignoring MAVLink2 message PARAM_EXT_REQUEST_READ
Ignoring MAVLink2 message PARAM_EXT_REQUEST_LIST
Ignoring MAVLink2 message PARAM_EXT_VALUE
Ignoring MAVLink2 message PARAM_EXT_SET
Ignoring MAVLink2 message PARAM_EXT_ACK
Ignoring MAVLink2 message OBSTACLE_DISTANCE
Ignoring MAVLink2 message ODOMETRY
Ignoring MAVLink2 message TRAJECTORY_REPRESENTATION_WAYPOINTS
Ignoring MAVLink2 message TRAJECTORY_REPRESENTATION_BEZIER
Ignoring MAVLink2 message CELLULAR_STATUS
Ignoring MAVLink2 message ISBD_LINK_STATUS
Ignoring MAVLink2 message CELLULAR_CONFIG
Ignoring MAVLink2 message RAW_RPM
Ignoring MAVLink2 message UTM_GLOBAL_POSITION
Ignoring MAVLink2 message DEBUG_FLOAT_ARRAY
Ignoring MAVLink2 message ORBIT_EXECUTION_STATUS
Ignoring MAVLink2 message SMART_BATTERY_INFO
Ignoring MAVLink2 message GENERATOR_STATUS
Ignoring MAVLink2 message ACTUATOR_OUTPUT_STATUS
Ignoring MAVLink2 message TIME_ESTIMATE_TO_TARGET
Ignoring MAVLink2 message TUNNEL
Ignoring MAVLink2 message ONBOARD_COMPUTER_STATUS
Ignoring MAVLink2 message COMPONENT_INFORMATION
Ignoring MAVLink2 message PLAY_TUNE_V2
Ignoring MAVLink2 message SUPPORTED_TUNES
Ignoring MAVLink2 message EVENT
Ignoring MAVLink2 message CURRENT_EVENT_SEQUENCE
Ignoring MAVLink2 message REQUEST_EVENT
Ignoring MAVLink2 message RESPONSE_EVENT_ERROR
Ignoring MAVLink2 message WHEEL_DISTANCE
Ignoring MAVLink2 message WINCH_STATUS
Ignoring MAVLink2 message OPEN_DRONE_ID_BASIC_ID
Ignoring MAVLink2 message OPEN_DRONE_ID_LOCATION
Ignoring MAVLink2 message OPEN_DRONE_ID_AUTHENTICATION
Ignoring MAVLink2 message OPEN_DRONE_ID_SELF_ID
Ignoring MAVLink2 message OPEN_DRONE_ID_SYSTEM
Ignoring MAVLink2 message OPEN_DRONE_ID_OPERATOR_ID
Ignoring MAVLink2 message OPEN_DRONE_ID_MESSAGE_PACK
Ignoring MAVLink2 message HYGROMETER_SENSOR
Validation skipped for /home/abhimanyu/bluerov_ws/src/mavlink/message_definitions/v1.0/minimal.xml.
Parsing /home/abhimanyu/bluerov_ws/src/mavlink/message_definitions/v1.0/minimal.xml
Ignoring MAVLink2 message PROTOCOL_VERSION
Found 145 MAVLink message types in 3 XML files
Generating C implementation in directory include/v1.0/ualberta
Generating C implementation in directory include/v1.0/common
Generating C implementation in directory include/v1.0/minimal
Copying fixed headers for protocol 1.0 to include/v1.0
[ 81%] Built target matrixpilot.xml-v1.0
Generating C implementation in directory include/v1.0/minimal
Copying fixed headers for protocol 1.0 to include/v1.0
[35m[1mScanning dependencies of target common.xml-v1.0[0m
[ 86%] Built target common.xml-v1.0
[ 86%] Built target uAvionix.xml-v1.0
[35m[1mScanning dependencies of target standard.xml-v1.0[0m
[35m[1mScanning dependencies of target all.xml-v1.0[0m
[ 90%] Built target standard.xml-v1.0
[ 95%] [34m[1mGenerating include/v1.0/all/all.h[0m
Generating C implementation in directory include/v1.0/minimal
[35m[1mScanning dependencies of target common.xml-v2.0[0m
Copying fixed headers for protocol 1.0 to include/v1.0
[100%] [34m[1mGenerating common-v2.0-cxx-stamp[0m
[100%] Built target ualberta.xml-v1.0
WARNING: Failed to import lxml module etree. Are lxml, libxml2 and libxslt installed? XML validation will not be performed
Validation skipped for /home/abhimanyu/bluerov_ws/src/mavlink/message_definitions/v1.0/all.xml.
Parsing /home/abhimanyu/bluerov_ws/src/mavlink/message_definitions/v1.0/all.xml
Validation skipped for /home/abhimanyu/bluerov_ws/src/mavlink/message_definitions/v1.0/ardupilotmega.xml.
Parsing /home/abhimanyu/bluerov_ws/src/mavlink/message_definitions/v1.0/ardupilotmega.xml
Ignoring MAVLink2 message DEVICE_OP_READ
Ignoring MAVLink2 message DEVICE_OP_READ_REPLY
Ignoring MAVLink2 message DEVICE_OP_WRITE
Ignoring MAVLink2 message DEVICE_OP_WRITE_REPLY
Ignoring MAVLink2 message ADAP_TUNING
Ignoring MAVLink2 message VISION_POSITION_DELTA
Ignoring MAVLink2 message AOA_SSA
Ignoring MAVLink2 message ESC_TELEMETRY_1_TO_4
Ignoring MAVLink2 message ESC_TELEMETRY_5_TO_8
Ignoring MAVLink2 message ESC_TELEMETRY_9_TO_12
Ignoring MAVLink2 message OSD_PARAM_CONFIG
Ignoring MAVLink2 message OSD_PARAM_CONFIG_REPLY
Ignoring MAVLink2 message OSD_PARAM_SHOW_CONFIG
Ignoring MAVLink2 message OSD_PARAM_SHOW_CONFIG_REPLY
Ignoring MAVLink2 message OBSTACLE_DISTANCE_3D
Ignoring MAVLink2 message WATER_DEPTH
Ignoring MAVLink2 message MCU_STATUS
WARNING: Failed to import lxml module etree. Are lxml, libxml2 and libxslt installed? XML validation will not be performed
Validation skipped for /home/abhimanyu/bluerov_ws/src/mavlink/message_definitions/v1.0/common.xml.
Parsing /home/abhimanyu/bluerov_ws/src/mavlink/message_definitions/v1.0/common.xml
Validation skipped for /home/abhimanyu/bluerov_ws/src/mavlink/message_definitions/v1.0/ASLUAV.xml.
Parsing /home/abhimanyu/bluerov_ws/src/mavlink/message_definitions/v1.0/ASLUAV.xml
Ignoring MAVLink2 message SENS_POWER
Ignoring MAVLink2 message SENS_MPPT
Ignoring MAVLink2 message ASLCTRL_DATA
Ignoring MAVLink2 message ASLCTRL_DEBUG
Ignoring MAVLink2 message ASLUAV_STATUS
Ignoring MAVLink2 message EKF_EXT
Ignoring MAVLink2 message ASL_OBCTRL
Ignoring MAVLink2 message SENS_ATMOS
Ignoring MAVLink2 message SENS_BATMON
Ignoring MAVLink2 message FW_SOARING_DATA
Ignoring MAVLink2 message SENSORPOD_STATUS
Ignoring MAVLink2 message SENS_POWER_BOARD
Ignoring MAVLink2 message GSM_LINK_STATUS
Ignoring MAVLink2 message SATCOM_LINK_STATUS
Ignoring MAVLink2 message SENSOR_AIRFLOW_ANGLES
Validation skipped for /home/abhimanyu/bluerov_ws/src/mavlink/message_definitions/v1.0/common.xml.
Parsing /home/abhimanyu/bluerov_ws/src/mavlink/message_definitions/v1.0/common.xml
Ignoring MAVLink2 message SETUP_SIGNING
Ignoring MAVLink2 message BUTTON_CHANGE
Ignoring MAVLink2 message PLAY_TUNE
Ignoring MAVLink2 message CAMERA_INFORMATION
Ignoring MAVLink2 message CAMERA_SETTINGS
Ignoring MAVLink2 message STORAGE_INFORMATION
Ignoring MAVLink2 message CAMERA_CAPTURE_STATUS
Ignoring MAVLink2 message CAMERA_IMAGE_CAPTURED
Ignoring MAVLink2 message FLIGHT_INFORMATION
Ignoring MAVLink2 message MOUNT_ORIENTATION
Ignoring MAVLink2 message LOGGING_DATA
Ignoring MAVLink2 message LOGGING_DATA_ACKED
Ignoring MAVLink2 message LOGGING_ACK
Ignoring MAVLink2 message VIDEO_STREAM_INFORMATION
Ignoring MAVLink2 message VIDEO_STREAM_STATUS
Ignoring MAVLink2 message CAMERA_FOV_STATUS
Ignoring MAVLink2 message CAMERA_TRACKING_IMAGE_STATUS
Ignoring MAVLink2 message CAMERA_TRACKING_GEO_STATUS
Ignoring MAVLink2 message GIMBAL_MANAGER_INFORMATION
Ignoring MAVLink2 message GIMBAL_MANAGER_STATUS
Ignoring MAVLink2 message GIMBAL_MANAGER_SET_ATTITUDE
Ignoring MAVLink2 message GIMBAL_DEVICE_INFORMATION
Ignoring MAVLink2 message GIMBAL_DEVICE_SET_ATTITUDE
Ignoring MAVLink2 message GIMBAL_DEVICE_ATTITUDE_STATUS
Ignoring MAVLink2 message AUTOPILOT_STATE_FOR_GIMBAL_DEVICE
Ignoring MAVLink2 message GIMBAL_MANAGER_SET_PITCHYAW
Ignoring MAVLink2 message GIMBAL_MANAGER_SET_MANUAL_CONTROL
Ignoring MAVLink2 message ESC_INFO
Ignoring MAVLink2 message ESC_STATUS
Ignoring MAVLink2 message WIFI_CONFIG_AP
Ignoring MAVLink2 message AIS_VESSEL
Ignoring MAVLink2 message UAVCAN_NODE_STATUS
Ignoring MAVLink2 message UAVCAN_NODE_INFO
Ignoring MAVLink2 message PARAM_EXT_REQUEST_READ
Ignoring MAVLink2 message PARAM_EXT_REQUEST_LIST
Ignoring MAVLink2 message PARAM_EXT_VALUE
Ignoring MAVLink2 message PARAM_EXT_SET
Ignoring MAVLink2 message PARAM_EXT_ACK
Ignoring MAVLink2 message OBSTACLE_DISTANCE
Ignoring MAVLink2 message ODOMETRY
Ignoring MAVLink2 message TRAJECTORY_REPRESENTATION_WAYPOINTS
Ignoring MAVLink2 message TRAJECTORY_REPRESENTATION_BEZIER
Ignoring MAVLink2 message CELLULAR_STATUS
Ignoring MAVLink2 message ISBD_LINK_STATUS
Ignoring MAVLink2 message CELLULAR_CONFIG
Ignoring MAVLink2 message RAW_RPM
Ignoring MAVLink2 message UTM_GLOBAL_POSITION
Ignoring MAVLink2 message DEBUG_FLOAT_ARRAY
Ignoring MAVLink2 message ORBIT_EXECUTION_STATUS
Ignoring MAVLink2 message SMART_BATTERY_INFO
Ignoring MAVLink2 message GENERATOR_STATUS
Ignoring MAVLink2 message ACTUATOR_OUTPUT_STATUS
Ignoring MAVLink2 message TIME_ESTIMATE_TO_TARGET
Ignoring MAVLink2 message TUNNEL
Ignoring MAVLink2 message ONBOARD_COMPUTER_STATUS
Ignoring MAVLink2 message COMPONENT_INFORMATION
Ignoring MAVLink2 message PLAY_TUNE_V2
Ignoring MAVLink2 message SUPPORTED_TUNES
Ignoring MAVLink2 message EVENT
Ignoring MAVLink2 message CURRENT_EVENT_SEQUENCE
Ignoring MAVLink2 message REQUEST_EVENT
Ignoring MAVLink2 message RESPONSE_EVENT_ERROR
Ignoring MAVLink2 message WHEEL_DISTANCE
Ignoring MAVLink2 message WINCH_STATUS
Ignoring MAVLink2 message OPEN_DRONE_ID_BASIC_ID
Ignoring MAVLink2 message OPEN_DRONE_ID_LOCATION
Ignoring MAVLink2 message OPEN_DRONE_ID_AUTHENTICATION
Ignoring MAVLink2 message OPEN_DRONE_ID_SELF_ID
Ignoring MAVLink2 message OPEN_DRONE_ID_SYSTEM
Ignoring MAVLink2 message OPEN_DRONE_ID_OPERATOR_ID
Ignoring MAVLink2 message OPEN_DRONE_ID_MESSAGE_PACK
Ignoring MAVLink2 message HYGROMETER_SENSOR
Validation skipped for /home/abhimanyu/bluerov_ws/src/mavlink/message_definitions/v1.0/minimal.xml.
Parsing /home/abhimanyu/bluerov_ws/src/mavlink/message_definitions/v1.0/minimal.xml
Validation skipped for /home/abhimanyu/bluerov_ws/src/mavlink/message_definitions/v1.0/development.xml.
Parsing /home/abhimanyu/bluerov_ws/src/mavlink/message_definitions/v1.0/development.xml
Ignoring MAVLink2 message AIRSPEED
Ignoring MAVLink2 message WIFI_NETWORK_INFO
Ignoring MAVLink2 message COMPONENT_INFORMATION_BASIC
Ignoring MAVLink2 message GROUP_START
Ignoring MAVLink2 message GROUP_END
Found 215 MAVLink message types in 2 XML files
Validation skipped for /home/abhimanyu/bluerov_ws/src/mavlink/message_definitions/v1.0/icarous.xml.
Parsing /home/abhimanyu/bluerov_ws/src/mavlink/message_definitions/v1.0/icarous.xml
Ignoring MAVLink2 message ICAROUS_HEARTBEAT
Ignoring MAVLink2 message ICAROUS_KINEMATIC_BANDS
Validation skipped for /home/abhimanyu/bluerov_ws/src/mavlink/message_definitions/v1.0/minimal.xml.
Parsing /home/abhimanyu/bluerov_ws/src/mavlink/message_definitions/v1.0/minimal.xml
Generating C headers
Generating C implementation in directory include/v2.0/common
Ignoring MAVLink2 message PROTOCOL_VERSION
Validation skipped for /home/abhimanyu/bluerov_ws/src/mavlink/message_definitions/v1.0/python_array_test.xml.
Parsing /home/abhimanyu/bluerov_ws/src/mavlink/message_definitions/v1.0/python_array_test.xml
Ignoring MAVLink2 message ARRAY_TEST_0
Ignoring MAVLink2 message ARRAY_TEST_1
Ignoring MAVLink2 message ARRAY_TEST_3
Ignoring MAVLink2 message ARRAY_TEST_4
Ignoring MAVLink2 message ARRAY_TEST_5
Ignoring MAVLink2 message ARRAY_TEST_6
Ignoring MAVLink2 message ARRAY_TEST_7
Ignoring MAVLink2 message ARRAY_TEST_8
Validation skipped for /home/abhimanyu/bluerov_ws/src/mavlink/message_definitions/v1.0/standard.xml.
Parsing /home/abhimanyu/bluerov_ws/src/mavlink/message_definitions/v1.0/standard.xml
Validation skipped for /home/abhimanyu/bluerov_ws/src/mavlink/message_definitions/v1.0/test.xml.
Parsing /home/abhimanyu/bluerov_ws/src/mavlink/message_definitions/v1.0/test.xml
Ignoring MAVLink2 message TEST_TYPES
Validation skipped for /home/abhimanyu/bluerov_ws/src/mavlink/message_definitions/v1.0/ualberta.xml.
Parsing /home/abhimanyu/bluerov_ws/src/mavlink/message_definitions/v1.0/ualberta.xml
Validation skipped for /home/abhimanyu/bluerov_ws/src/mavlink/message_definitions/v1.0/uAvionix.xml.
Parsing /home/abhimanyu/bluerov_ws/src/mavlink/message_definitions/v1.0/uAvionix.xml
Ignoring MAVLink2 message UAVIONIX_ADSB_OUT_CFG
Ignoring MAVLink2 message UAVIONIX_ADSB_OUT_DYNAMIC
Ignoring MAVLink2 message UAVIONIX_ADSB_TRANSCEIVER_HEALTH_REPORT
Validation skipped for /home/abhimanyu/bluerov_ws/src/mavlink/external/dialects/storm32.xml.
Parsing /home/abhimanyu/bluerov_ws/src/mavlink/external/dialects/storm32.xml
Ignoring MAVLink2 message STORM32_GIMBAL_DEVICE_STATUS
Ignoring MAVLink2 message STORM32_GIMBAL_DEVICE_CONTROL
Ignoring MAVLink2 message STORM32_GIMBAL_MANAGER_INFORMATION
Ignoring MAVLink2 message STORM32_GIMBAL_MANAGER_STATUS
Ignoring MAVLink2 message STORM32_GIMBAL_MANAGER_CONTROL
Ignoring MAVLink2 message STORM32_GIMBAL_MANAGER_CONTROL_PITCHYAW
Ignoring MAVLink2 message STORM32_GIMBAL_MANAGER_CORRECT_ROLL
Ignoring MAVLink2 message STORM32_GIMBAL_MANAGER_PROFILE
Ignoring MAVLink2 message QSHOT_STATUS
Ignoring MAVLink2 message COMPONENT_PREARM_STATUS
Validation skipped for /home/abhimanyu/bluerov_ws/src/mavlink/external/dialects/AVSSUAS.xml.
Parsing /home/abhimanyu/bluerov_ws/src/mavlink/external/dialects/AVSSUAS.xml
Ignoring MAVLink2 message AVSS_PRS_SYS_STATUS
Merged enum MAV_CMD
Merged enum MAV_CMD
Merged enum MAV_CMD
Merged enum MAV_CMD
Merged enum MAV_CMD
Merged enum MAV_CMD
Found 198 MAVLink message types in 14 XML files
Generating C implementation in directory include/v1.0/all
Generating C implementation in directory include/v1.0/ardupilotmega
Generating C implementation in directory include/v1.0/ASLUAV
Generating C implementation in directory include/v1.0/common
Generating C implementation in directory include/v1.0/development
Generating C implementation in directory include/v1.0/icarous
Generating C implementation in directory include/v1.0/minimal
Generating C implementation in directory include/v1.0/python_array_test
Generating C implementation in directory include/v1.0/standard
Generating C implementation in directory include/v1.0/test
Generating C implementation in directory include/v1.0/ualberta
Generating C implementation in directory include/v1.0/uAvionix
Generating C implementation in directory include/v1.0/storm32
Generating C implementation in directory include/v1.0/AVSSUAS
Copying fixed headers for protocol 1.0 to include/v1.0
[100%] Built target all.xml-v1.0
Generating C implementation in directory include/v2.0/minimal
Copying fixed headers for protocol 2.0 to include/v2.0
Generating C++ implementation in directory include/v2.0/common
Generating C++ implementation in directory include/v2.0/minimal
Copying fixed C++ headers for protocol 2.0 to include/v2.0
[100%] Built target common.xml-v2.0
