/usr/bin/cmake -S/home/abhimanyu/bluerov_ws/src/mavlink -B/home/abhimanyu/bluerov_ws/build/mavlink --check-build-system CMakeFiles/Makefile.cmake 0
/usr/bin/cmake -E cmake_progress_start /home/abhimanyu/bluerov_ws/build/mavlink/CMakeFiles /home/abhimanyu/bluerov_ws/build/mavlink/CMakeFiles/progress.marks
/usr/bin/make -f CMakeFiles/Makefile2 all
make[1]: Entering directory '/home/abhimanyu/bluerov_ws/build/mavlink'
/usr/bin/make -f CMakeFiles/standard.xml-v2.0.dir/build.make CMakeFiles/standard.xml-v2.0.dir/depend
make[2]: Entering directory '/home/abhimanyu/bluerov_ws/build/mavlink'
cd /home/abhimanyu/bluerov_ws/build/mavlink && /usr/bin/cmake -E cmake_depends "Unix Makefiles" /home/abhimanyu/bluerov_ws/src/mavlink /home/abhimanyu/bluerov_ws/src/mavlink /home/abhimanyu/bluerov_ws/build/mavlink /home/abhimanyu/bluerov_ws/build/mavlink /home/abhimanyu/bluerov_ws/build/mavlink/CMakeFiles/standard.xml-v2.0.dir/DependInfo.cmake --color=
make[2]: Leaving directory '/home/abhimanyu/bluerov_ws/build/mavlink'
/usr/bin/make -f CMakeFiles/standard.xml-v2.0.dir/build.make CMakeFiles/standard.xml-v2.0.dir/build
make[2]: Entering directory '/home/abhimanyu/bluerov_ws/build/mavlink'
make[2]: Nothing to be done for 'CMakeFiles/standard.xml-v2.0.dir/build'.
make[2]: Leaving directory '/home/abhimanyu/bluerov_ws/build/mavlink'
[  4%] Built target standard.xml-v2.0
/usr/bin/make -f CMakeFiles/paparazzi.xml-v2.0.dir/build.make CMakeFiles/paparazzi.xml-v2.0.dir/depend
make[2]: Entering directory '/home/abhimanyu/bluerov_ws/build/mavlink'
cd /home/abhimanyu/bluerov_ws/build/mavlink && /usr/bin/cmake -E cmake_depends "Unix Makefiles" /home/abhimanyu/bluerov_ws/src/mavlink /home/abhimanyu/bluerov_ws/src/mavlink /home/abhimanyu/bluerov_ws/build/mavlink /home/abhimanyu/bluerov_ws/build/mavlink /home/abhimanyu/bluerov_ws/build/mavlink/CMakeFiles/paparazzi.xml-v2.0.dir/DependInfo.cmake --color=
make[2]: Leaving directory '/home/abhimanyu/bluerov_ws/build/mavlink'
/usr/bin/make -f CMakeFiles/paparazzi.xml-v2.0.dir/build.make CMakeFiles/paparazzi.xml-v2.0.dir/build
make[2]: Entering directory '/home/abhimanyu/bluerov_ws/build/mavlink'
make[2]: Nothing to be done for 'CMakeFiles/paparazzi.xml-v2.0.dir/build'.
make[2]: Leaving directory '/home/abhimanyu/bluerov_ws/build/mavlink'
[  9%] Built target paparazzi.xml-v2.0
/usr/bin/make -f CMakeFiles/matrixpilot.xml-v2.0.dir/build.make CMakeFiles/matrixpilot.xml-v2.0.dir/depend
make[2]: Entering directory '/home/abhimanyu/bluerov_ws/build/mavlink'
cd /home/abhimanyu/bluerov_ws/build/mavlink && /usr/bin/cmake -E cmake_depends "Unix Makefiles" /home/abhimanyu/bluerov_ws/src/mavlink /home/abhimanyu/bluerov_ws/src/mavlink /home/abhimanyu/bluerov_ws/build/mavlink /home/abhimanyu/bluerov_ws/build/mavlink /home/abhimanyu/bluerov_ws/build/mavlink/CMakeFiles/matrixpilot.xml-v2.0.dir/DependInfo.cmake --color=
make[2]: Leaving directory '/home/abhimanyu/bluerov_ws/build/mavlink'
/usr/bin/make -f CMakeFiles/matrixpilot.xml-v2.0.dir/build.make CMakeFiles/matrixpilot.xml-v2.0.dir/build
make[2]: Entering directory '/home/abhimanyu/bluerov_ws/build/mavlink'
make[2]: Nothing to be done for 'CMakeFiles/matrixpilot.xml-v2.0.dir/build'.
make[2]: Leaving directory '/home/abhimanyu/bluerov_ws/build/mavlink'
[ 13%] Built target matrixpilot.xml-v2.0
/usr/bin/make -f CMakeFiles/icarous.xml-v2.0.dir/build.make CMakeFiles/icarous.xml-v2.0.dir/depend
make[2]: Entering directory '/home/abhimanyu/bluerov_ws/build/mavlink'
cd /home/abhimanyu/bluerov_ws/build/mavlink && /usr/bin/cmake -E cmake_depends "Unix Makefiles" /home/abhimanyu/bluerov_ws/src/mavlink /home/abhimanyu/bluerov_ws/src/mavlink /home/abhimanyu/bluerov_ws/build/mavlink /home/abhimanyu/bluerov_ws/build/mavlink /home/abhimanyu/bluerov_ws/build/mavlink/CMakeFiles/icarous.xml-v2.0.dir/DependInfo.cmake --color=
make[2]: Leaving directory '/home/abhimanyu/bluerov_ws/build/mavlink'
/usr/bin/make -f CMakeFiles/icarous.xml-v2.0.dir/build.make CMakeFiles/icarous.xml-v2.0.dir/build
make[2]: Entering directory '/home/abhimanyu/bluerov_ws/build/mavlink'
make[2]: Nothing to be done for 'CMakeFiles/icarous.xml-v2.0.dir/build'.
make[2]: Leaving directory '/home/abhimanyu/bluerov_ws/build/mavlink'
[ 18%] Built target icarous.xml-v2.0
/usr/bin/make -f CMakeFiles/development.xml-v2.0.dir/build.make CMakeFiles/development.xml-v2.0.dir/depend
make[2]: Entering directory '/home/abhimanyu/bluerov_ws/build/mavlink'
cd /home/abhimanyu/bluerov_ws/build/mavlink && /usr/bin/cmake -E cmake_depends "Unix Makefiles" /home/abhimanyu/bluerov_ws/src/mavlink /home/abhimanyu/bluerov_ws/src/mavlink /home/abhimanyu/bluerov_ws/build/mavlink /home/abhimanyu/bluerov_ws/build/mavlink /home/abhimanyu/bluerov_ws/build/mavlink/CMakeFiles/development.xml-v2.0.dir/DependInfo.cmake --color=
make[2]: Leaving directory '/home/abhimanyu/bluerov_ws/build/mavlink'
/usr/bin/make -f CMakeFiles/development.xml-v2.0.dir/build.make CMakeFiles/development.xml-v2.0.dir/build
make[2]: Entering directory '/home/abhimanyu/bluerov_ws/build/mavlink'
make[2]: Nothing to be done for 'CMakeFiles/development.xml-v2.0.dir/build'.
make[2]: Leaving directory '/home/abhimanyu/bluerov_ws/build/mavlink'
[ 22%] Built target development.xml-v2.0
/usr/bin/make -f CMakeFiles/all.xml-v2.0.dir/build.make CMakeFiles/all.xml-v2.0.dir/depend
make[2]: Entering directory '/home/abhimanyu/bluerov_ws/build/mavlink'
cd /home/abhimanyu/bluerov_ws/build/mavlink && /usr/bin/cmake -E cmake_depends "Unix Makefiles" /home/abhimanyu/bluerov_ws/src/mavlink /home/abhimanyu/bluerov_ws/src/mavlink /home/abhimanyu/bluerov_ws/build/mavlink /home/abhimanyu/bluerov_ws/build/mavlink /home/abhimanyu/bluerov_ws/build/mavlink/CMakeFiles/all.xml-v2.0.dir/DependInfo.cmake --color=
make[2]: Leaving directory '/home/abhimanyu/bluerov_ws/build/mavlink'
/usr/bin/make -f CMakeFiles/all.xml-v2.0.dir/build.make CMakeFiles/all.xml-v2.0.dir/build
make[2]: Entering directory '/home/abhimanyu/bluerov_ws/build/mavlink'
make[2]: Nothing to be done for 'CMakeFiles/all.xml-v2.0.dir/build'.
make[2]: Leaving directory '/home/abhimanyu/bluerov_ws/build/mavlink'
[ 27%] Built target all.xml-v2.0
/usr/bin/make -f CMakeFiles/ardupilotmega.xml-v2.0.dir/build.make CMakeFiles/ardupilotmega.xml-v2.0.dir/depend
make[2]: Entering directory '/home/abhimanyu/bluerov_ws/build/mavlink'
cd /home/abhimanyu/bluerov_ws/build/mavlink && /usr/bin/cmake -E cmake_depends "Unix Makefiles" /home/abhimanyu/bluerov_ws/src/mavlink /home/abhimanyu/bluerov_ws/src/mavlink /home/abhimanyu/bluerov_ws/build/mavlink /home/abhimanyu/bluerov_ws/build/mavlink /home/abhimanyu/bluerov_ws/build/mavlink/CMakeFiles/ardupilotmega.xml-v2.0.dir/DependInfo.cmake --color=
make[2]: Leaving directory '/home/abhimanyu/bluerov_ws/build/mavlink'
/usr/bin/make -f CMakeFiles/ardupilotmega.xml-v2.0.dir/build.make CMakeFiles/ardupilotmega.xml-v2.0.dir/build
make[2]: Entering directory '/home/abhimanyu/bluerov_ws/build/mavlink'
make[2]: Nothing to be done for 'CMakeFiles/ardupilotmega.xml-v2.0.dir/build'.
make[2]: Leaving directory '/home/abhimanyu/bluerov_ws/build/mavlink'
[ 31%] Built target ardupilotmega.xml-v2.0
/usr/bin/make -f CMakeFiles/ualberta.xml-v2.0.dir/build.make CMakeFiles/ualberta.xml-v2.0.dir/depend
make[2]: Entering directory '/home/abhimanyu/bluerov_ws/build/mavlink'
cd /home/abhimanyu/bluerov_ws/build/mavlink && /usr/bin/cmake -E cmake_depends "Unix Makefiles" /home/abhimanyu/bluerov_ws/src/mavlink /home/abhimanyu/bluerov_ws/src/mavlink /home/abhimanyu/bluerov_ws/build/mavlink /home/abhimanyu/bluerov_ws/build/mavlink /home/abhimanyu/bluerov_ws/build/mavlink/CMakeFiles/ualberta.xml-v2.0.dir/DependInfo.cmake --color=
make[2]: Leaving directory '/home/abhimanyu/bluerov_ws/build/mavlink'
/usr/bin/make -f CMakeFiles/ualberta.xml-v2.0.dir/build.make CMakeFiles/ualberta.xml-v2.0.dir/build
make[2]: Entering directory '/home/abhimanyu/bluerov_ws/build/mavlink'
make[2]: Nothing to be done for 'CMakeFiles/ualberta.xml-v2.0.dir/build'.
make[2]: Leaving directory '/home/abhimanyu/bluerov_ws/build/mavlink'
[ 36%] Built target ualberta.xml-v2.0
/usr/bin/make -f CMakeFiles/uAvionix.xml-v2.0.dir/build.make CMakeFiles/uAvionix.xml-v2.0.dir/depend
make[2]: Entering directory '/home/abhimanyu/bluerov_ws/build/mavlink'
cd /home/abhimanyu/bluerov_ws/build/mavlink && /usr/bin/cmake -E cmake_depends "Unix Makefiles" /home/abhimanyu/bluerov_ws/src/mavlink /home/abhimanyu/bluerov_ws/src/mavlink /home/abhimanyu/bluerov_ws/build/mavlink /home/abhimanyu/bluerov_ws/build/mavlink /home/abhimanyu/bluerov_ws/build/mavlink/CMakeFiles/uAvionix.xml-v2.0.dir/DependInfo.cmake --color=
make[2]: Leaving directory '/home/abhimanyu/bluerov_ws/build/mavlink'
/usr/bin/make -f CMakeFiles/uAvionix.xml-v2.0.dir/build.make CMakeFiles/uAvionix.xml-v2.0.dir/build
make[2]: Entering directory '/home/abhimanyu/bluerov_ws/build/mavlink'
make[2]: Nothing to be done for 'CMakeFiles/uAvionix.xml-v2.0.dir/build'.
make[2]: Leaving directory '/home/abhimanyu/bluerov_ws/build/mavlink'
[ 40%] Built target uAvionix.xml-v2.0
/usr/bin/make -f CMakeFiles/ASLUAV.xml-v2.0.dir/build.make CMakeFiles/ASLUAV.xml-v2.0.dir/depend
make[2]: Entering directory '/home/abhimanyu/bluerov_ws/build/mavlink'
cd /home/abhimanyu/bluerov_ws/build/mavlink && /usr/bin/cmake -E cmake_depends "Unix Makefiles" /home/abhimanyu/bluerov_ws/src/mavlink /home/abhimanyu/bluerov_ws/src/mavlink /home/abhimanyu/bluerov_ws/build/mavlink /home/abhimanyu/bluerov_ws/build/mavlink /home/abhimanyu/bluerov_ws/build/mavlink/CMakeFiles/ASLUAV.xml-v2.0.dir/DependInfo.cmake --color=
make[2]: Leaving directory '/home/abhimanyu/bluerov_ws/build/mavlink'
/usr/bin/make -f CMakeFiles/ASLUAV.xml-v2.0.dir/build.make CMakeFiles/ASLUAV.xml-v2.0.dir/build
make[2]: Entering directory '/home/abhimanyu/bluerov_ws/build/mavlink'
make[2]: Nothing to be done for 'CMakeFiles/ASLUAV.xml-v2.0.dir/build'.
make[2]: Leaving directory '/home/abhimanyu/bluerov_ws/build/mavlink'
[ 45%] Built target ASLUAV.xml-v2.0
/usr/bin/make -f CMakeFiles/ASLUAV.xml-v1.0.dir/build.make CMakeFiles/ASLUAV.xml-v1.0.dir/depend
make[2]: Entering directory '/home/abhimanyu/bluerov_ws/build/mavlink'
cd /home/abhimanyu/bluerov_ws/build/mavlink && /usr/bin/cmake -E cmake_depends "Unix Makefiles" /home/abhimanyu/bluerov_ws/src/mavlink /home/abhimanyu/bluerov_ws/src/mavlink /home/abhimanyu/bluerov_ws/build/mavlink /home/abhimanyu/bluerov_ws/build/mavlink /home/abhimanyu/bluerov_ws/build/mavlink/CMakeFiles/ASLUAV.xml-v1.0.dir/DependInfo.cmake --color=
make[2]: Leaving directory '/home/abhimanyu/bluerov_ws/build/mavlink'
/usr/bin/make -f CMakeFiles/ASLUAV.xml-v1.0.dir/build.make CMakeFiles/ASLUAV.xml-v1.0.dir/build
make[2]: Entering directory '/home/abhimanyu/bluerov_ws/build/mavlink'
make[2]: Nothing to be done for 'CMakeFiles/ASLUAV.xml-v1.0.dir/build'.
make[2]: Leaving directory '/home/abhimanyu/bluerov_ws/build/mavlink'
[ 50%] Built target ASLUAV.xml-v1.0
/usr/bin/make -f CMakeFiles/development.xml-v1.0.dir/build.make CMakeFiles/development.xml-v1.0.dir/depend
make[2]: Entering directory '/home/abhimanyu/bluerov_ws/build/mavlink'
cd /home/abhimanyu/bluerov_ws/build/mavlink && /usr/bin/cmake -E cmake_depends "Unix Makefiles" /home/abhimanyu/bluerov_ws/src/mavlink /home/abhimanyu/bluerov_ws/src/mavlink /home/abhimanyu/bluerov_ws/build/mavlink /home/abhimanyu/bluerov_ws/build/mavlink /home/abhimanyu/bluerov_ws/build/mavlink/CMakeFiles/development.xml-v1.0.dir/DependInfo.cmake --color=
make[2]: Leaving directory '/home/abhimanyu/bluerov_ws/build/mavlink'
/usr/bin/make -f CMakeFiles/development.xml-v1.0.dir/build.make CMakeFiles/development.xml-v1.0.dir/build
make[2]: Entering directory '/home/abhimanyu/bluerov_ws/build/mavlink'
make[2]: Nothing to be done for 'CMakeFiles/development.xml-v1.0.dir/build'.
make[2]: Leaving directory '/home/abhimanyu/bluerov_ws/build/mavlink'
[ 54%] Built target development.xml-v1.0
/usr/bin/make -f CMakeFiles/ardupilotmega.xml-v1.0.dir/build.make CMakeFiles/ardupilotmega.xml-v1.0.dir/depend
make[2]: Entering directory '/home/abhimanyu/bluerov_ws/build/mavlink'
cd /home/abhimanyu/bluerov_ws/build/mavlink && /usr/bin/cmake -E cmake_depends "Unix Makefiles" /home/abhimanyu/bluerov_ws/src/mavlink /home/abhimanyu/bluerov_ws/src/mavlink /home/abhimanyu/bluerov_ws/build/mavlink /home/abhimanyu/bluerov_ws/build/mavlink /home/abhimanyu/bluerov_ws/build/mavlink/CMakeFiles/ardupilotmega.xml-v1.0.dir/DependInfo.cmake --color=
make[2]: Leaving directory '/home/abhimanyu/bluerov_ws/build/mavlink'
/usr/bin/make -f CMakeFiles/ardupilotmega.xml-v1.0.dir/build.make CMakeFiles/ardupilotmega.xml-v1.0.dir/build
make[2]: Entering directory '/home/abhimanyu/bluerov_ws/build/mavlink'
make[2]: Nothing to be done for 'CMakeFiles/ardupilotmega.xml-v1.0.dir/build'.
make[2]: Leaving directory '/home/abhimanyu/bluerov_ws/build/mavlink'
[ 59%] Built target ardupilotmega.xml-v1.0
/usr/bin/make -f CMakeFiles/paparazzi.xml-v1.0.dir/build.make CMakeFiles/paparazzi.xml-v1.0.dir/depend
make[2]: Entering directory '/home/abhimanyu/bluerov_ws/build/mavlink'
cd /home/abhimanyu/bluerov_ws/build/mavlink && /usr/bin/cmake -E cmake_depends "Unix Makefiles" /home/abhimanyu/bluerov_ws/src/mavlink /home/abhimanyu/bluerov_ws/src/mavlink /home/abhimanyu/bluerov_ws/build/mavlink /home/abhimanyu/bluerov_ws/build/mavlink /home/abhimanyu/bluerov_ws/build/mavlink/CMakeFiles/paparazzi.xml-v1.0.dir/DependInfo.cmake --color=
make[2]: Leaving directory '/home/abhimanyu/bluerov_ws/build/mavlink'
/usr/bin/make -f CMakeFiles/paparazzi.xml-v1.0.dir/build.make CMakeFiles/paparazzi.xml-v1.0.dir/build
make[2]: Entering directory '/home/abhimanyu/bluerov_ws/build/mavlink'
make[2]: Nothing to be done for 'CMakeFiles/paparazzi.xml-v1.0.dir/build'.
make[2]: Leaving directory '/home/abhimanyu/bluerov_ws/build/mavlink'
[ 63%] Built target paparazzi.xml-v1.0
/usr/bin/make -f CMakeFiles/icarous.xml-v1.0.dir/build.make CMakeFiles/icarous.xml-v1.0.dir/depend
make[2]: Entering directory '/home/abhimanyu/bluerov_ws/build/mavlink'
cd /home/abhimanyu/bluerov_ws/build/mavlink && /usr/bin/cmake -E cmake_depends "Unix Makefiles" /home/abhimanyu/bluerov_ws/src/mavlink /home/abhimanyu/bluerov_ws/src/mavlink /home/abhimanyu/bluerov_ws/build/mavlink /home/abhimanyu/bluerov_ws/build/mavlink /home/abhimanyu/bluerov_ws/build/mavlink/CMakeFiles/icarous.xml-v1.0.dir/DependInfo.cmake --color=
make[2]: Leaving directory '/home/abhimanyu/bluerov_ws/build/mavlink'
/usr/bin/make -f CMakeFiles/icarous.xml-v1.0.dir/build.make CMakeFiles/icarous.xml-v1.0.dir/build
make[2]: Entering directory '/home/abhimanyu/bluerov_ws/build/mavlink'
make[2]: Nothing to be done for 'CMakeFiles/icarous.xml-v1.0.dir/build'.
make[2]: Leaving directory '/home/abhimanyu/bluerov_ws/build/mavlink'
[ 68%] Built target icarous.xml-v1.0
/usr/bin/make -f CMakeFiles/matrixpilot.xml-v1.0.dir/build.make CMakeFiles/matrixpilot.xml-v1.0.dir/depend
make[2]: Entering directory '/home/abhimanyu/bluerov_ws/build/mavlink'
cd /home/abhimanyu/bluerov_ws/build/mavlink && /usr/bin/cmake -E cmake_depends "Unix Makefiles" /home/abhimanyu/bluerov_ws/src/mavlink /home/abhimanyu/bluerov_ws/src/mavlink /home/abhimanyu/bluerov_ws/build/mavlink /home/abhimanyu/bluerov_ws/build/mavlink /home/abhimanyu/bluerov_ws/build/mavlink/CMakeFiles/matrixpilot.xml-v1.0.dir/DependInfo.cmake --color=
make[2]: Leaving directory '/home/abhimanyu/bluerov_ws/build/mavlink'
/usr/bin/make -f CMakeFiles/matrixpilot.xml-v1.0.dir/build.make CMakeFiles/matrixpilot.xml-v1.0.dir/build
make[2]: Entering directory '/home/abhimanyu/bluerov_ws/build/mavlink'
make[2]: Nothing to be done for 'CMakeFiles/matrixpilot.xml-v1.0.dir/build'.
make[2]: Leaving directory '/home/abhimanyu/bluerov_ws/build/mavlink'
[ 72%] Built target matrixpilot.xml-v1.0
/usr/bin/make -f CMakeFiles/uAvionix.xml-v1.0.dir/build.make CMakeFiles/uAvionix.xml-v1.0.dir/depend
make[2]: Entering directory '/home/abhimanyu/bluerov_ws/build/mavlink'
cd /home/abhimanyu/bluerov_ws/build/mavlink && /usr/bin/cmake -E cmake_depends "Unix Makefiles" /home/abhimanyu/bluerov_ws/src/mavlink /home/abhimanyu/bluerov_ws/src/mavlink /home/abhimanyu/bluerov_ws/build/mavlink /home/abhimanyu/bluerov_ws/build/mavlink /home/abhimanyu/bluerov_ws/build/mavlink/CMakeFiles/uAvionix.xml-v1.0.dir/DependInfo.cmake --color=
make[2]: Leaving directory '/home/abhimanyu/bluerov_ws/build/mavlink'
/usr/bin/make -f CMakeFiles/uAvionix.xml-v1.0.dir/build.make CMakeFiles/uAvionix.xml-v1.0.dir/build
make[2]: Entering directory '/home/abhimanyu/bluerov_ws/build/mavlink'
make[2]: Nothing to be done for 'CMakeFiles/uAvionix.xml-v1.0.dir/build'.
make[2]: Leaving directory '/home/abhimanyu/bluerov_ws/build/mavlink'
[ 77%] Built target uAvionix.xml-v1.0
/usr/bin/make -f CMakeFiles/ualberta.xml-v1.0.dir/build.make CMakeFiles/ualberta.xml-v1.0.dir/depend
make[2]: Entering directory '/home/abhimanyu/bluerov_ws/build/mavlink'
cd /home/abhimanyu/bluerov_ws/build/mavlink && /usr/bin/cmake -E cmake_depends "Unix Makefiles" /home/abhimanyu/bluerov_ws/src/mavlink /home/abhimanyu/bluerov_ws/src/mavlink /home/abhimanyu/bluerov_ws/build/mavlink /home/abhimanyu/bluerov_ws/build/mavlink /home/abhimanyu/bluerov_ws/build/mavlink/CMakeFiles/ualberta.xml-v1.0.dir/DependInfo.cmake --color=
make[2]: Leaving directory '/home/abhimanyu/bluerov_ws/build/mavlink'
/usr/bin/make -f CMakeFiles/ualberta.xml-v1.0.dir/build.make CMakeFiles/ualberta.xml-v1.0.dir/build
make[2]: Entering directory '/home/abhimanyu/bluerov_ws/build/mavlink'
make[2]: Nothing to be done for 'CMakeFiles/ualberta.xml-v1.0.dir/build'.
make[2]: Leaving directory '/home/abhimanyu/bluerov_ws/build/mavlink'
[ 81%] Built target ualberta.xml-v1.0
/usr/bin/make -f CMakeFiles/common.xml-v1.0.dir/build.make CMakeFiles/common.xml-v1.0.dir/depend
make[2]: Entering directory '/home/abhimanyu/bluerov_ws/build/mavlink'
cd /home/abhimanyu/bluerov_ws/build/mavlink && /usr/bin/cmake -E cmake_depends "Unix Makefiles" /home/abhimanyu/bluerov_ws/src/mavlink /home/abhimanyu/bluerov_ws/src/mavlink /home/abhimanyu/bluerov_ws/build/mavlink /home/abhimanyu/bluerov_ws/build/mavlink /home/abhimanyu/bluerov_ws/build/mavlink/CMakeFiles/common.xml-v1.0.dir/DependInfo.cmake --color=
make[2]: Leaving directory '/home/abhimanyu/bluerov_ws/build/mavlink'
/usr/bin/make -f CMakeFiles/common.xml-v1.0.dir/build.make CMakeFiles/common.xml-v1.0.dir/build
make[2]: Entering directory '/home/abhimanyu/bluerov_ws/build/mavlink'
make[2]: Nothing to be done for 'CMakeFiles/common.xml-v1.0.dir/build'.
make[2]: Leaving directory '/home/abhimanyu/bluerov_ws/build/mavlink'
[ 86%] Built target common.xml-v1.0
/usr/bin/make -f CMakeFiles/standard.xml-v1.0.dir/build.make CMakeFiles/standard.xml-v1.0.dir/depend
make[2]: Entering directory '/home/abhimanyu/bluerov_ws/build/mavlink'
cd /home/abhimanyu/bluerov_ws/build/mavlink && /usr/bin/cmake -E cmake_depends "Unix Makefiles" /home/abhimanyu/bluerov_ws/src/mavlink /home/abhimanyu/bluerov_ws/src/mavlink /home/abhimanyu/bluerov_ws/build/mavlink /home/abhimanyu/bluerov_ws/build/mavlink /home/abhimanyu/bluerov_ws/build/mavlink/CMakeFiles/standard.xml-v1.0.dir/DependInfo.cmake --color=
make[2]: Leaving directory '/home/abhimanyu/bluerov_ws/build/mavlink'
/usr/bin/make -f CMakeFiles/standard.xml-v1.0.dir/build.make CMakeFiles/standard.xml-v1.0.dir/build
make[2]: Entering directory '/home/abhimanyu/bluerov_ws/build/mavlink'
make[2]: Nothing to be done for 'CMakeFiles/standard.xml-v1.0.dir/build'.
make[2]: Leaving directory '/home/abhimanyu/bluerov_ws/build/mavlink'
[ 90%] Built target standard.xml-v1.0
/usr/bin/make -f CMakeFiles/all.xml-v1.0.dir/build.make CMakeFiles/all.xml-v1.0.dir/depend
make[2]: Entering directory '/home/abhimanyu/bluerov_ws/build/mavlink'
cd /home/abhimanyu/bluerov_ws/build/mavlink && /usr/bin/cmake -E cmake_depends "Unix Makefiles" /home/abhimanyu/bluerov_ws/src/mavlink /home/abhimanyu/bluerov_ws/src/mavlink /home/abhimanyu/bluerov_ws/build/mavlink /home/abhimanyu/bluerov_ws/build/mavlink /home/abhimanyu/bluerov_ws/build/mavlink/CMakeFiles/all.xml-v1.0.dir/DependInfo.cmake --color=
make[2]: Leaving directory '/home/abhimanyu/bluerov_ws/build/mavlink'
/usr/bin/make -f CMakeFiles/all.xml-v1.0.dir/build.make CMakeFiles/all.xml-v1.0.dir/build
make[2]: Entering directory '/home/abhimanyu/bluerov_ws/build/mavlink'
make[2]: Nothing to be done for 'CMakeFiles/all.xml-v1.0.dir/build'.
make[2]: Leaving directory '/home/abhimanyu/bluerov_ws/build/mavlink'
[ 95%] Built target all.xml-v1.0
/usr/bin/make -f CMakeFiles/common.xml-v2.0.dir/build.make CMakeFiles/common.xml-v2.0.dir/depend
make[2]: Entering directory '/home/abhimanyu/bluerov_ws/build/mavlink'
cd /home/abhimanyu/bluerov_ws/build/mavlink && /usr/bin/cmake -E cmake_depends "Unix Makefiles" /home/abhimanyu/bluerov_ws/src/mavlink /home/abhimanyu/bluerov_ws/src/mavlink /home/abhimanyu/bluerov_ws/build/mavlink /home/abhimanyu/bluerov_ws/build/mavlink /home/abhimanyu/bluerov_ws/build/mavlink/CMakeFiles/common.xml-v2.0.dir/DependInfo.cmake --color=
make[2]: Leaving directory '/home/abhimanyu/bluerov_ws/build/mavlink'
/usr/bin/make -f CMakeFiles/common.xml-v2.0.dir/build.make CMakeFiles/common.xml-v2.0.dir/build
make[2]: Entering directory '/home/abhimanyu/bluerov_ws/build/mavlink'
make[2]: Nothing to be done for 'CMakeFiles/common.xml-v2.0.dir/build'.
make[2]: Leaving directory '/home/abhimanyu/bluerov_ws/build/mavlink'
[100%] Built target common.xml-v2.0
make[1]: Leaving directory '/home/abhimanyu/bluerov_ws/build/mavlink'
/usr/bin/cmake -E cmake_progress_start /home/abhimanyu/bluerov_ws/build/mavlink/CMakeFiles 0
