/usr/bin/cmake -S/home/abhimanyu/bluerov_ws/src/mavros/mavros_extras -B/home/abhimanyu/bluerov_ws/build/mavros_extras --check-build-system CMakeFiles/Makefile.cmake 0
/usr/bin/cmake -E cmake_progress_start /home/abhimanyu/bluerov_ws/build/mavros_extras/CMakeFiles /home/abhimanyu/bluerov_ws/build/mavros_extras/CMakeFiles/progress.marks
/usr/bin/make -f CMakeFiles/Makefile2 all
make[1]: Entering directory '/home/abhimanyu/bluerov_ws/build/mavros_extras'
/usr/bin/make -f CMakeFiles/servo_state_publisher.dir/build.make CMakeFiles/servo_state_publisher.dir/depend
make[2]: Entering directory '/home/abhimanyu/bluerov_ws/build/mavros_extras'
cd /home/abhimanyu/bluerov_ws/build/mavros_extras && /usr/bin/cmake -E cmake_depends "Unix Makefiles" /home/abhimanyu/bluerov_ws/src/mavros/mavros_extras /home/abhimanyu/bluerov_ws/src/mavros/mavros_extras /home/abhimanyu/bluerov_ws/build/mavros_extras /home/abhimanyu/bluerov_ws/build/mavros_extras /home/abhimanyu/bluerov_ws/build/mavros_extras/CMakeFiles/servo_state_publisher.dir/DependInfo.cmake --color=
make[2]: Leaving directory '/home/abhimanyu/bluerov_ws/build/mavros_extras'
/usr/bin/make -f CMakeFiles/servo_state_publisher.dir/build.make CMakeFiles/servo_state_publisher.dir/build
make[2]: Entering directory '/home/abhimanyu/bluerov_ws/build/mavros_extras'
make[2]: Nothing to be done for 'CMakeFiles/servo_state_publisher.dir/build'.
make[2]: Leaving directory '/home/abhimanyu/bluerov_ws/build/mavros_extras'
[  5%] Built target servo_state_publisher
/usr/bin/make -f CMakeFiles/actionlib_msgs_generate_messages_nodejs.dir/build.make CMakeFiles/actionlib_msgs_generate_messages_nodejs.dir/depend
make[2]: Entering directory '/home/abhimanyu/bluerov_ws/build/mavros_extras'
cd /home/abhimanyu/bluerov_ws/build/mavros_extras && /usr/bin/cmake -E cmake_depends "Unix Makefiles" /home/abhimanyu/bluerov_ws/src/mavros/mavros_extras /home/abhimanyu/bluerov_ws/src/mavros/mavros_extras /home/abhimanyu/bluerov_ws/build/mavros_extras /home/abhimanyu/bluerov_ws/build/mavros_extras /home/abhimanyu/bluerov_ws/build/mavros_extras/CMakeFiles/actionlib_msgs_generate_messages_nodejs.dir/DependInfo.cmake --color=
make[2]: Leaving directory '/home/abhimanyu/bluerov_ws/build/mavros_extras'
/usr/bin/make -f CMakeFiles/actionlib_msgs_generate_messages_nodejs.dir/build.make CMakeFiles/actionlib_msgs_generate_messages_nodejs.dir/build
make[2]: Entering directory '/home/abhimanyu/bluerov_ws/build/mavros_extras'
make[2]: Nothing to be done for 'CMakeFiles/actionlib_msgs_generate_messages_nodejs.dir/build'.
make[2]: Leaving directory '/home/abhimanyu/bluerov_ws/build/mavros_extras'
[  5%] Built target actionlib_msgs_generate_messages_nodejs
/usr/bin/make -f CMakeFiles/visualization_msgs_generate_messages_py.dir/build.make CMakeFiles/visualization_msgs_generate_messages_py.dir/depend
make[2]: Entering directory '/home/abhimanyu/bluerov_ws/build/mavros_extras'
cd /home/abhimanyu/bluerov_ws/build/mavros_extras && /usr/bin/cmake -E cmake_depends "Unix Makefiles" /home/abhimanyu/bluerov_ws/src/mavros/mavros_extras /home/abhimanyu/bluerov_ws/src/mavros/mavros_extras /home/abhimanyu/bluerov_ws/build/mavros_extras /home/abhimanyu/bluerov_ws/build/mavros_extras /home/abhimanyu/bluerov_ws/build/mavros_extras/CMakeFiles/visualization_msgs_generate_messages_py.dir/DependInfo.cmake --color=
make[2]: Leaving directory '/home/abhimanyu/bluerov_ws/build/mavros_extras'
/usr/bin/make -f CMakeFiles/visualization_msgs_generate_messages_py.dir/build.make CMakeFiles/visualization_msgs_generate_messages_py.dir/build
make[2]: Entering directory '/home/abhimanyu/bluerov_ws/build/mavros_extras'
make[2]: Nothing to be done for 'CMakeFiles/visualization_msgs_generate_messages_py.dir/build'.
make[2]: Leaving directory '/home/abhimanyu/bluerov_ws/build/mavros_extras'
[  5%] Built target visualization_msgs_generate_messages_py
/usr/bin/make -f CMakeFiles/visualization_msgs_generate_messages_nodejs.dir/build.make CMakeFiles/visualization_msgs_generate_messages_nodejs.dir/depend
make[2]: Entering directory '/home/abhimanyu/bluerov_ws/build/mavros_extras'
cd /home/abhimanyu/bluerov_ws/build/mavros_extras && /usr/bin/cmake -E cmake_depends "Unix Makefiles" /home/abhimanyu/bluerov_ws/src/mavros/mavros_extras /home/abhimanyu/bluerov_ws/src/mavros/mavros_extras /home/abhimanyu/bluerov_ws/build/mavros_extras /home/abhimanyu/bluerov_ws/build/mavros_extras /home/abhimanyu/bluerov_ws/build/mavros_extras/CMakeFiles/visualization_msgs_generate_messages_nodejs.dir/DependInfo.cmake --color=
make[2]: Leaving directory '/home/abhimanyu/bluerov_ws/build/mavros_extras'
/usr/bin/make -f CMakeFiles/visualization_msgs_generate_messages_nodejs.dir/build.make CMakeFiles/visualization_msgs_generate_messages_nodejs.dir/build
make[2]: Entering directory '/home/abhimanyu/bluerov_ws/build/mavros_extras'
make[2]: Nothing to be done for 'CMakeFiles/visualization_msgs_generate_messages_nodejs.dir/build'.
make[2]: Leaving directory '/home/abhimanyu/bluerov_ws/build/mavros_extras'
[  5%] Built target visualization_msgs_generate_messages_nodejs
/usr/bin/make -f CMakeFiles/visualization_msgs_generate_messages_lisp.dir/build.make CMakeFiles/visualization_msgs_generate_messages_lisp.dir/depend
make[2]: Entering directory '/home/abhimanyu/bluerov_ws/build/mavros_extras'
cd /home/abhimanyu/bluerov_ws/build/mavros_extras && /usr/bin/cmake -E cmake_depends "Unix Makefiles" /home/abhimanyu/bluerov_ws/src/mavros/mavros_extras /home/abhimanyu/bluerov_ws/src/mavros/mavros_extras /home/abhimanyu/bluerov_ws/build/mavros_extras /home/abhimanyu/bluerov_ws/build/mavros_extras /home/abhimanyu/bluerov_ws/build/mavros_extras/CMakeFiles/visualization_msgs_generate_messages_lisp.dir/DependInfo.cmake --color=
make[2]: Leaving directory '/home/abhimanyu/bluerov_ws/build/mavros_extras'
/usr/bin/make -f CMakeFiles/visualization_msgs_generate_messages_lisp.dir/build.make CMakeFiles/visualization_msgs_generate_messages_lisp.dir/build
make[2]: Entering directory '/home/abhimanyu/bluerov_ws/build/mavros_extras'
make[2]: Nothing to be done for 'CMakeFiles/visualization_msgs_generate_messages_lisp.dir/build'.
make[2]: Leaving directory '/home/abhimanyu/bluerov_ws/build/mavros_extras'
[  5%] Built target visualization_msgs_generate_messages_lisp
/usr/bin/make -f CMakeFiles/tf_generate_messages_nodejs.dir/build.make CMakeFiles/tf_generate_messages_nodejs.dir/depend
make[2]: Entering directory '/home/abhimanyu/bluerov_ws/build/mavros_extras'
cd /home/abhimanyu/bluerov_ws/build/mavros_extras && /usr/bin/cmake -E cmake_depends "Unix Makefiles" /home/abhimanyu/bluerov_ws/src/mavros/mavros_extras /home/abhimanyu/bluerov_ws/src/mavros/mavros_extras /home/abhimanyu/bluerov_ws/build/mavros_extras /home/abhimanyu/bluerov_ws/build/mavros_extras /home/abhimanyu/bluerov_ws/build/mavros_extras/CMakeFiles/tf_generate_messages_nodejs.dir/DependInfo.cmake --color=
make[2]: Leaving directory '/home/abhimanyu/bluerov_ws/build/mavros_extras'
/usr/bin/make -f CMakeFiles/tf_generate_messages_nodejs.dir/build.make CMakeFiles/tf_generate_messages_nodejs.dir/build
make[2]: Entering directory '/home/abhimanyu/bluerov_ws/build/mavros_extras'
make[2]: Nothing to be done for 'CMakeFiles/tf_generate_messages_nodejs.dir/build'.
make[2]: Leaving directory '/home/abhimanyu/bluerov_ws/build/mavros_extras'
[  5%] Built target tf_generate_messages_nodejs
/usr/bin/make -f CMakeFiles/tf_generate_messages_cpp.dir/build.make CMakeFiles/tf_generate_messages_cpp.dir/depend
make[2]: Entering directory '/home/abhimanyu/bluerov_ws/build/mavros_extras'
cd /home/abhimanyu/bluerov_ws/build/mavros_extras && /usr/bin/cmake -E cmake_depends "Unix Makefiles" /home/abhimanyu/bluerov_ws/src/mavros/mavros_extras /home/abhimanyu/bluerov_ws/src/mavros/mavros_extras /home/abhimanyu/bluerov_ws/build/mavros_extras /home/abhimanyu/bluerov_ws/build/mavros_extras /home/abhimanyu/bluerov_ws/build/mavros_extras/CMakeFiles/tf_generate_messages_cpp.dir/DependInfo.cmake --color=
make[2]: Leaving directory '/home/abhimanyu/bluerov_ws/build/mavros_extras'
/usr/bin/make -f CMakeFiles/tf_generate_messages_cpp.dir/build.make CMakeFiles/tf_generate_messages_cpp.dir/build
make[2]: Entering directory '/home/abhimanyu/bluerov_ws/build/mavros_extras'
make[2]: Nothing to be done for 'CMakeFiles/tf_generate_messages_cpp.dir/build'.
make[2]: Leaving directory '/home/abhimanyu/bluerov_ws/build/mavros_extras'
[  5%] Built target tf_generate_messages_cpp
/usr/bin/make -f CMakeFiles/trajectory_msgs_generate_messages_nodejs.dir/build.make CMakeFiles/trajectory_msgs_generate_messages_nodejs.dir/depend
make[2]: Entering directory '/home/abhimanyu/bluerov_ws/build/mavros_extras'
cd /home/abhimanyu/bluerov_ws/build/mavros_extras && /usr/bin/cmake -E cmake_depends "Unix Makefiles" /home/abhimanyu/bluerov_ws/src/mavros/mavros_extras /home/abhimanyu/bluerov_ws/src/mavros/mavros_extras /home/abhimanyu/bluerov_ws/build/mavros_extras /home/abhimanyu/bluerov_ws/build/mavros_extras /home/abhimanyu/bluerov_ws/build/mavros_extras/CMakeFiles/trajectory_msgs_generate_messages_nodejs.dir/DependInfo.cmake --color=
make[2]: Leaving directory '/home/abhimanyu/bluerov_ws/build/mavros_extras'
/usr/bin/make -f CMakeFiles/trajectory_msgs_generate_messages_nodejs.dir/build.make CMakeFiles/trajectory_msgs_generate_messages_nodejs.dir/build
make[2]: Entering directory '/home/abhimanyu/bluerov_ws/build/mavros_extras'
make[2]: Nothing to be done for 'CMakeFiles/trajectory_msgs_generate_messages_nodejs.dir/build'.
make[2]: Leaving directory '/home/abhimanyu/bluerov_ws/build/mavros_extras'
[  5%] Built target trajectory_msgs_generate_messages_nodejs
/usr/bin/make -f CMakeFiles/trajectory_msgs_generate_messages_lisp.dir/build.make CMakeFiles/trajectory_msgs_generate_messages_lisp.dir/depend
make[2]: Entering directory '/home/abhimanyu/bluerov_ws/build/mavros_extras'
cd /home/abhimanyu/bluerov_ws/build/mavros_extras && /usr/bin/cmake -E cmake_depends "Unix Makefiles" /home/abhimanyu/bluerov_ws/src/mavros/mavros_extras /home/abhimanyu/bluerov_ws/src/mavros/mavros_extras /home/abhimanyu/bluerov_ws/build/mavros_extras /home/abhimanyu/bluerov_ws/build/mavros_extras /home/abhimanyu/bluerov_ws/build/mavros_extras/CMakeFiles/trajectory_msgs_generate_messages_lisp.dir/DependInfo.cmake --color=
make[2]: Leaving directory '/home/abhimanyu/bluerov_ws/build/mavros_extras'
/usr/bin/make -f CMakeFiles/trajectory_msgs_generate_messages_lisp.dir/build.make CMakeFiles/trajectory_msgs_generate_messages_lisp.dir/build
make[2]: Entering directory '/home/abhimanyu/bluerov_ws/build/mavros_extras'
make[2]: Nothing to be done for 'CMakeFiles/trajectory_msgs_generate_messages_lisp.dir/build'.
make[2]: Leaving directory '/home/abhimanyu/bluerov_ws/build/mavros_extras'
[  5%] Built target trajectory_msgs_generate_messages_lisp
/usr/bin/make -f CMakeFiles/trajectory_msgs_generate_messages_cpp.dir/build.make CMakeFiles/trajectory_msgs_generate_messages_cpp.dir/depend
make[2]: Entering directory '/home/abhimanyu/bluerov_ws/build/mavros_extras'
cd /home/abhimanyu/bluerov_ws/build/mavros_extras && /usr/bin/cmake -E cmake_depends "Unix Makefiles" /home/abhimanyu/bluerov_ws/src/mavros/mavros_extras /home/abhimanyu/bluerov_ws/src/mavros/mavros_extras /home/abhimanyu/bluerov_ws/build/mavros_extras /home/abhimanyu/bluerov_ws/build/mavros_extras /home/abhimanyu/bluerov_ws/build/mavros_extras/CMakeFiles/trajectory_msgs_generate_messages_cpp.dir/DependInfo.cmake --color=
make[2]: Leaving directory '/home/abhimanyu/bluerov_ws/build/mavros_extras'
/usr/bin/make -f CMakeFiles/trajectory_msgs_generate_messages_cpp.dir/build.make CMakeFiles/trajectory_msgs_generate_messages_cpp.dir/build
make[2]: Entering directory '/home/abhimanyu/bluerov_ws/build/mavros_extras'
make[2]: Nothing to be done for 'CMakeFiles/trajectory_msgs_generate_messages_cpp.dir/build'.
make[2]: Leaving directory '/home/abhimanyu/bluerov_ws/build/mavros_extras'
[  5%] Built target trajectory_msgs_generate_messages_cpp
/usr/bin/make -f CMakeFiles/tf2_msgs_generate_messages_nodejs.dir/build.make CMakeFiles/tf2_msgs_generate_messages_nodejs.dir/depend
make[2]: Entering directory '/home/abhimanyu/bluerov_ws/build/mavros_extras'
cd /home/abhimanyu/bluerov_ws/build/mavros_extras && /usr/bin/cmake -E cmake_depends "Unix Makefiles" /home/abhimanyu/bluerov_ws/src/mavros/mavros_extras /home/abhimanyu/bluerov_ws/src/mavros/mavros_extras /home/abhimanyu/bluerov_ws/build/mavros_extras /home/abhimanyu/bluerov_ws/build/mavros_extras /home/abhimanyu/bluerov_ws/build/mavros_extras/CMakeFiles/tf2_msgs_generate_messages_nodejs.dir/DependInfo.cmake --color=
make[2]: Leaving directory '/home/abhimanyu/bluerov_ws/build/mavros_extras'
/usr/bin/make -f CMakeFiles/tf2_msgs_generate_messages_nodejs.dir/build.make CMakeFiles/tf2_msgs_generate_messages_nodejs.dir/build
make[2]: Entering directory '/home/abhimanyu/bluerov_ws/build/mavros_extras'
make[2]: Nothing to be done for 'CMakeFiles/tf2_msgs_generate_messages_nodejs.dir/build'.
make[2]: Leaving directory '/home/abhimanyu/bluerov_ws/build/mavros_extras'
[  5%] Built target tf2_msgs_generate_messages_nodejs
/usr/bin/make -f CMakeFiles/tf2_msgs_generate_messages_lisp.dir/build.make CMakeFiles/tf2_msgs_generate_messages_lisp.dir/depend
make[2]: Entering directory '/home/abhimanyu/bluerov_ws/build/mavros_extras'
cd /home/abhimanyu/bluerov_ws/build/mavros_extras && /usr/bin/cmake -E cmake_depends "Unix Makefiles" /home/abhimanyu/bluerov_ws/src/mavros/mavros_extras /home/abhimanyu/bluerov_ws/src/mavros/mavros_extras /home/abhimanyu/bluerov_ws/build/mavros_extras /home/abhimanyu/bluerov_ws/build/mavros_extras /home/abhimanyu/bluerov_ws/build/mavros_extras/CMakeFiles/tf2_msgs_generate_messages_lisp.dir/DependInfo.cmake --color=
make[2]: Leaving directory '/home/abhimanyu/bluerov_ws/build/mavros_extras'
/usr/bin/make -f CMakeFiles/tf2_msgs_generate_messages_lisp.dir/build.make CMakeFiles/tf2_msgs_generate_messages_lisp.dir/build
make[2]: Entering directory '/home/abhimanyu/bluerov_ws/build/mavros_extras'
make[2]: Nothing to be done for 'CMakeFiles/tf2_msgs_generate_messages_lisp.dir/build'.
make[2]: Leaving directory '/home/abhimanyu/bluerov_ws/build/mavros_extras'
[  5%] Built target tf2_msgs_generate_messages_lisp
/usr/bin/make -f CMakeFiles/tf2_msgs_generate_messages_cpp.dir/build.make CMakeFiles/tf2_msgs_generate_messages_cpp.dir/depend
make[2]: Entering directory '/home/abhimanyu/bluerov_ws/build/mavros_extras'
cd /home/abhimanyu/bluerov_ws/build/mavros_extras && /usr/bin/cmake -E cmake_depends "Unix Makefiles" /home/abhimanyu/bluerov_ws/src/mavros/mavros_extras /home/abhimanyu/bluerov_ws/src/mavros/mavros_extras /home/abhimanyu/bluerov_ws/build/mavros_extras /home/abhimanyu/bluerov_ws/build/mavros_extras /home/abhimanyu/bluerov_ws/build/mavros_extras/CMakeFiles/tf2_msgs_generate_messages_cpp.dir/DependInfo.cmake --color=
make[2]: Leaving directory '/home/abhimanyu/bluerov_ws/build/mavros_extras'
/usr/bin/make -f CMakeFiles/tf2_msgs_generate_messages_cpp.dir/build.make CMakeFiles/tf2_msgs_generate_messages_cpp.dir/build
make[2]: Entering directory '/home/abhimanyu/bluerov_ws/build/mavros_extras'
make[2]: Nothing to be done for 'CMakeFiles/tf2_msgs_generate_messages_cpp.dir/build'.
make[2]: Leaving directory '/home/abhimanyu/bluerov_ws/build/mavros_extras'
[  5%] Built target tf2_msgs_generate_messages_cpp
/usr/bin/make -f CMakeFiles/actionlib_generate_messages_nodejs.dir/build.make CMakeFiles/actionlib_generate_messages_nodejs.dir/depend
make[2]: Entering directory '/home/abhimanyu/bluerov_ws/build/mavros_extras'
cd /home/abhimanyu/bluerov_ws/build/mavros_extras && /usr/bin/cmake -E cmake_depends "Unix Makefiles" /home/abhimanyu/bluerov_ws/src/mavros/mavros_extras /home/abhimanyu/bluerov_ws/src/mavros/mavros_extras /home/abhimanyu/bluerov_ws/build/mavros_extras /home/abhimanyu/bluerov_ws/build/mavros_extras /home/abhimanyu/bluerov_ws/build/mavros_extras/CMakeFiles/actionlib_generate_messages_nodejs.dir/DependInfo.cmake --color=
make[2]: Leaving directory '/home/abhimanyu/bluerov_ws/build/mavros_extras'
/usr/bin/make -f CMakeFiles/actionlib_generate_messages_nodejs.dir/build.make CMakeFiles/actionlib_generate_messages_nodejs.dir/build
make[2]: Entering directory '/home/abhimanyu/bluerov_ws/build/mavros_extras'
make[2]: Nothing to be done for 'CMakeFiles/actionlib_generate_messages_nodejs.dir/build'.
make[2]: Leaving directory '/home/abhimanyu/bluerov_ws/build/mavros_extras'
[  5%] Built target actionlib_generate_messages_nodejs
/usr/bin/make -f CMakeFiles/actionlib_generate_messages_cpp.dir/build.make CMakeFiles/actionlib_generate_messages_cpp.dir/depend
make[2]: Entering directory '/home/abhimanyu/bluerov_ws/build/mavros_extras'
cd /home/abhimanyu/bluerov_ws/build/mavros_extras && /usr/bin/cmake -E cmake_depends "Unix Makefiles" /home/abhimanyu/bluerov_ws/src/mavros/mavros_extras /home/abhimanyu/bluerov_ws/src/mavros/mavros_extras /home/abhimanyu/bluerov_ws/build/mavros_extras /home/abhimanyu/bluerov_ws/build/mavros_extras /home/abhimanyu/bluerov_ws/build/mavros_extras/CMakeFiles/actionlib_generate_messages_cpp.dir/DependInfo.cmake --color=
make[2]: Leaving directory '/home/abhimanyu/bluerov_ws/build/mavros_extras'
/usr/bin/make -f CMakeFiles/actionlib_generate_messages_cpp.dir/build.make CMakeFiles/actionlib_generate_messages_cpp.dir/build
make[2]: Entering directory '/home/abhimanyu/bluerov_ws/build/mavros_extras'
make[2]: Nothing to be done for 'CMakeFiles/actionlib_generate_messages_cpp.dir/build'.
make[2]: Leaving directory '/home/abhimanyu/bluerov_ws/build/mavros_extras'
[  5%] Built target actionlib_generate_messages_cpp
/usr/bin/make -f CMakeFiles/tf_generate_messages_eus.dir/build.make CMakeFiles/tf_generate_messages_eus.dir/depend
make[2]: Entering directory '/home/abhimanyu/bluerov_ws/build/mavros_extras'
cd /home/abhimanyu/bluerov_ws/build/mavros_extras && /usr/bin/cmake -E cmake_depends "Unix Makefiles" /home/abhimanyu/bluerov_ws/src/mavros/mavros_extras /home/abhimanyu/bluerov_ws/src/mavros/mavros_extras /home/abhimanyu/bluerov_ws/build/mavros_extras /home/abhimanyu/bluerov_ws/build/mavros_extras /home/abhimanyu/bluerov_ws/build/mavros_extras/CMakeFiles/tf_generate_messages_eus.dir/DependInfo.cmake --color=
make[2]: Leaving directory '/home/abhimanyu/bluerov_ws/build/mavros_extras'
/usr/bin/make -f CMakeFiles/tf_generate_messages_eus.dir/build.make CMakeFiles/tf_generate_messages_eus.dir/build
make[2]: Entering directory '/home/abhimanyu/bluerov_ws/build/mavros_extras'
make[2]: Nothing to be done for 'CMakeFiles/tf_generate_messages_eus.dir/build'.
make[2]: Leaving directory '/home/abhimanyu/bluerov_ws/build/mavros_extras'
[  5%] Built target tf_generate_messages_eus
/usr/bin/make -f CMakeFiles/rosgraph_msgs_generate_messages_lisp.dir/build.make CMakeFiles/rosgraph_msgs_generate_messages_lisp.dir/depend
make[2]: Entering directory '/home/abhimanyu/bluerov_ws/build/mavros_extras'
cd /home/abhimanyu/bluerov_ws/build/mavros_extras && /usr/bin/cmake -E cmake_depends "Unix Makefiles" /home/abhimanyu/bluerov_ws/src/mavros/mavros_extras /home/abhimanyu/bluerov_ws/src/mavros/mavros_extras /home/abhimanyu/bluerov_ws/build/mavros_extras /home/abhimanyu/bluerov_ws/build/mavros_extras /home/abhimanyu/bluerov_ws/build/mavros_extras/CMakeFiles/rosgraph_msgs_generate_messages_lisp.dir/DependInfo.cmake --color=
make[2]: Leaving directory '/home/abhimanyu/bluerov_ws/build/mavros_extras'
/usr/bin/make -f CMakeFiles/rosgraph_msgs_generate_messages_lisp.dir/build.make CMakeFiles/rosgraph_msgs_generate_messages_lisp.dir/build
make[2]: Entering directory '/home/abhimanyu/bluerov_ws/build/mavros_extras'
make[2]: Nothing to be done for 'CMakeFiles/rosgraph_msgs_generate_messages_lisp.dir/build'.
make[2]: Leaving directory '/home/abhimanyu/bluerov_ws/build/mavros_extras'
[  5%] Built target rosgraph_msgs_generate_messages_lisp
/usr/bin/make -f CMakeFiles/actionlib_msgs_generate_messages_eus.dir/build.make CMakeFiles/actionlib_msgs_generate_messages_eus.dir/depend
make[2]: Entering directory '/home/abhimanyu/bluerov_ws/build/mavros_extras'
cd /home/abhimanyu/bluerov_ws/build/mavros_extras && /usr/bin/cmake -E cmake_depends "Unix Makefiles" /home/abhimanyu/bluerov_ws/src/mavros/mavros_extras /home/abhimanyu/bluerov_ws/src/mavros/mavros_extras /home/abhimanyu/bluerov_ws/build/mavros_extras /home/abhimanyu/bluerov_ws/build/mavros_extras /home/abhimanyu/bluerov_ws/build/mavros_extras/CMakeFiles/actionlib_msgs_generate_messages_eus.dir/DependInfo.cmake --color=
make[2]: Leaving directory '/home/abhimanyu/bluerov_ws/build/mavros_extras'
/usr/bin/make -f CMakeFiles/actionlib_msgs_generate_messages_eus.dir/build.make CMakeFiles/actionlib_msgs_generate_messages_eus.dir/build
make[2]: Entering directory '/home/abhimanyu/bluerov_ws/build/mavros_extras'
make[2]: Nothing to be done for 'CMakeFiles/actionlib_msgs_generate_messages_eus.dir/build'.
make[2]: Leaving directory '/home/abhimanyu/bluerov_ws/build/mavros_extras'
[  5%] Built target actionlib_msgs_generate_messages_eus
/usr/bin/make -f CMakeFiles/visualization_msgs_generate_messages_eus.dir/build.make CMakeFiles/visualization_msgs_generate_messages_eus.dir/depend
make[2]: Entering directory '/home/abhimanyu/bluerov_ws/build/mavros_extras'
cd /home/abhimanyu/bluerov_ws/build/mavros_extras && /usr/bin/cmake -E cmake_depends "Unix Makefiles" /home/abhimanyu/bluerov_ws/src/mavros/mavros_extras /home/abhimanyu/bluerov_ws/src/mavros/mavros_extras /home/abhimanyu/bluerov_ws/build/mavros_extras /home/abhimanyu/bluerov_ws/build/mavros_extras /home/abhimanyu/bluerov_ws/build/mavros_extras/CMakeFiles/visualization_msgs_generate_messages_eus.dir/DependInfo.cmake --color=
make[2]: Leaving directory '/home/abhimanyu/bluerov_ws/build/mavros_extras'
/usr/bin/make -f CMakeFiles/visualization_msgs_generate_messages_eus.dir/build.make CMakeFiles/visualization_msgs_generate_messages_eus.dir/build
make[2]: Entering directory '/home/abhimanyu/bluerov_ws/build/mavros_extras'
make[2]: Nothing to be done for 'CMakeFiles/visualization_msgs_generate_messages_eus.dir/build'.
make[2]: Leaving directory '/home/abhimanyu/bluerov_ws/build/mavros_extras'
[  5%] Built target visualization_msgs_generate_messages_eus
/usr/bin/make -f CMakeFiles/nav_msgs_generate_messages_cpp.dir/build.make CMakeFiles/nav_msgs_generate_messages_cpp.dir/depend
make[2]: Entering directory '/home/abhimanyu/bluerov_ws/build/mavros_extras'
cd /home/abhimanyu/bluerov_ws/build/mavros_extras && /usr/bin/cmake -E cmake_depends "Unix Makefiles" /home/abhimanyu/bluerov_ws/src/mavros/mavros_extras /home/abhimanyu/bluerov_ws/src/mavros/mavros_extras /home/abhimanyu/bluerov_ws/build/mavros_extras /home/abhimanyu/bluerov_ws/build/mavros_extras /home/abhimanyu/bluerov_ws/build/mavros_extras/CMakeFiles/nav_msgs_generate_messages_cpp.dir/DependInfo.cmake --color=
make[2]: Leaving directory '/home/abhimanyu/bluerov_ws/build/mavros_extras'
/usr/bin/make -f CMakeFiles/nav_msgs_generate_messages_cpp.dir/build.make CMakeFiles/nav_msgs_generate_messages_cpp.dir/build
make[2]: Entering directory '/home/abhimanyu/bluerov_ws/build/mavros_extras'
make[2]: Nothing to be done for 'CMakeFiles/nav_msgs_generate_messages_cpp.dir/build'.
make[2]: Leaving directory '/home/abhimanyu/bluerov_ws/build/mavros_extras'
[  5%] Built target nav_msgs_generate_messages_cpp
/usr/bin/make -f CMakeFiles/trajectory_msgs_generate_messages_eus.dir/build.make CMakeFiles/trajectory_msgs_generate_messages_eus.dir/depend
make[2]: Entering directory '/home/abhimanyu/bluerov_ws/build/mavros_extras'
cd /home/abhimanyu/bluerov_ws/build/mavros_extras && /usr/bin/cmake -E cmake_depends "Unix Makefiles" /home/abhimanyu/bluerov_ws/src/mavros/mavros_extras /home/abhimanyu/bluerov_ws/src/mavros/mavros_extras /home/abhimanyu/bluerov_ws/build/mavros_extras /home/abhimanyu/bluerov_ws/build/mavros_extras /home/abhimanyu/bluerov_ws/build/mavros_extras/CMakeFiles/trajectory_msgs_generate_messages_eus.dir/DependInfo.cmake --color=
make[2]: Leaving directory '/home/abhimanyu/bluerov_ws/build/mavros_extras'
/usr/bin/make -f CMakeFiles/trajectory_msgs_generate_messages_eus.dir/build.make CMakeFiles/trajectory_msgs_generate_messages_eus.dir/build
make[2]: Entering directory '/home/abhimanyu/bluerov_ws/build/mavros_extras'
make[2]: Nothing to be done for 'CMakeFiles/trajectory_msgs_generate_messages_eus.dir/build'.
make[2]: Leaving directory '/home/abhimanyu/bluerov_ws/build/mavros_extras'
[  5%] Built target trajectory_msgs_generate_messages_eus
/usr/bin/make -f CMakeFiles/roscpp_generate_messages_py.dir/build.make CMakeFiles/roscpp_generate_messages_py.dir/depend
make[2]: Entering directory '/home/abhimanyu/bluerov_ws/build/mavros_extras'
cd /home/abhimanyu/bluerov_ws/build/mavros_extras && /usr/bin/cmake -E cmake_depends "Unix Makefiles" /home/abhimanyu/bluerov_ws/src/mavros/mavros_extras /home/abhimanyu/bluerov_ws/src/mavros/mavros_extras /home/abhimanyu/bluerov_ws/build/mavros_extras /home/abhimanyu/bluerov_ws/build/mavros_extras /home/abhimanyu/bluerov_ws/build/mavros_extras/CMakeFiles/roscpp_generate_messages_py.dir/DependInfo.cmake --color=
make[2]: Leaving directory '/home/abhimanyu/bluerov_ws/build/mavros_extras'
/usr/bin/make -f CMakeFiles/roscpp_generate_messages_py.dir/build.make CMakeFiles/roscpp_generate_messages_py.dir/build
make[2]: Entering directory '/home/abhimanyu/bluerov_ws/build/mavros_extras'
make[2]: Nothing to be done for 'CMakeFiles/roscpp_generate_messages_py.dir/build'.
make[2]: Leaving directory '/home/abhimanyu/bluerov_ws/build/mavros_extras'
[  5%] Built target roscpp_generate_messages_py
/usr/bin/make -f CMakeFiles/std_msgs_generate_messages_nodejs.dir/build.make CMakeFiles/std_msgs_generate_messages_nodejs.dir/depend
make[2]: Entering directory '/home/abhimanyu/bluerov_ws/build/mavros_extras'
cd /home/abhimanyu/bluerov_ws/build/mavros_extras && /usr/bin/cmake -E cmake_depends "Unix Makefiles" /home/abhimanyu/bluerov_ws/src/mavros/mavros_extras /home/abhimanyu/bluerov_ws/src/mavros/mavros_extras /home/abhimanyu/bluerov_ws/build/mavros_extras /home/abhimanyu/bluerov_ws/build/mavros_extras /home/abhimanyu/bluerov_ws/build/mavros_extras/CMakeFiles/std_msgs_generate_messages_nodejs.dir/DependInfo.cmake --color=
make[2]: Leaving directory '/home/abhimanyu/bluerov_ws/build/mavros_extras'
/usr/bin/make -f CMakeFiles/std_msgs_generate_messages_nodejs.dir/build.make CMakeFiles/std_msgs_generate_messages_nodejs.dir/build
make[2]: Entering directory '/home/abhimanyu/bluerov_ws/build/mavros_extras'
make[2]: Nothing to be done for 'CMakeFiles/std_msgs_generate_messages_nodejs.dir/build'.
make[2]: Leaving directory '/home/abhimanyu/bluerov_ws/build/mavros_extras'
[  5%] Built target std_msgs_generate_messages_nodejs
/usr/bin/make -f CMakeFiles/geometry_msgs_generate_messages_eus.dir/build.make CMakeFiles/geometry_msgs_generate_messages_eus.dir/depend
make[2]: Entering directory '/home/abhimanyu/bluerov_ws/build/mavros_extras'
cd /home/abhimanyu/bluerov_ws/build/mavros_extras && /usr/bin/cmake -E cmake_depends "Unix Makefiles" /home/abhimanyu/bluerov_ws/src/mavros/mavros_extras /home/abhimanyu/bluerov_ws/src/mavros/mavros_extras /home/abhimanyu/bluerov_ws/build/mavros_extras /home/abhimanyu/bluerov_ws/build/mavros_extras /home/abhimanyu/bluerov_ws/build/mavros_extras/CMakeFiles/geometry_msgs_generate_messages_eus.dir/DependInfo.cmake --color=
make[2]: Leaving directory '/home/abhimanyu/bluerov_ws/build/mavros_extras'
/usr/bin/make -f CMakeFiles/geometry_msgs_generate_messages_eus.dir/build.make CMakeFiles/geometry_msgs_generate_messages_eus.dir/build
make[2]: Entering directory '/home/abhimanyu/bluerov_ws/build/mavros_extras'
make[2]: Nothing to be done for 'CMakeFiles/geometry_msgs_generate_messages_eus.dir/build'.
make[2]: Leaving directory '/home/abhimanyu/bluerov_ws/build/mavros_extras'
[  5%] Built target geometry_msgs_generate_messages_eus
/usr/bin/make -f CMakeFiles/actionlib_generate_messages_py.dir/build.make CMakeFiles/actionlib_generate_messages_py.dir/depend
make[2]: Entering directory '/home/abhimanyu/bluerov_ws/build/mavros_extras'
cd /home/abhimanyu/bluerov_ws/build/mavros_extras && /usr/bin/cmake -E cmake_depends "Unix Makefiles" /home/abhimanyu/bluerov_ws/src/mavros/mavros_extras /home/abhimanyu/bluerov_ws/src/mavros/mavros_extras /home/abhimanyu/bluerov_ws/build/mavros_extras /home/abhimanyu/bluerov_ws/build/mavros_extras /home/abhimanyu/bluerov_ws/build/mavros_extras/CMakeFiles/actionlib_generate_messages_py.dir/DependInfo.cmake --color=
make[2]: Leaving directory '/home/abhimanyu/bluerov_ws/build/mavros_extras'
/usr/bin/make -f CMakeFiles/actionlib_generate_messages_py.dir/build.make CMakeFiles/actionlib_generate_messages_py.dir/build
make[2]: Entering directory '/home/abhimanyu/bluerov_ws/build/mavros_extras'
make[2]: Nothing to be done for 'CMakeFiles/actionlib_generate_messages_py.dir/build'.
make[2]: Leaving directory '/home/abhimanyu/bluerov_ws/build/mavros_extras'
[  5%] Built target actionlib_generate_messages_py
/usr/bin/make -f CMakeFiles/diagnostic_msgs_generate_messages_lisp.dir/build.make CMakeFiles/diagnostic_msgs_generate_messages_lisp.dir/depend
make[2]: Entering directory '/home/abhimanyu/bluerov_ws/build/mavros_extras'
cd /home/abhimanyu/bluerov_ws/build/mavros_extras && /usr/bin/cmake -E cmake_depends "Unix Makefiles" /home/abhimanyu/bluerov_ws/src/mavros/mavros_extras /home/abhimanyu/bluerov_ws/src/mavros/mavros_extras /home/abhimanyu/bluerov_ws/build/mavros_extras /home/abhimanyu/bluerov_ws/build/mavros_extras /home/abhimanyu/bluerov_ws/build/mavros_extras/CMakeFiles/diagnostic_msgs_generate_messages_lisp.dir/DependInfo.cmake --color=
make[2]: Leaving directory '/home/abhimanyu/bluerov_ws/build/mavros_extras'
/usr/bin/make -f CMakeFiles/diagnostic_msgs_generate_messages_lisp.dir/build.make CMakeFiles/diagnostic_msgs_generate_messages_lisp.dir/build
make[2]: Entering directory '/home/abhimanyu/bluerov_ws/build/mavros_extras'
make[2]: Nothing to be done for 'CMakeFiles/diagnostic_msgs_generate_messages_lisp.dir/build'.
make[2]: Leaving directory '/home/abhimanyu/bluerov_ws/build/mavros_extras'
[  5%] Built target diagnostic_msgs_generate_messages_lisp
/usr/bin/make -f CMakeFiles/nav_msgs_generate_messages_eus.dir/build.make CMakeFiles/nav_msgs_generate_messages_eus.dir/depend
make[2]: Entering directory '/home/abhimanyu/bluerov_ws/build/mavros_extras'
cd /home/abhimanyu/bluerov_ws/build/mavros_extras && /usr/bin/cmake -E cmake_depends "Unix Makefiles" /home/abhimanyu/bluerov_ws/src/mavros/mavros_extras /home/abhimanyu/bluerov_ws/src/mavros/mavros_extras /home/abhimanyu/bluerov_ws/build/mavros_extras /home/abhimanyu/bluerov_ws/build/mavros_extras /home/abhimanyu/bluerov_ws/build/mavros_extras/CMakeFiles/nav_msgs_generate_messages_eus.dir/DependInfo.cmake --color=
make[2]: Leaving directory '/home/abhimanyu/bluerov_ws/build/mavros_extras'
/usr/bin/make -f CMakeFiles/nav_msgs_generate_messages_eus.dir/build.make CMakeFiles/nav_msgs_generate_messages_eus.dir/build
make[2]: Entering directory '/home/abhimanyu/bluerov_ws/build/mavros_extras'
make[2]: Nothing to be done for 'CMakeFiles/nav_msgs_generate_messages_eus.dir/build'.
make[2]: Leaving directory '/home/abhimanyu/bluerov_ws/build/mavros_extras'
[  5%] Built target nav_msgs_generate_messages_eus
/usr/bin/make -f CMakeFiles/std_msgs_generate_messages_cpp.dir/build.make CMakeFiles/std_msgs_generate_messages_cpp.dir/depend
make[2]: Entering directory '/home/abhimanyu/bluerov_ws/build/mavros_extras'
cd /home/abhimanyu/bluerov_ws/build/mavros_extras && /usr/bin/cmake -E cmake_depends "Unix Makefiles" /home/abhimanyu/bluerov_ws/src/mavros/mavros_extras /home/abhimanyu/bluerov_ws/src/mavros/mavros_extras /home/abhimanyu/bluerov_ws/build/mavros_extras /home/abhimanyu/bluerov_ws/build/mavros_extras /home/abhimanyu/bluerov_ws/build/mavros_extras/CMakeFiles/std_msgs_generate_messages_cpp.dir/DependInfo.cmake --color=
make[2]: Leaving directory '/home/abhimanyu/bluerov_ws/build/mavros_extras'
/usr/bin/make -f CMakeFiles/std_msgs_generate_messages_cpp.dir/build.make CMakeFiles/std_msgs_generate_messages_cpp.dir/build
make[2]: Entering directory '/home/abhimanyu/bluerov_ws/build/mavros_extras'
make[2]: Nothing to be done for 'CMakeFiles/std_msgs_generate_messages_cpp.dir/build'.
make[2]: Leaving directory '/home/abhimanyu/bluerov_ws/build/mavros_extras'
[  5%] Built target std_msgs_generate_messages_cpp
/usr/bin/make -f CMakeFiles/diagnostic_msgs_generate_messages_eus.dir/build.make CMakeFiles/diagnostic_msgs_generate_messages_eus.dir/depend
make[2]: Entering directory '/home/abhimanyu/bluerov_ws/build/mavros_extras'
cd /home/abhimanyu/bluerov_ws/build/mavros_extras && /usr/bin/cmake -E cmake_depends "Unix Makefiles" /home/abhimanyu/bluerov_ws/src/mavros/mavros_extras /home/abhimanyu/bluerov_ws/src/mavros/mavros_extras /home/abhimanyu/bluerov_ws/build/mavros_extras /home/abhimanyu/bluerov_ws/build/mavros_extras /home/abhimanyu/bluerov_ws/build/mavros_extras/CMakeFiles/diagnostic_msgs_generate_messages_eus.dir/DependInfo.cmake --color=
make[2]: Leaving directory '/home/abhimanyu/bluerov_ws/build/mavros_extras'
/usr/bin/make -f CMakeFiles/diagnostic_msgs_generate_messages_eus.dir/build.make CMakeFiles/diagnostic_msgs_generate_messages_eus.dir/build
make[2]: Entering directory '/home/abhimanyu/bluerov_ws/build/mavros_extras'
make[2]: Nothing to be done for 'CMakeFiles/diagnostic_msgs_generate_messages_eus.dir/build'.
make[2]: Leaving directory '/home/abhimanyu/bluerov_ws/build/mavros_extras'
[  5%] Built target diagnostic_msgs_generate_messages_eus
/usr/bin/make -f CMakeFiles/std_msgs_generate_messages_py.dir/build.make CMakeFiles/std_msgs_generate_messages_py.dir/depend
make[2]: Entering directory '/home/abhimanyu/bluerov_ws/build/mavros_extras'
cd /home/abhimanyu/bluerov_ws/build/mavros_extras && /usr/bin/cmake -E cmake_depends "Unix Makefiles" /home/abhimanyu/bluerov_ws/src/mavros/mavros_extras /home/abhimanyu/bluerov_ws/src/mavros/mavros_extras /home/abhimanyu/bluerov_ws/build/mavros_extras /home/abhimanyu/bluerov_ws/build/mavros_extras /home/abhimanyu/bluerov_ws/build/mavros_extras/CMakeFiles/std_msgs_generate_messages_py.dir/DependInfo.cmake --color=
make[2]: Leaving directory '/home/abhimanyu/bluerov_ws/build/mavros_extras'
/usr/bin/make -f CMakeFiles/std_msgs_generate_messages_py.dir/build.make CMakeFiles/std_msgs_generate_messages_py.dir/build
make[2]: Entering directory '/home/abhimanyu/bluerov_ws/build/mavros_extras'
make[2]: Nothing to be done for 'CMakeFiles/std_msgs_generate_messages_py.dir/build'.
make[2]: Leaving directory '/home/abhimanyu/bluerov_ws/build/mavros_extras'
[  5%] Built target std_msgs_generate_messages_py
/usr/bin/make -f CMakeFiles/roscpp_generate_messages_cpp.dir/build.make CMakeFiles/roscpp_generate_messages_cpp.dir/depend
make[2]: Entering directory '/home/abhimanyu/bluerov_ws/build/mavros_extras'
cd /home/abhimanyu/bluerov_ws/build/mavros_extras && /usr/bin/cmake -E cmake_depends "Unix Makefiles" /home/abhimanyu/bluerov_ws/src/mavros/mavros_extras /home/abhimanyu/bluerov_ws/src/mavros/mavros_extras /home/abhimanyu/bluerov_ws/build/mavros_extras /home/abhimanyu/bluerov_ws/build/mavros_extras /home/abhimanyu/bluerov_ws/build/mavros_extras/CMakeFiles/roscpp_generate_messages_cpp.dir/DependInfo.cmake --color=
make[2]: Leaving directory '/home/abhimanyu/bluerov_ws/build/mavros_extras'
/usr/bin/make -f CMakeFiles/roscpp_generate_messages_cpp.dir/build.make CMakeFiles/roscpp_generate_messages_cpp.dir/build
make[2]: Entering directory '/home/abhimanyu/bluerov_ws/build/mavros_extras'
make[2]: Nothing to be done for 'CMakeFiles/roscpp_generate_messages_cpp.dir/build'.
make[2]: Leaving directory '/home/abhimanyu/bluerov_ws/build/mavros_extras'
[  5%] Built target roscpp_generate_messages_cpp
/usr/bin/make -f CMakeFiles/geometry_msgs_generate_messages_py.dir/build.make CMakeFiles/geometry_msgs_generate_messages_py.dir/depend
make[2]: Entering directory '/home/abhimanyu/bluerov_ws/build/mavros_extras'
cd /home/abhimanyu/bluerov_ws/build/mavros_extras && /usr/bin/cmake -E cmake_depends "Unix Makefiles" /home/abhimanyu/bluerov_ws/src/mavros/mavros_extras /home/abhimanyu/bluerov_ws/src/mavros/mavros_extras /home/abhimanyu/bluerov_ws/build/mavros_extras /home/abhimanyu/bluerov_ws/build/mavros_extras /home/abhimanyu/bluerov_ws/build/mavros_extras/CMakeFiles/geometry_msgs_generate_messages_py.dir/DependInfo.cmake --color=
make[2]: Leaving directory '/home/abhimanyu/bluerov_ws/build/mavros_extras'
/usr/bin/make -f CMakeFiles/geometry_msgs_generate_messages_py.dir/build.make CMakeFiles/geometry_msgs_generate_messages_py.dir/build
make[2]: Entering directory '/home/abhimanyu/bluerov_ws/build/mavros_extras'
make[2]: Nothing to be done for 'CMakeFiles/geometry_msgs_generate_messages_py.dir/build'.
make[2]: Leaving directory '/home/abhimanyu/bluerov_ws/build/mavros_extras'
[  5%] Built target geometry_msgs_generate_messages_py
/usr/bin/make -f CMakeFiles/tf2_msgs_generate_messages_eus.dir/build.make CMakeFiles/tf2_msgs_generate_messages_eus.dir/depend
make[2]: Entering directory '/home/abhimanyu/bluerov_ws/build/mavros_extras'
cd /home/abhimanyu/bluerov_ws/build/mavros_extras && /usr/bin/cmake -E cmake_depends "Unix Makefiles" /home/abhimanyu/bluerov_ws/src/mavros/mavros_extras /home/abhimanyu/bluerov_ws/src/mavros/mavros_extras /home/abhimanyu/bluerov_ws/build/mavros_extras /home/abhimanyu/bluerov_ws/build/mavros_extras /home/abhimanyu/bluerov_ws/build/mavros_extras/CMakeFiles/tf2_msgs_generate_messages_eus.dir/DependInfo.cmake --color=
make[2]: Leaving directory '/home/abhimanyu/bluerov_ws/build/mavros_extras'
/usr/bin/make -f CMakeFiles/tf2_msgs_generate_messages_eus.dir/build.make CMakeFiles/tf2_msgs_generate_messages_eus.dir/build
make[2]: Entering directory '/home/abhimanyu/bluerov_ws/build/mavros_extras'
make[2]: Nothing to be done for 'CMakeFiles/tf2_msgs_generate_messages_eus.dir/build'.
make[2]: Leaving directory '/home/abhimanyu/bluerov_ws/build/mavros_extras'
[  5%] Built target tf2_msgs_generate_messages_eus
/usr/bin/make -f CMakeFiles/sensor_msgs_generate_messages_py.dir/build.make CMakeFiles/sensor_msgs_generate_messages_py.dir/depend
make[2]: Entering directory '/home/abhimanyu/bluerov_ws/build/mavros_extras'
cd /home/abhimanyu/bluerov_ws/build/mavros_extras && /usr/bin/cmake -E cmake_depends "Unix Makefiles" /home/abhimanyu/bluerov_ws/src/mavros/mavros_extras /home/abhimanyu/bluerov_ws/src/mavros/mavros_extras /home/abhimanyu/bluerov_ws/build/mavros_extras /home/abhimanyu/bluerov_ws/build/mavros_extras /home/abhimanyu/bluerov_ws/build/mavros_extras/CMakeFiles/sensor_msgs_generate_messages_py.dir/DependInfo.cmake --color=
make[2]: Leaving directory '/home/abhimanyu/bluerov_ws/build/mavros_extras'
/usr/bin/make -f CMakeFiles/sensor_msgs_generate_messages_py.dir/build.make CMakeFiles/sensor_msgs_generate_messages_py.dir/build
make[2]: Entering directory '/home/abhimanyu/bluerov_ws/build/mavros_extras'
make[2]: Nothing to be done for 'CMakeFiles/sensor_msgs_generate_messages_py.dir/build'.
make[2]: Leaving directory '/home/abhimanyu/bluerov_ws/build/mavros_extras'
[  5%] Built target sensor_msgs_generate_messages_py
/usr/bin/make -f CMakeFiles/tf_generate_messages_lisp.dir/build.make CMakeFiles/tf_generate_messages_lisp.dir/depend
make[2]: Entering directory '/home/abhimanyu/bluerov_ws/build/mavros_extras'
cd /home/abhimanyu/bluerov_ws/build/mavros_extras && /usr/bin/cmake -E cmake_depends "Unix Makefiles" /home/abhimanyu/bluerov_ws/src/mavros/mavros_extras /home/abhimanyu/bluerov_ws/src/mavros/mavros_extras /home/abhimanyu/bluerov_ws/build/mavros_extras /home/abhimanyu/bluerov_ws/build/mavros_extras /home/abhimanyu/bluerov_ws/build/mavros_extras/CMakeFiles/tf_generate_messages_lisp.dir/DependInfo.cmake --color=
make[2]: Leaving directory '/home/abhimanyu/bluerov_ws/build/mavros_extras'
/usr/bin/make -f CMakeFiles/tf_generate_messages_lisp.dir/build.make CMakeFiles/tf_generate_messages_lisp.dir/build
make[2]: Entering directory '/home/abhimanyu/bluerov_ws/build/mavros_extras'
make[2]: Nothing to be done for 'CMakeFiles/tf_generate_messages_lisp.dir/build'.
make[2]: Leaving directory '/home/abhimanyu/bluerov_ws/build/mavros_extras'
[  5%] Built target tf_generate_messages_lisp
/usr/bin/make -f CMakeFiles/nav_msgs_generate_messages_py.dir/build.make CMakeFiles/nav_msgs_generate_messages_py.dir/depend
make[2]: Entering directory '/home/abhimanyu/bluerov_ws/build/mavros_extras'
cd /home/abhimanyu/bluerov_ws/build/mavros_extras && /usr/bin/cmake -E cmake_depends "Unix Makefiles" /home/abhimanyu/bluerov_ws/src/mavros/mavros_extras /home/abhimanyu/bluerov_ws/src/mavros/mavros_extras /home/abhimanyu/bluerov_ws/build/mavros_extras /home/abhimanyu/bluerov_ws/build/mavros_extras /home/abhimanyu/bluerov_ws/build/mavros_extras/CMakeFiles/nav_msgs_generate_messages_py.dir/DependInfo.cmake --color=
make[2]: Leaving directory '/home/abhimanyu/bluerov_ws/build/mavros_extras'
/usr/bin/make -f CMakeFiles/nav_msgs_generate_messages_py.dir/build.make CMakeFiles/nav_msgs_generate_messages_py.dir/build
make[2]: Entering directory '/home/abhimanyu/bluerov_ws/build/mavros_extras'
make[2]: Nothing to be done for 'CMakeFiles/nav_msgs_generate_messages_py.dir/build'.
make[2]: Leaving directory '/home/abhimanyu/bluerov_ws/build/mavros_extras'
[  5%] Built target nav_msgs_generate_messages_py
/usr/bin/make -f CMakeFiles/actionlib_generate_messages_lisp.dir/build.make CMakeFiles/actionlib_generate_messages_lisp.dir/depend
make[2]: Entering directory '/home/abhimanyu/bluerov_ws/build/mavros_extras'
cd /home/abhimanyu/bluerov_ws/build/mavros_extras && /usr/bin/cmake -E cmake_depends "Unix Makefiles" /home/abhimanyu/bluerov_ws/src/mavros/mavros_extras /home/abhimanyu/bluerov_ws/src/mavros/mavros_extras /home/abhimanyu/bluerov_ws/build/mavros_extras /home/abhimanyu/bluerov_ws/build/mavros_extras /home/abhimanyu/bluerov_ws/build/mavros_extras/CMakeFiles/actionlib_generate_messages_lisp.dir/DependInfo.cmake --color=
make[2]: Leaving directory '/home/abhimanyu/bluerov_ws/build/mavros_extras'
/usr/bin/make -f CMakeFiles/actionlib_generate_messages_lisp.dir/build.make CMakeFiles/actionlib_generate_messages_lisp.dir/build
make[2]: Entering directory '/home/abhimanyu/bluerov_ws/build/mavros_extras'
make[2]: Nothing to be done for 'CMakeFiles/actionlib_generate_messages_lisp.dir/build'.
make[2]: Leaving directory '/home/abhimanyu/bluerov_ws/build/mavros_extras'
[  5%] Built target actionlib_generate_messages_lisp
/usr/bin/make -f CMakeFiles/roscpp_generate_messages_lisp.dir/build.make CMakeFiles/roscpp_generate_messages_lisp.dir/depend
make[2]: Entering directory '/home/abhimanyu/bluerov_ws/build/mavros_extras'
cd /home/abhimanyu/bluerov_ws/build/mavros_extras && /usr/bin/cmake -E cmake_depends "Unix Makefiles" /home/abhimanyu/bluerov_ws/src/mavros/mavros_extras /home/abhimanyu/bluerov_ws/src/mavros/mavros_extras /home/abhimanyu/bluerov_ws/build/mavros_extras /home/abhimanyu/bluerov_ws/build/mavros_extras /home/abhimanyu/bluerov_ws/build/mavros_extras/CMakeFiles/roscpp_generate_messages_lisp.dir/DependInfo.cmake --color=
make[2]: Leaving directory '/home/abhimanyu/bluerov_ws/build/mavros_extras'
/usr/bin/make -f CMakeFiles/roscpp_generate_messages_lisp.dir/build.make CMakeFiles/roscpp_generate_messages_lisp.dir/build
make[2]: Entering directory '/home/abhimanyu/bluerov_ws/build/mavros_extras'
make[2]: Nothing to be done for 'CMakeFiles/roscpp_generate_messages_lisp.dir/build'.
make[2]: Leaving directory '/home/abhimanyu/bluerov_ws/build/mavros_extras'
[  5%] Built target roscpp_generate_messages_lisp
/usr/bin/make -f CMakeFiles/mavros_msgs_generate_messages_eus.dir/build.make CMakeFiles/mavros_msgs_generate_messages_eus.dir/depend
make[2]: Entering directory '/home/abhimanyu/bluerov_ws/build/mavros_extras'
cd /home/abhimanyu/bluerov_ws/build/mavros_extras && /usr/bin/cmake -E cmake_depends "Unix Makefiles" /home/abhimanyu/bluerov_ws/src/mavros/mavros_extras /home/abhimanyu/bluerov_ws/src/mavros/mavros_extras /home/abhimanyu/bluerov_ws/build/mavros_extras /home/abhimanyu/bluerov_ws/build/mavros_extras /home/abhimanyu/bluerov_ws/build/mavros_extras/CMakeFiles/mavros_msgs_generate_messages_eus.dir/DependInfo.cmake --color=
make[2]: Leaving directory '/home/abhimanyu/bluerov_ws/build/mavros_extras'
/usr/bin/make -f CMakeFiles/mavros_msgs_generate_messages_eus.dir/build.make CMakeFiles/mavros_msgs_generate_messages_eus.dir/build
make[2]: Entering directory '/home/abhimanyu/bluerov_ws/build/mavros_extras'
make[2]: Nothing to be done for 'CMakeFiles/mavros_msgs_generate_messages_eus.dir/build'.
make[2]: Leaving directory '/home/abhimanyu/bluerov_ws/build/mavros_extras'
[  5%] Built target mavros_msgs_generate_messages_eus
/usr/bin/make -f CMakeFiles/diagnostic_msgs_generate_messages_cpp.dir/build.make CMakeFiles/diagnostic_msgs_generate_messages_cpp.dir/depend
make[2]: Entering directory '/home/abhimanyu/bluerov_ws/build/mavros_extras'
cd /home/abhimanyu/bluerov_ws/build/mavros_extras && /usr/bin/cmake -E cmake_depends "Unix Makefiles" /home/abhimanyu/bluerov_ws/src/mavros/mavros_extras /home/abhimanyu/bluerov_ws/src/mavros/mavros_extras /home/abhimanyu/bluerov_ws/build/mavros_extras /home/abhimanyu/bluerov_ws/build/mavros_extras /home/abhimanyu/bluerov_ws/build/mavros_extras/CMakeFiles/diagnostic_msgs_generate_messages_cpp.dir/DependInfo.cmake --color=
make[2]: Leaving directory '/home/abhimanyu/bluerov_ws/build/mavros_extras'
/usr/bin/make -f CMakeFiles/diagnostic_msgs_generate_messages_cpp.dir/build.make CMakeFiles/diagnostic_msgs_generate_messages_cpp.dir/build
make[2]: Entering directory '/home/abhimanyu/bluerov_ws/build/mavros_extras'
make[2]: Nothing to be done for 'CMakeFiles/diagnostic_msgs_generate_messages_cpp.dir/build'.
make[2]: Leaving directory '/home/abhimanyu/bluerov_ws/build/mavros_extras'
[  5%] Built target diagnostic_msgs_generate_messages_cpp
/usr/bin/make -f CMakeFiles/rosgraph_msgs_generate_messages_py.dir/build.make CMakeFiles/rosgraph_msgs_generate_messages_py.dir/depend
make[2]: Entering directory '/home/abhimanyu/bluerov_ws/build/mavros_extras'
cd /home/abhimanyu/bluerov_ws/build/mavros_extras && /usr/bin/cmake -E cmake_depends "Unix Makefiles" /home/abhimanyu/bluerov_ws/src/mavros/mavros_extras /home/abhimanyu/bluerov_ws/src/mavros/mavros_extras /home/abhimanyu/bluerov_ws/build/mavros_extras /home/abhimanyu/bluerov_ws/build/mavros_extras /home/abhimanyu/bluerov_ws/build/mavros_extras/CMakeFiles/rosgraph_msgs_generate_messages_py.dir/DependInfo.cmake --color=
make[2]: Leaving directory '/home/abhimanyu/bluerov_ws/build/mavros_extras'
/usr/bin/make -f CMakeFiles/rosgraph_msgs_generate_messages_py.dir/build.make CMakeFiles/rosgraph_msgs_generate_messages_py.dir/build
make[2]: Entering directory '/home/abhimanyu/bluerov_ws/build/mavros_extras'
make[2]: Nothing to be done for 'CMakeFiles/rosgraph_msgs_generate_messages_py.dir/build'.
make[2]: Leaving directory '/home/abhimanyu/bluerov_ws/build/mavros_extras'
[  5%] Built target rosgraph_msgs_generate_messages_py
/usr/bin/make -f CMakeFiles/geometry_msgs_generate_messages_cpp.dir/build.make CMakeFiles/geometry_msgs_generate_messages_cpp.dir/depend
make[2]: Entering directory '/home/abhimanyu/bluerov_ws/build/mavros_extras'
cd /home/abhimanyu/bluerov_ws/build/mavros_extras && /usr/bin/cmake -E cmake_depends "Unix Makefiles" /home/abhimanyu/bluerov_ws/src/mavros/mavros_extras /home/abhimanyu/bluerov_ws/src/mavros/mavros_extras /home/abhimanyu/bluerov_ws/build/mavros_extras /home/abhimanyu/bluerov_ws/build/mavros_extras /home/abhimanyu/bluerov_ws/build/mavros_extras/CMakeFiles/geometry_msgs_generate_messages_cpp.dir/DependInfo.cmake --color=
make[2]: Leaving directory '/home/abhimanyu/bluerov_ws/build/mavros_extras'
/usr/bin/make -f CMakeFiles/geometry_msgs_generate_messages_cpp.dir/build.make CMakeFiles/geometry_msgs_generate_messages_cpp.dir/build
make[2]: Entering directory '/home/abhimanyu/bluerov_ws/build/mavros_extras'
make[2]: Nothing to be done for 'CMakeFiles/geometry_msgs_generate_messages_cpp.dir/build'.
make[2]: Leaving directory '/home/abhimanyu/bluerov_ws/build/mavros_extras'
[  5%] Built target geometry_msgs_generate_messages_cpp
/usr/bin/make -f CMakeFiles/geometry_msgs_generate_messages_nodejs.dir/build.make CMakeFiles/geometry_msgs_generate_messages_nodejs.dir/depend
make[2]: Entering directory '/home/abhimanyu/bluerov_ws/build/mavros_extras'
cd /home/abhimanyu/bluerov_ws/build/mavros_extras && /usr/bin/cmake -E cmake_depends "Unix Makefiles" /home/abhimanyu/bluerov_ws/src/mavros/mavros_extras /home/abhimanyu/bluerov_ws/src/mavros/mavros_extras /home/abhimanyu/bluerov_ws/build/mavros_extras /home/abhimanyu/bluerov_ws/build/mavros_extras /home/abhimanyu/bluerov_ws/build/mavros_extras/CMakeFiles/geometry_msgs_generate_messages_nodejs.dir/DependInfo.cmake --color=
make[2]: Leaving directory '/home/abhimanyu/bluerov_ws/build/mavros_extras'
/usr/bin/make -f CMakeFiles/geometry_msgs_generate_messages_nodejs.dir/build.make CMakeFiles/geometry_msgs_generate_messages_nodejs.dir/build
make[2]: Entering directory '/home/abhimanyu/bluerov_ws/build/mavros_extras'
make[2]: Nothing to be done for 'CMakeFiles/geometry_msgs_generate_messages_nodejs.dir/build'.
make[2]: Leaving directory '/home/abhimanyu/bluerov_ws/build/mavros_extras'
[  5%] Built target geometry_msgs_generate_messages_nodejs
/usr/bin/make -f CMakeFiles/trajectory_msgs_generate_messages_py.dir/build.make CMakeFiles/trajectory_msgs_generate_messages_py.dir/depend
make[2]: Entering directory '/home/abhimanyu/bluerov_ws/build/mavros_extras'
cd /home/abhimanyu/bluerov_ws/build/mavros_extras && /usr/bin/cmake -E cmake_depends "Unix Makefiles" /home/abhimanyu/bluerov_ws/src/mavros/mavros_extras /home/abhimanyu/bluerov_ws/src/mavros/mavros_extras /home/abhimanyu/bluerov_ws/build/mavros_extras /home/abhimanyu/bluerov_ws/build/mavros_extras /home/abhimanyu/bluerov_ws/build/mavros_extras/CMakeFiles/trajectory_msgs_generate_messages_py.dir/DependInfo.cmake --color=
make[2]: Leaving directory '/home/abhimanyu/bluerov_ws/build/mavros_extras'
/usr/bin/make -f CMakeFiles/trajectory_msgs_generate_messages_py.dir/build.make CMakeFiles/trajectory_msgs_generate_messages_py.dir/build
make[2]: Entering directory '/home/abhimanyu/bluerov_ws/build/mavros_extras'
make[2]: Nothing to be done for 'CMakeFiles/trajectory_msgs_generate_messages_py.dir/build'.
make[2]: Leaving directory '/home/abhimanyu/bluerov_ws/build/mavros_extras'
[  5%] Built target trajectory_msgs_generate_messages_py
/usr/bin/make -f CMakeFiles/actionlib_generate_messages_eus.dir/build.make CMakeFiles/actionlib_generate_messages_eus.dir/depend
make[2]: Entering directory '/home/abhimanyu/bluerov_ws/build/mavros_extras'
cd /home/abhimanyu/bluerov_ws/build/mavros_extras && /usr/bin/cmake -E cmake_depends "Unix Makefiles" /home/abhimanyu/bluerov_ws/src/mavros/mavros_extras /home/abhimanyu/bluerov_ws/src/mavros/mavros_extras /home/abhimanyu/bluerov_ws/build/mavros_extras /home/abhimanyu/bluerov_ws/build/mavros_extras /home/abhimanyu/bluerov_ws/build/mavros_extras/CMakeFiles/actionlib_generate_messages_eus.dir/DependInfo.cmake --color=
make[2]: Leaving directory '/home/abhimanyu/bluerov_ws/build/mavros_extras'
/usr/bin/make -f CMakeFiles/actionlib_generate_messages_eus.dir/build.make CMakeFiles/actionlib_generate_messages_eus.dir/build
make[2]: Entering directory '/home/abhimanyu/bluerov_ws/build/mavros_extras'
make[2]: Nothing to be done for 'CMakeFiles/actionlib_generate_messages_eus.dir/build'.
make[2]: Leaving directory '/home/abhimanyu/bluerov_ws/build/mavros_extras'
[  5%] Built target actionlib_generate_messages_eus
/usr/bin/make -f CMakeFiles/rosgraph_msgs_generate_messages_cpp.dir/build.make CMakeFiles/rosgraph_msgs_generate_messages_cpp.dir/depend
make[2]: Entering directory '/home/abhimanyu/bluerov_ws/build/mavros_extras'
cd /home/abhimanyu/bluerov_ws/build/mavros_extras && /usr/bin/cmake -E cmake_depends "Unix Makefiles" /home/abhimanyu/bluerov_ws/src/mavros/mavros_extras /home/abhimanyu/bluerov_ws/src/mavros/mavros_extras /home/abhimanyu/bluerov_ws/build/mavros_extras /home/abhimanyu/bluerov_ws/build/mavros_extras /home/abhimanyu/bluerov_ws/build/mavros_extras/CMakeFiles/rosgraph_msgs_generate_messages_cpp.dir/DependInfo.cmake --color=
make[2]: Leaving directory '/home/abhimanyu/bluerov_ws/build/mavros_extras'
/usr/bin/make -f CMakeFiles/rosgraph_msgs_generate_messages_cpp.dir/build.make CMakeFiles/rosgraph_msgs_generate_messages_cpp.dir/build
make[2]: Entering directory '/home/abhimanyu/bluerov_ws/build/mavros_extras'
make[2]: Nothing to be done for 'CMakeFiles/rosgraph_msgs_generate_messages_cpp.dir/build'.
make[2]: Leaving directory '/home/abhimanyu/bluerov_ws/build/mavros_extras'
[  5%] Built target rosgraph_msgs_generate_messages_cpp
/usr/bin/make -f CMakeFiles/diagnostic_msgs_generate_messages_nodejs.dir/build.make CMakeFiles/diagnostic_msgs_generate_messages_nodejs.dir/depend
make[2]: Entering directory '/home/abhimanyu/bluerov_ws/build/mavros_extras'
cd /home/abhimanyu/bluerov_ws/build/mavros_extras && /usr/bin/cmake -E cmake_depends "Unix Makefiles" /home/abhimanyu/bluerov_ws/src/mavros/mavros_extras /home/abhimanyu/bluerov_ws/src/mavros/mavros_extras /home/abhimanyu/bluerov_ws/build/mavros_extras /home/abhimanyu/bluerov_ws/build/mavros_extras /home/abhimanyu/bluerov_ws/build/mavros_extras/CMakeFiles/diagnostic_msgs_generate_messages_nodejs.dir/DependInfo.cmake --color=
make[2]: Leaving directory '/home/abhimanyu/bluerov_ws/build/mavros_extras'
/usr/bin/make -f CMakeFiles/diagnostic_msgs_generate_messages_nodejs.dir/build.make CMakeFiles/diagnostic_msgs_generate_messages_nodejs.dir/build
make[2]: Entering directory '/home/abhimanyu/bluerov_ws/build/mavros_extras'
make[2]: Nothing to be done for 'CMakeFiles/diagnostic_msgs_generate_messages_nodejs.dir/build'.
make[2]: Leaving directory '/home/abhimanyu/bluerov_ws/build/mavros_extras'
[  5%] Built target diagnostic_msgs_generate_messages_nodejs
/usr/bin/make -f CMakeFiles/uuid_msgs_generate_messages_lisp.dir/build.make CMakeFiles/uuid_msgs_generate_messages_lisp.dir/depend
make[2]: Entering directory '/home/abhimanyu/bluerov_ws/build/mavros_extras'
cd /home/abhimanyu/bluerov_ws/build/mavros_extras && /usr/bin/cmake -E cmake_depends "Unix Makefiles" /home/abhimanyu/bluerov_ws/src/mavros/mavros_extras /home/abhimanyu/bluerov_ws/src/mavros/mavros_extras /home/abhimanyu/bluerov_ws/build/mavros_extras /home/abhimanyu/bluerov_ws/build/mavros_extras /home/abhimanyu/bluerov_ws/build/mavros_extras/CMakeFiles/uuid_msgs_generate_messages_lisp.dir/DependInfo.cmake --color=
make[2]: Leaving directory '/home/abhimanyu/bluerov_ws/build/mavros_extras'
/usr/bin/make -f CMakeFiles/uuid_msgs_generate_messages_lisp.dir/build.make CMakeFiles/uuid_msgs_generate_messages_lisp.dir/build
make[2]: Entering directory '/home/abhimanyu/bluerov_ws/build/mavros_extras'
make[2]: Nothing to be done for 'CMakeFiles/uuid_msgs_generate_messages_lisp.dir/build'.
make[2]: Leaving directory '/home/abhimanyu/bluerov_ws/build/mavros_extras'
[  5%] Built target uuid_msgs_generate_messages_lisp
/usr/bin/make -f CMakeFiles/roscpp_generate_messages_nodejs.dir/build.make CMakeFiles/roscpp_generate_messages_nodejs.dir/depend
make[2]: Entering directory '/home/abhimanyu/bluerov_ws/build/mavros_extras'
cd /home/abhimanyu/bluerov_ws/build/mavros_extras && /usr/bin/cmake -E cmake_depends "Unix Makefiles" /home/abhimanyu/bluerov_ws/src/mavros/mavros_extras /home/abhimanyu/bluerov_ws/src/mavros/mavros_extras /home/abhimanyu/bluerov_ws/build/mavros_extras /home/abhimanyu/bluerov_ws/build/mavros_extras /home/abhimanyu/bluerov_ws/build/mavros_extras/CMakeFiles/roscpp_generate_messages_nodejs.dir/DependInfo.cmake --color=
make[2]: Leaving directory '/home/abhimanyu/bluerov_ws/build/mavros_extras'
/usr/bin/make -f CMakeFiles/roscpp_generate_messages_nodejs.dir/build.make CMakeFiles/roscpp_generate_messages_nodejs.dir/build
make[2]: Entering directory '/home/abhimanyu/bluerov_ws/build/mavros_extras'
make[2]: Nothing to be done for 'CMakeFiles/roscpp_generate_messages_nodejs.dir/build'.
make[2]: Leaving directory '/home/abhimanyu/bluerov_ws/build/mavros_extras'
[  5%] Built target roscpp_generate_messages_nodejs
/usr/bin/make -f CMakeFiles/geometry_msgs_generate_messages_lisp.dir/build.make CMakeFiles/geometry_msgs_generate_messages_lisp.dir/depend
make[2]: Entering directory '/home/abhimanyu/bluerov_ws/build/mavros_extras'
cd /home/abhimanyu/bluerov_ws/build/mavros_extras && /usr/bin/cmake -E cmake_depends "Unix Makefiles" /home/abhimanyu/bluerov_ws/src/mavros/mavros_extras /home/abhimanyu/bluerov_ws/src/mavros/mavros_extras /home/abhimanyu/bluerov_ws/build/mavros_extras /home/abhimanyu/bluerov_ws/build/mavros_extras /home/abhimanyu/bluerov_ws/build/mavros_extras/CMakeFiles/geometry_msgs_generate_messages_lisp.dir/DependInfo.cmake --color=
make[2]: Leaving directory '/home/abhimanyu/bluerov_ws/build/mavros_extras'
/usr/bin/make -f CMakeFiles/geometry_msgs_generate_messages_lisp.dir/build.make CMakeFiles/geometry_msgs_generate_messages_lisp.dir/build
make[2]: Entering directory '/home/abhimanyu/bluerov_ws/build/mavros_extras'
make[2]: Nothing to be done for 'CMakeFiles/geometry_msgs_generate_messages_lisp.dir/build'.
make[2]: Leaving directory '/home/abhimanyu/bluerov_ws/build/mavros_extras'
[  5%] Built target geometry_msgs_generate_messages_lisp
/usr/bin/make -f CMakeFiles/mavros_msgs_generate_messages_py.dir/build.make CMakeFiles/mavros_msgs_generate_messages_py.dir/depend
make[2]: Entering directory '/home/abhimanyu/bluerov_ws/build/mavros_extras'
cd /home/abhimanyu/bluerov_ws/build/mavros_extras && /usr/bin/cmake -E cmake_depends "Unix Makefiles" /home/abhimanyu/bluerov_ws/src/mavros/mavros_extras /home/abhimanyu/bluerov_ws/src/mavros/mavros_extras /home/abhimanyu/bluerov_ws/build/mavros_extras /home/abhimanyu/bluerov_ws/build/mavros_extras /home/abhimanyu/bluerov_ws/build/mavros_extras/CMakeFiles/mavros_msgs_generate_messages_py.dir/DependInfo.cmake --color=
make[2]: Leaving directory '/home/abhimanyu/bluerov_ws/build/mavros_extras'
/usr/bin/make -f CMakeFiles/mavros_msgs_generate_messages_py.dir/build.make CMakeFiles/mavros_msgs_generate_messages_py.dir/build
make[2]: Entering directory '/home/abhimanyu/bluerov_ws/build/mavros_extras'
make[2]: Nothing to be done for 'CMakeFiles/mavros_msgs_generate_messages_py.dir/build'.
make[2]: Leaving directory '/home/abhimanyu/bluerov_ws/build/mavros_extras'
[  5%] Built target mavros_msgs_generate_messages_py
/usr/bin/make -f CMakeFiles/std_msgs_generate_messages_lisp.dir/build.make CMakeFiles/std_msgs_generate_messages_lisp.dir/depend
make[2]: Entering directory '/home/abhimanyu/bluerov_ws/build/mavros_extras'
cd /home/abhimanyu/bluerov_ws/build/mavros_extras && /usr/bin/cmake -E cmake_depends "Unix Makefiles" /home/abhimanyu/bluerov_ws/src/mavros/mavros_extras /home/abhimanyu/bluerov_ws/src/mavros/mavros_extras /home/abhimanyu/bluerov_ws/build/mavros_extras /home/abhimanyu/bluerov_ws/build/mavros_extras /home/abhimanyu/bluerov_ws/build/mavros_extras/CMakeFiles/std_msgs_generate_messages_lisp.dir/DependInfo.cmake --color=
make[2]: Leaving directory '/home/abhimanyu/bluerov_ws/build/mavros_extras'
/usr/bin/make -f CMakeFiles/std_msgs_generate_messages_lisp.dir/build.make CMakeFiles/std_msgs_generate_messages_lisp.dir/build
make[2]: Entering directory '/home/abhimanyu/bluerov_ws/build/mavros_extras'
make[2]: Nothing to be done for 'CMakeFiles/std_msgs_generate_messages_lisp.dir/build'.
make[2]: Leaving directory '/home/abhimanyu/bluerov_ws/build/mavros_extras'
[  5%] Built target std_msgs_generate_messages_lisp
/usr/bin/make -f CMakeFiles/roscpp_generate_messages_eus.dir/build.make CMakeFiles/roscpp_generate_messages_eus.dir/depend
make[2]: Entering directory '/home/abhimanyu/bluerov_ws/build/mavros_extras'
cd /home/abhimanyu/bluerov_ws/build/mavros_extras && /usr/bin/cmake -E cmake_depends "Unix Makefiles" /home/abhimanyu/bluerov_ws/src/mavros/mavros_extras /home/abhimanyu/bluerov_ws/src/mavros/mavros_extras /home/abhimanyu/bluerov_ws/build/mavros_extras /home/abhimanyu/bluerov_ws/build/mavros_extras /home/abhimanyu/bluerov_ws/build/mavros_extras/CMakeFiles/roscpp_generate_messages_eus.dir/DependInfo.cmake --color=
make[2]: Leaving directory '/home/abhimanyu/bluerov_ws/build/mavros_extras'
/usr/bin/make -f CMakeFiles/roscpp_generate_messages_eus.dir/build.make CMakeFiles/roscpp_generate_messages_eus.dir/build
make[2]: Entering directory '/home/abhimanyu/bluerov_ws/build/mavros_extras'
make[2]: Nothing to be done for 'CMakeFiles/roscpp_generate_messages_eus.dir/build'.
make[2]: Leaving directory '/home/abhimanyu/bluerov_ws/build/mavros_extras'
[  5%] Built target roscpp_generate_messages_eus
/usr/bin/make -f CMakeFiles/uuid_msgs_generate_messages_eus.dir/build.make CMakeFiles/uuid_msgs_generate_messages_eus.dir/depend
make[2]: Entering directory '/home/abhimanyu/bluerov_ws/build/mavros_extras'
cd /home/abhimanyu/bluerov_ws/build/mavros_extras && /usr/bin/cmake -E cmake_depends "Unix Makefiles" /home/abhimanyu/bluerov_ws/src/mavros/mavros_extras /home/abhimanyu/bluerov_ws/src/mavros/mavros_extras /home/abhimanyu/bluerov_ws/build/mavros_extras /home/abhimanyu/bluerov_ws/build/mavros_extras /home/abhimanyu/bluerov_ws/build/mavros_extras/CMakeFiles/uuid_msgs_generate_messages_eus.dir/DependInfo.cmake --color=
make[2]: Leaving directory '/home/abhimanyu/bluerov_ws/build/mavros_extras'
/usr/bin/make -f CMakeFiles/uuid_msgs_generate_messages_eus.dir/build.make CMakeFiles/uuid_msgs_generate_messages_eus.dir/build
make[2]: Entering directory '/home/abhimanyu/bluerov_ws/build/mavros_extras'
make[2]: Nothing to be done for 'CMakeFiles/uuid_msgs_generate_messages_eus.dir/build'.
make[2]: Leaving directory '/home/abhimanyu/bluerov_ws/build/mavros_extras'
[  5%] Built target uuid_msgs_generate_messages_eus
/usr/bin/make -f CMakeFiles/uuid_msgs_generate_messages_cpp.dir/build.make CMakeFiles/uuid_msgs_generate_messages_cpp.dir/depend
make[2]: Entering directory '/home/abhimanyu/bluerov_ws/build/mavros_extras'
cd /home/abhimanyu/bluerov_ws/build/mavros_extras && /usr/bin/cmake -E cmake_depends "Unix Makefiles" /home/abhimanyu/bluerov_ws/src/mavros/mavros_extras /home/abhimanyu/bluerov_ws/src/mavros/mavros_extras /home/abhimanyu/bluerov_ws/build/mavros_extras /home/abhimanyu/bluerov_ws/build/mavros_extras /home/abhimanyu/bluerov_ws/build/mavros_extras/CMakeFiles/uuid_msgs_generate_messages_cpp.dir/DependInfo.cmake --color=
make[2]: Leaving directory '/home/abhimanyu/bluerov_ws/build/mavros_extras'
/usr/bin/make -f CMakeFiles/uuid_msgs_generate_messages_cpp.dir/build.make CMakeFiles/uuid_msgs_generate_messages_cpp.dir/build
make[2]: Entering directory '/home/abhimanyu/bluerov_ws/build/mavros_extras'
make[2]: Nothing to be done for 'CMakeFiles/uuid_msgs_generate_messages_cpp.dir/build'.
make[2]: Leaving directory '/home/abhimanyu/bluerov_ws/build/mavros_extras'
[  5%] Built target uuid_msgs_generate_messages_cpp
/usr/bin/make -f CMakeFiles/rosgraph_msgs_generate_messages_nodejs.dir/build.make CMakeFiles/rosgraph_msgs_generate_messages_nodejs.dir/depend
make[2]: Entering directory '/home/abhimanyu/bluerov_ws/build/mavros_extras'
cd /home/abhimanyu/bluerov_ws/build/mavros_extras && /usr/bin/cmake -E cmake_depends "Unix Makefiles" /home/abhimanyu/bluerov_ws/src/mavros/mavros_extras /home/abhimanyu/bluerov_ws/src/mavros/mavros_extras /home/abhimanyu/bluerov_ws/build/mavros_extras /home/abhimanyu/bluerov_ws/build/mavros_extras /home/abhimanyu/bluerov_ws/build/mavros_extras/CMakeFiles/rosgraph_msgs_generate_messages_nodejs.dir/DependInfo.cmake --color=
make[2]: Leaving directory '/home/abhimanyu/bluerov_ws/build/mavros_extras'
/usr/bin/make -f CMakeFiles/rosgraph_msgs_generate_messages_nodejs.dir/build.make CMakeFiles/rosgraph_msgs_generate_messages_nodejs.dir/build
make[2]: Entering directory '/home/abhimanyu/bluerov_ws/build/mavros_extras'
make[2]: Nothing to be done for 'CMakeFiles/rosgraph_msgs_generate_messages_nodejs.dir/build'.
make[2]: Leaving directory '/home/abhimanyu/bluerov_ws/build/mavros_extras'
[  5%] Built target rosgraph_msgs_generate_messages_nodejs
/usr/bin/make -f CMakeFiles/geographic_msgs_generate_messages_cpp.dir/build.make CMakeFiles/geographic_msgs_generate_messages_cpp.dir/depend
make[2]: Entering directory '/home/abhimanyu/bluerov_ws/build/mavros_extras'
cd /home/abhimanyu/bluerov_ws/build/mavros_extras && /usr/bin/cmake -E cmake_depends "Unix Makefiles" /home/abhimanyu/bluerov_ws/src/mavros/mavros_extras /home/abhimanyu/bluerov_ws/src/mavros/mavros_extras /home/abhimanyu/bluerov_ws/build/mavros_extras /home/abhimanyu/bluerov_ws/build/mavros_extras /home/abhimanyu/bluerov_ws/build/mavros_extras/CMakeFiles/geographic_msgs_generate_messages_cpp.dir/DependInfo.cmake --color=
make[2]: Leaving directory '/home/abhimanyu/bluerov_ws/build/mavros_extras'
/usr/bin/make -f CMakeFiles/geographic_msgs_generate_messages_cpp.dir/build.make CMakeFiles/geographic_msgs_generate_messages_cpp.dir/build
make[2]: Entering directory '/home/abhimanyu/bluerov_ws/build/mavros_extras'
make[2]: Nothing to be done for 'CMakeFiles/geographic_msgs_generate_messages_cpp.dir/build'.
make[2]: Leaving directory '/home/abhimanyu/bluerov_ws/build/mavros_extras'
[  5%] Built target geographic_msgs_generate_messages_cpp
/usr/bin/make -f CMakeFiles/geographic_msgs_generate_messages_eus.dir/build.make CMakeFiles/geographic_msgs_generate_messages_eus.dir/depend
make[2]: Entering directory '/home/abhimanyu/bluerov_ws/build/mavros_extras'
cd /home/abhimanyu/bluerov_ws/build/mavros_extras && /usr/bin/cmake -E cmake_depends "Unix Makefiles" /home/abhimanyu/bluerov_ws/src/mavros/mavros_extras /home/abhimanyu/bluerov_ws/src/mavros/mavros_extras /home/abhimanyu/bluerov_ws/build/mavros_extras /home/abhimanyu/bluerov_ws/build/mavros_extras /home/abhimanyu/bluerov_ws/build/mavros_extras/CMakeFiles/geographic_msgs_generate_messages_eus.dir/DependInfo.cmake --color=
make[2]: Leaving directory '/home/abhimanyu/bluerov_ws/build/mavros_extras'
/usr/bin/make -f CMakeFiles/geographic_msgs_generate_messages_eus.dir/build.make CMakeFiles/geographic_msgs_generate_messages_eus.dir/build
make[2]: Entering directory '/home/abhimanyu/bluerov_ws/build/mavros_extras'
make[2]: Nothing to be done for 'CMakeFiles/geographic_msgs_generate_messages_eus.dir/build'.
make[2]: Leaving directory '/home/abhimanyu/bluerov_ws/build/mavros_extras'
[  5%] Built target geographic_msgs_generate_messages_eus
/usr/bin/make -f CMakeFiles/rosgraph_msgs_generate_messages_eus.dir/build.make CMakeFiles/rosgraph_msgs_generate_messages_eus.dir/depend
make[2]: Entering directory '/home/abhimanyu/bluerov_ws/build/mavros_extras'
cd /home/abhimanyu/bluerov_ws/build/mavros_extras && /usr/bin/cmake -E cmake_depends "Unix Makefiles" /home/abhimanyu/bluerov_ws/src/mavros/mavros_extras /home/abhimanyu/bluerov_ws/src/mavros/mavros_extras /home/abhimanyu/bluerov_ws/build/mavros_extras /home/abhimanyu/bluerov_ws/build/mavros_extras /home/abhimanyu/bluerov_ws/build/mavros_extras/CMakeFiles/rosgraph_msgs_generate_messages_eus.dir/DependInfo.cmake --color=
make[2]: Leaving directory '/home/abhimanyu/bluerov_ws/build/mavros_extras'
/usr/bin/make -f CMakeFiles/rosgraph_msgs_generate_messages_eus.dir/build.make CMakeFiles/rosgraph_msgs_generate_messages_eus.dir/build
make[2]: Entering directory '/home/abhimanyu/bluerov_ws/build/mavros_extras'
make[2]: Nothing to be done for 'CMakeFiles/rosgraph_msgs_generate_messages_eus.dir/build'.
make[2]: Leaving directory '/home/abhimanyu/bluerov_ws/build/mavros_extras'
[  5%] Built target rosgraph_msgs_generate_messages_eus
/usr/bin/make -f CMakeFiles/geographic_msgs_generate_messages_lisp.dir/build.make CMakeFiles/geographic_msgs_generate_messages_lisp.dir/depend
make[2]: Entering directory '/home/abhimanyu/bluerov_ws/build/mavros_extras'
cd /home/abhimanyu/bluerov_ws/build/mavros_extras && /usr/bin/cmake -E cmake_depends "Unix Makefiles" /home/abhimanyu/bluerov_ws/src/mavros/mavros_extras /home/abhimanyu/bluerov_ws/src/mavros/mavros_extras /home/abhimanyu/bluerov_ws/build/mavros_extras /home/abhimanyu/bluerov_ws/build/mavros_extras /home/abhimanyu/bluerov_ws/build/mavros_extras/CMakeFiles/geographic_msgs_generate_messages_lisp.dir/DependInfo.cmake --color=
make[2]: Leaving directory '/home/abhimanyu/bluerov_ws/build/mavros_extras'
/usr/bin/make -f CMakeFiles/geographic_msgs_generate_messages_lisp.dir/build.make CMakeFiles/geographic_msgs_generate_messages_lisp.dir/build
make[2]: Entering directory '/home/abhimanyu/bluerov_ws/build/mavros_extras'
make[2]: Nothing to be done for 'CMakeFiles/geographic_msgs_generate_messages_lisp.dir/build'.
make[2]: Leaving directory '/home/abhimanyu/bluerov_ws/build/mavros_extras'
[  5%] Built target geographic_msgs_generate_messages_lisp
/usr/bin/make -f CMakeFiles/nav_msgs_generate_messages_nodejs.dir/build.make CMakeFiles/nav_msgs_generate_messages_nodejs.dir/depend
make[2]: Entering directory '/home/abhimanyu/bluerov_ws/build/mavros_extras'
cd /home/abhimanyu/bluerov_ws/build/mavros_extras && /usr/bin/cmake -E cmake_depends "Unix Makefiles" /home/abhimanyu/bluerov_ws/src/mavros/mavros_extras /home/abhimanyu/bluerov_ws/src/mavros/mavros_extras /home/abhimanyu/bluerov_ws/build/mavros_extras /home/abhimanyu/bluerov_ws/build/mavros_extras /home/abhimanyu/bluerov_ws/build/mavros_extras/CMakeFiles/nav_msgs_generate_messages_nodejs.dir/DependInfo.cmake --color=
make[2]: Leaving directory '/home/abhimanyu/bluerov_ws/build/mavros_extras'
/usr/bin/make -f CMakeFiles/nav_msgs_generate_messages_nodejs.dir/build.make CMakeFiles/nav_msgs_generate_messages_nodejs.dir/build
make[2]: Entering directory '/home/abhimanyu/bluerov_ws/build/mavros_extras'
make[2]: Nothing to be done for 'CMakeFiles/nav_msgs_generate_messages_nodejs.dir/build'.
make[2]: Leaving directory '/home/abhimanyu/bluerov_ws/build/mavros_extras'
[  5%] Built target nav_msgs_generate_messages_nodejs
/usr/bin/make -f CMakeFiles/diagnostic_msgs_generate_messages_py.dir/build.make CMakeFiles/diagnostic_msgs_generate_messages_py.dir/depend
make[2]: Entering directory '/home/abhimanyu/bluerov_ws/build/mavros_extras'
cd /home/abhimanyu/bluerov_ws/build/mavros_extras && /usr/bin/cmake -E cmake_depends "Unix Makefiles" /home/abhimanyu/bluerov_ws/src/mavros/mavros_extras /home/abhimanyu/bluerov_ws/src/mavros/mavros_extras /home/abhimanyu/bluerov_ws/build/mavros_extras /home/abhimanyu/bluerov_ws/build/mavros_extras /home/abhimanyu/bluerov_ws/build/mavros_extras/CMakeFiles/diagnostic_msgs_generate_messages_py.dir/DependInfo.cmake --color=
make[2]: Leaving directory '/home/abhimanyu/bluerov_ws/build/mavros_extras'
/usr/bin/make -f CMakeFiles/diagnostic_msgs_generate_messages_py.dir/build.make CMakeFiles/diagnostic_msgs_generate_messages_py.dir/build
make[2]: Entering directory '/home/abhimanyu/bluerov_ws/build/mavros_extras'
make[2]: Nothing to be done for 'CMakeFiles/diagnostic_msgs_generate_messages_py.dir/build'.
make[2]: Leaving directory '/home/abhimanyu/bluerov_ws/build/mavros_extras'
[  5%] Built target diagnostic_msgs_generate_messages_py
/usr/bin/make -f CMakeFiles/sensor_msgs_generate_messages_cpp.dir/build.make CMakeFiles/sensor_msgs_generate_messages_cpp.dir/depend
make[2]: Entering directory '/home/abhimanyu/bluerov_ws/build/mavros_extras'
cd /home/abhimanyu/bluerov_ws/build/mavros_extras && /usr/bin/cmake -E cmake_depends "Unix Makefiles" /home/abhimanyu/bluerov_ws/src/mavros/mavros_extras /home/abhimanyu/bluerov_ws/src/mavros/mavros_extras /home/abhimanyu/bluerov_ws/build/mavros_extras /home/abhimanyu/bluerov_ws/build/mavros_extras /home/abhimanyu/bluerov_ws/build/mavros_extras/CMakeFiles/sensor_msgs_generate_messages_cpp.dir/DependInfo.cmake --color=
make[2]: Leaving directory '/home/abhimanyu/bluerov_ws/build/mavros_extras'
/usr/bin/make -f CMakeFiles/sensor_msgs_generate_messages_cpp.dir/build.make CMakeFiles/sensor_msgs_generate_messages_cpp.dir/build
make[2]: Entering directory '/home/abhimanyu/bluerov_ws/build/mavros_extras'
make[2]: Nothing to be done for 'CMakeFiles/sensor_msgs_generate_messages_cpp.dir/build'.
make[2]: Leaving directory '/home/abhimanyu/bluerov_ws/build/mavros_extras'
[  5%] Built target sensor_msgs_generate_messages_cpp
/usr/bin/make -f CMakeFiles/geographic_msgs_generate_messages_nodejs.dir/build.make CMakeFiles/geographic_msgs_generate_messages_nodejs.dir/depend
make[2]: Entering directory '/home/abhimanyu/bluerov_ws/build/mavros_extras'
cd /home/abhimanyu/bluerov_ws/build/mavros_extras && /usr/bin/cmake -E cmake_depends "Unix Makefiles" /home/abhimanyu/bluerov_ws/src/mavros/mavros_extras /home/abhimanyu/bluerov_ws/src/mavros/mavros_extras /home/abhimanyu/bluerov_ws/build/mavros_extras /home/abhimanyu/bluerov_ws/build/mavros_extras /home/abhimanyu/bluerov_ws/build/mavros_extras/CMakeFiles/geographic_msgs_generate_messages_nodejs.dir/DependInfo.cmake --color=
make[2]: Leaving directory '/home/abhimanyu/bluerov_ws/build/mavros_extras'
/usr/bin/make -f CMakeFiles/geographic_msgs_generate_messages_nodejs.dir/build.make CMakeFiles/geographic_msgs_generate_messages_nodejs.dir/build
make[2]: Entering directory '/home/abhimanyu/bluerov_ws/build/mavros_extras'
make[2]: Nothing to be done for 'CMakeFiles/geographic_msgs_generate_messages_nodejs.dir/build'.
make[2]: Leaving directory '/home/abhimanyu/bluerov_ws/build/mavros_extras'
[  5%] Built target geographic_msgs_generate_messages_nodejs
/usr/bin/make -f CMakeFiles/geographic_msgs_generate_messages_py.dir/build.make CMakeFiles/geographic_msgs_generate_messages_py.dir/depend
make[2]: Entering directory '/home/abhimanyu/bluerov_ws/build/mavros_extras'
cd /home/abhimanyu/bluerov_ws/build/mavros_extras && /usr/bin/cmake -E cmake_depends "Unix Makefiles" /home/abhimanyu/bluerov_ws/src/mavros/mavros_extras /home/abhimanyu/bluerov_ws/src/mavros/mavros_extras /home/abhimanyu/bluerov_ws/build/mavros_extras /home/abhimanyu/bluerov_ws/build/mavros_extras /home/abhimanyu/bluerov_ws/build/mavros_extras/CMakeFiles/geographic_msgs_generate_messages_py.dir/DependInfo.cmake --color=
make[2]: Leaving directory '/home/abhimanyu/bluerov_ws/build/mavros_extras'
/usr/bin/make -f CMakeFiles/geographic_msgs_generate_messages_py.dir/build.make CMakeFiles/geographic_msgs_generate_messages_py.dir/build
make[2]: Entering directory '/home/abhimanyu/bluerov_ws/build/mavros_extras'
make[2]: Nothing to be done for 'CMakeFiles/geographic_msgs_generate_messages_py.dir/build'.
make[2]: Leaving directory '/home/abhimanyu/bluerov_ws/build/mavros_extras'
[  5%] Built target geographic_msgs_generate_messages_py
/usr/bin/make -f CMakeFiles/visualization_msgs_generate_messages_cpp.dir/build.make CMakeFiles/visualization_msgs_generate_messages_cpp.dir/depend
make[2]: Entering directory '/home/abhimanyu/bluerov_ws/build/mavros_extras'
cd /home/abhimanyu/bluerov_ws/build/mavros_extras && /usr/bin/cmake -E cmake_depends "Unix Makefiles" /home/abhimanyu/bluerov_ws/src/mavros/mavros_extras /home/abhimanyu/bluerov_ws/src/mavros/mavros_extras /home/abhimanyu/bluerov_ws/build/mavros_extras /home/abhimanyu/bluerov_ws/build/mavros_extras /home/abhimanyu/bluerov_ws/build/mavros_extras/CMakeFiles/visualization_msgs_generate_messages_cpp.dir/DependInfo.cmake --color=
make[2]: Leaving directory '/home/abhimanyu/bluerov_ws/build/mavros_extras'
/usr/bin/make -f CMakeFiles/visualization_msgs_generate_messages_cpp.dir/build.make CMakeFiles/visualization_msgs_generate_messages_cpp.dir/build
make[2]: Entering directory '/home/abhimanyu/bluerov_ws/build/mavros_extras'
make[2]: Nothing to be done for 'CMakeFiles/visualization_msgs_generate_messages_cpp.dir/build'.
make[2]: Leaving directory '/home/abhimanyu/bluerov_ws/build/mavros_extras'
[  5%] Built target visualization_msgs_generate_messages_cpp
/usr/bin/make -f CMakeFiles/sensor_msgs_generate_messages_eus.dir/build.make CMakeFiles/sensor_msgs_generate_messages_eus.dir/depend
make[2]: Entering directory '/home/abhimanyu/bluerov_ws/build/mavros_extras'
cd /home/abhimanyu/bluerov_ws/build/mavros_extras && /usr/bin/cmake -E cmake_depends "Unix Makefiles" /home/abhimanyu/bluerov_ws/src/mavros/mavros_extras /home/abhimanyu/bluerov_ws/src/mavros/mavros_extras /home/abhimanyu/bluerov_ws/build/mavros_extras /home/abhimanyu/bluerov_ws/build/mavros_extras /home/abhimanyu/bluerov_ws/build/mavros_extras/CMakeFiles/sensor_msgs_generate_messages_eus.dir/DependInfo.cmake --color=
make[2]: Leaving directory '/home/abhimanyu/bluerov_ws/build/mavros_extras'
/usr/bin/make -f CMakeFiles/sensor_msgs_generate_messages_eus.dir/build.make CMakeFiles/sensor_msgs_generate_messages_eus.dir/build
make[2]: Entering directory '/home/abhimanyu/bluerov_ws/build/mavros_extras'
make[2]: Nothing to be done for 'CMakeFiles/sensor_msgs_generate_messages_eus.dir/build'.
make[2]: Leaving directory '/home/abhimanyu/bluerov_ws/build/mavros_extras'
[  5%] Built target sensor_msgs_generate_messages_eus
/usr/bin/make -f CMakeFiles/sensor_msgs_generate_messages_lisp.dir/build.make CMakeFiles/sensor_msgs_generate_messages_lisp.dir/depend
make[2]: Entering directory '/home/abhimanyu/bluerov_ws/build/mavros_extras'
cd /home/abhimanyu/bluerov_ws/build/mavros_extras && /usr/bin/cmake -E cmake_depends "Unix Makefiles" /home/abhimanyu/bluerov_ws/src/mavros/mavros_extras /home/abhimanyu/bluerov_ws/src/mavros/mavros_extras /home/abhimanyu/bluerov_ws/build/mavros_extras /home/abhimanyu/bluerov_ws/build/mavros_extras /home/abhimanyu/bluerov_ws/build/mavros_extras/CMakeFiles/sensor_msgs_generate_messages_lisp.dir/DependInfo.cmake --color=
make[2]: Leaving directory '/home/abhimanyu/bluerov_ws/build/mavros_extras'
/usr/bin/make -f CMakeFiles/sensor_msgs_generate_messages_lisp.dir/build.make CMakeFiles/sensor_msgs_generate_messages_lisp.dir/build
make[2]: Entering directory '/home/abhimanyu/bluerov_ws/build/mavros_extras'
make[2]: Nothing to be done for 'CMakeFiles/sensor_msgs_generate_messages_lisp.dir/build'.
make[2]: Leaving directory '/home/abhimanyu/bluerov_ws/build/mavros_extras'
[  5%] Built target sensor_msgs_generate_messages_lisp
/usr/bin/make -f CMakeFiles/uuid_msgs_generate_messages_nodejs.dir/build.make CMakeFiles/uuid_msgs_generate_messages_nodejs.dir/depend
make[2]: Entering directory '/home/abhimanyu/bluerov_ws/build/mavros_extras'
cd /home/abhimanyu/bluerov_ws/build/mavros_extras && /usr/bin/cmake -E cmake_depends "Unix Makefiles" /home/abhimanyu/bluerov_ws/src/mavros/mavros_extras /home/abhimanyu/bluerov_ws/src/mavros/mavros_extras /home/abhimanyu/bluerov_ws/build/mavros_extras /home/abhimanyu/bluerov_ws/build/mavros_extras /home/abhimanyu/bluerov_ws/build/mavros_extras/CMakeFiles/uuid_msgs_generate_messages_nodejs.dir/DependInfo.cmake --color=
make[2]: Leaving directory '/home/abhimanyu/bluerov_ws/build/mavros_extras'
/usr/bin/make -f CMakeFiles/uuid_msgs_generate_messages_nodejs.dir/build.make CMakeFiles/uuid_msgs_generate_messages_nodejs.dir/build
make[2]: Entering directory '/home/abhimanyu/bluerov_ws/build/mavros_extras'
make[2]: Nothing to be done for 'CMakeFiles/uuid_msgs_generate_messages_nodejs.dir/build'.
make[2]: Leaving directory '/home/abhimanyu/bluerov_ws/build/mavros_extras'
[  5%] Built target uuid_msgs_generate_messages_nodejs
/usr/bin/make -f CMakeFiles/uuid_msgs_generate_messages_py.dir/build.make CMakeFiles/uuid_msgs_generate_messages_py.dir/depend
make[2]: Entering directory '/home/abhimanyu/bluerov_ws/build/mavros_extras'
cd /home/abhimanyu/bluerov_ws/build/mavros_extras && /usr/bin/cmake -E cmake_depends "Unix Makefiles" /home/abhimanyu/bluerov_ws/src/mavros/mavros_extras /home/abhimanyu/bluerov_ws/src/mavros/mavros_extras /home/abhimanyu/bluerov_ws/build/mavros_extras /home/abhimanyu/bluerov_ws/build/mavros_extras /home/abhimanyu/bluerov_ws/build/mavros_extras/CMakeFiles/uuid_msgs_generate_messages_py.dir/DependInfo.cmake --color=
make[2]: Leaving directory '/home/abhimanyu/bluerov_ws/build/mavros_extras'
/usr/bin/make -f CMakeFiles/uuid_msgs_generate_messages_py.dir/build.make CMakeFiles/uuid_msgs_generate_messages_py.dir/build
make[2]: Entering directory '/home/abhimanyu/bluerov_ws/build/mavros_extras'
make[2]: Nothing to be done for 'CMakeFiles/uuid_msgs_generate_messages_py.dir/build'.
make[2]: Leaving directory '/home/abhimanyu/bluerov_ws/build/mavros_extras'
[  5%] Built target uuid_msgs_generate_messages_py
/usr/bin/make -f CMakeFiles/tf2_msgs_generate_messages_py.dir/build.make CMakeFiles/tf2_msgs_generate_messages_py.dir/depend
make[2]: Entering directory '/home/abhimanyu/bluerov_ws/build/mavros_extras'
cd /home/abhimanyu/bluerov_ws/build/mavros_extras && /usr/bin/cmake -E cmake_depends "Unix Makefiles" /home/abhimanyu/bluerov_ws/src/mavros/mavros_extras /home/abhimanyu/bluerov_ws/src/mavros/mavros_extras /home/abhimanyu/bluerov_ws/build/mavros_extras /home/abhimanyu/bluerov_ws/build/mavros_extras /home/abhimanyu/bluerov_ws/build/mavros_extras/CMakeFiles/tf2_msgs_generate_messages_py.dir/DependInfo.cmake --color=
make[2]: Leaving directory '/home/abhimanyu/bluerov_ws/build/mavros_extras'
/usr/bin/make -f CMakeFiles/tf2_msgs_generate_messages_py.dir/build.make CMakeFiles/tf2_msgs_generate_messages_py.dir/build
make[2]: Entering directory '/home/abhimanyu/bluerov_ws/build/mavros_extras'
make[2]: Nothing to be done for 'CMakeFiles/tf2_msgs_generate_messages_py.dir/build'.
make[2]: Leaving directory '/home/abhimanyu/bluerov_ws/build/mavros_extras'
[  5%] Built target tf2_msgs_generate_messages_py
/usr/bin/make -f CMakeFiles/mavros_msgs_generate_messages_cpp.dir/build.make CMakeFiles/mavros_msgs_generate_messages_cpp.dir/depend
make[2]: Entering directory '/home/abhimanyu/bluerov_ws/build/mavros_extras'
cd /home/abhimanyu/bluerov_ws/build/mavros_extras && /usr/bin/cmake -E cmake_depends "Unix Makefiles" /home/abhimanyu/bluerov_ws/src/mavros/mavros_extras /home/abhimanyu/bluerov_ws/src/mavros/mavros_extras /home/abhimanyu/bluerov_ws/build/mavros_extras /home/abhimanyu/bluerov_ws/build/mavros_extras /home/abhimanyu/bluerov_ws/build/mavros_extras/CMakeFiles/mavros_msgs_generate_messages_cpp.dir/DependInfo.cmake --color=
make[2]: Leaving directory '/home/abhimanyu/bluerov_ws/build/mavros_extras'
/usr/bin/make -f CMakeFiles/mavros_msgs_generate_messages_cpp.dir/build.make CMakeFiles/mavros_msgs_generate_messages_cpp.dir/build
make[2]: Entering directory '/home/abhimanyu/bluerov_ws/build/mavros_extras'
make[2]: Nothing to be done for 'CMakeFiles/mavros_msgs_generate_messages_cpp.dir/build'.
make[2]: Leaving directory '/home/abhimanyu/bluerov_ws/build/mavros_extras'
[  5%] Built target mavros_msgs_generate_messages_cpp
/usr/bin/make -f CMakeFiles/actionlib_msgs_generate_messages_py.dir/build.make CMakeFiles/actionlib_msgs_generate_messages_py.dir/depend
make[2]: Entering directory '/home/abhimanyu/bluerov_ws/build/mavros_extras'
cd /home/abhimanyu/bluerov_ws/build/mavros_extras && /usr/bin/cmake -E cmake_depends "Unix Makefiles" /home/abhimanyu/bluerov_ws/src/mavros/mavros_extras /home/abhimanyu/bluerov_ws/src/mavros/mavros_extras /home/abhimanyu/bluerov_ws/build/mavros_extras /home/abhimanyu/bluerov_ws/build/mavros_extras /home/abhimanyu/bluerov_ws/build/mavros_extras/CMakeFiles/actionlib_msgs_generate_messages_py.dir/DependInfo.cmake --color=
make[2]: Leaving directory '/home/abhimanyu/bluerov_ws/build/mavros_extras'
/usr/bin/make -f CMakeFiles/actionlib_msgs_generate_messages_py.dir/build.make CMakeFiles/actionlib_msgs_generate_messages_py.dir/build
make[2]: Entering directory '/home/abhimanyu/bluerov_ws/build/mavros_extras'
make[2]: Nothing to be done for 'CMakeFiles/actionlib_msgs_generate_messages_py.dir/build'.
make[2]: Leaving directory '/home/abhimanyu/bluerov_ws/build/mavros_extras'
[  5%] Built target actionlib_msgs_generate_messages_py
/usr/bin/make -f CMakeFiles/mavros_msgs_generate_messages_lisp.dir/build.make CMakeFiles/mavros_msgs_generate_messages_lisp.dir/depend
make[2]: Entering directory '/home/abhimanyu/bluerov_ws/build/mavros_extras'
cd /home/abhimanyu/bluerov_ws/build/mavros_extras && /usr/bin/cmake -E cmake_depends "Unix Makefiles" /home/abhimanyu/bluerov_ws/src/mavros/mavros_extras /home/abhimanyu/bluerov_ws/src/mavros/mavros_extras /home/abhimanyu/bluerov_ws/build/mavros_extras /home/abhimanyu/bluerov_ws/build/mavros_extras /home/abhimanyu/bluerov_ws/build/mavros_extras/CMakeFiles/mavros_msgs_generate_messages_lisp.dir/DependInfo.cmake --color=
make[2]: Leaving directory '/home/abhimanyu/bluerov_ws/build/mavros_extras'
/usr/bin/make -f CMakeFiles/mavros_msgs_generate_messages_lisp.dir/build.make CMakeFiles/mavros_msgs_generate_messages_lisp.dir/build
make[2]: Entering directory '/home/abhimanyu/bluerov_ws/build/mavros_extras'
make[2]: Nothing to be done for 'CMakeFiles/mavros_msgs_generate_messages_lisp.dir/build'.
make[2]: Leaving directory '/home/abhimanyu/bluerov_ws/build/mavros_extras'
[  5%] Built target mavros_msgs_generate_messages_lisp
/usr/bin/make -f CMakeFiles/mavros_msgs_generate_messages_nodejs.dir/build.make CMakeFiles/mavros_msgs_generate_messages_nodejs.dir/depend
make[2]: Entering directory '/home/abhimanyu/bluerov_ws/build/mavros_extras'
cd /home/abhimanyu/bluerov_ws/build/mavros_extras && /usr/bin/cmake -E cmake_depends "Unix Makefiles" /home/abhimanyu/bluerov_ws/src/mavros/mavros_extras /home/abhimanyu/bluerov_ws/src/mavros/mavros_extras /home/abhimanyu/bluerov_ws/build/mavros_extras /home/abhimanyu/bluerov_ws/build/mavros_extras /home/abhimanyu/bluerov_ws/build/mavros_extras/CMakeFiles/mavros_msgs_generate_messages_nodejs.dir/DependInfo.cmake --color=
make[2]: Leaving directory '/home/abhimanyu/bluerov_ws/build/mavros_extras'
/usr/bin/make -f CMakeFiles/mavros_msgs_generate_messages_nodejs.dir/build.make CMakeFiles/mavros_msgs_generate_messages_nodejs.dir/build
make[2]: Entering directory '/home/abhimanyu/bluerov_ws/build/mavros_extras'
make[2]: Nothing to be done for 'CMakeFiles/mavros_msgs_generate_messages_nodejs.dir/build'.
make[2]: Leaving directory '/home/abhimanyu/bluerov_ws/build/mavros_extras'
[  5%] Built target mavros_msgs_generate_messages_nodejs
/usr/bin/make -f CMakeFiles/sensor_msgs_generate_messages_nodejs.dir/build.make CMakeFiles/sensor_msgs_generate_messages_nodejs.dir/depend
make[2]: Entering directory '/home/abhimanyu/bluerov_ws/build/mavros_extras'
cd /home/abhimanyu/bluerov_ws/build/mavros_extras && /usr/bin/cmake -E cmake_depends "Unix Makefiles" /home/abhimanyu/bluerov_ws/src/mavros/mavros_extras /home/abhimanyu/bluerov_ws/src/mavros/mavros_extras /home/abhimanyu/bluerov_ws/build/mavros_extras /home/abhimanyu/bluerov_ws/build/mavros_extras /home/abhimanyu/bluerov_ws/build/mavros_extras/CMakeFiles/sensor_msgs_generate_messages_nodejs.dir/DependInfo.cmake --color=
make[2]: Leaving directory '/home/abhimanyu/bluerov_ws/build/mavros_extras'
/usr/bin/make -f CMakeFiles/sensor_msgs_generate_messages_nodejs.dir/build.make CMakeFiles/sensor_msgs_generate_messages_nodejs.dir/build
make[2]: Entering directory '/home/abhimanyu/bluerov_ws/build/mavros_extras'
make[2]: Nothing to be done for 'CMakeFiles/sensor_msgs_generate_messages_nodejs.dir/build'.
make[2]: Leaving directory '/home/abhimanyu/bluerov_ws/build/mavros_extras'
[  5%] Built target sensor_msgs_generate_messages_nodejs
/usr/bin/make -f CMakeFiles/nav_msgs_generate_messages_lisp.dir/build.make CMakeFiles/nav_msgs_generate_messages_lisp.dir/depend
make[2]: Entering directory '/home/abhimanyu/bluerov_ws/build/mavros_extras'
cd /home/abhimanyu/bluerov_ws/build/mavros_extras && /usr/bin/cmake -E cmake_depends "Unix Makefiles" /home/abhimanyu/bluerov_ws/src/mavros/mavros_extras /home/abhimanyu/bluerov_ws/src/mavros/mavros_extras /home/abhimanyu/bluerov_ws/build/mavros_extras /home/abhimanyu/bluerov_ws/build/mavros_extras /home/abhimanyu/bluerov_ws/build/mavros_extras/CMakeFiles/nav_msgs_generate_messages_lisp.dir/DependInfo.cmake --color=
make[2]: Leaving directory '/home/abhimanyu/bluerov_ws/build/mavros_extras'
/usr/bin/make -f CMakeFiles/nav_msgs_generate_messages_lisp.dir/build.make CMakeFiles/nav_msgs_generate_messages_lisp.dir/build
make[2]: Entering directory '/home/abhimanyu/bluerov_ws/build/mavros_extras'
make[2]: Nothing to be done for 'CMakeFiles/nav_msgs_generate_messages_lisp.dir/build'.
make[2]: Leaving directory '/home/abhimanyu/bluerov_ws/build/mavros_extras'
[  5%] Built target nav_msgs_generate_messages_lisp
/usr/bin/make -f CMakeFiles/actionlib_msgs_generate_messages_cpp.dir/build.make CMakeFiles/actionlib_msgs_generate_messages_cpp.dir/depend
make[2]: Entering directory '/home/abhimanyu/bluerov_ws/build/mavros_extras'
cd /home/abhimanyu/bluerov_ws/build/mavros_extras && /usr/bin/cmake -E cmake_depends "Unix Makefiles" /home/abhimanyu/bluerov_ws/src/mavros/mavros_extras /home/abhimanyu/bluerov_ws/src/mavros/mavros_extras /home/abhimanyu/bluerov_ws/build/mavros_extras /home/abhimanyu/bluerov_ws/build/mavros_extras /home/abhimanyu/bluerov_ws/build/mavros_extras/CMakeFiles/actionlib_msgs_generate_messages_cpp.dir/DependInfo.cmake --color=
make[2]: Leaving directory '/home/abhimanyu/bluerov_ws/build/mavros_extras'
/usr/bin/make -f CMakeFiles/actionlib_msgs_generate_messages_cpp.dir/build.make CMakeFiles/actionlib_msgs_generate_messages_cpp.dir/build
make[2]: Entering directory '/home/abhimanyu/bluerov_ws/build/mavros_extras'
make[2]: Nothing to be done for 'CMakeFiles/actionlib_msgs_generate_messages_cpp.dir/build'.
make[2]: Leaving directory '/home/abhimanyu/bluerov_ws/build/mavros_extras'
[  5%] Built target actionlib_msgs_generate_messages_cpp
/usr/bin/make -f CMakeFiles/tf_generate_messages_py.dir/build.make CMakeFiles/tf_generate_messages_py.dir/depend
make[2]: Entering directory '/home/abhimanyu/bluerov_ws/build/mavros_extras'
cd /home/abhimanyu/bluerov_ws/build/mavros_extras && /usr/bin/cmake -E cmake_depends "Unix Makefiles" /home/abhimanyu/bluerov_ws/src/mavros/mavros_extras /home/abhimanyu/bluerov_ws/src/mavros/mavros_extras /home/abhimanyu/bluerov_ws/build/mavros_extras /home/abhimanyu/bluerov_ws/build/mavros_extras /home/abhimanyu/bluerov_ws/build/mavros_extras/CMakeFiles/tf_generate_messages_py.dir/DependInfo.cmake --color=
make[2]: Leaving directory '/home/abhimanyu/bluerov_ws/build/mavros_extras'
/usr/bin/make -f CMakeFiles/tf_generate_messages_py.dir/build.make CMakeFiles/tf_generate_messages_py.dir/build
make[2]: Entering directory '/home/abhimanyu/bluerov_ws/build/mavros_extras'
make[2]: Nothing to be done for 'CMakeFiles/tf_generate_messages_py.dir/build'.
make[2]: Leaving directory '/home/abhimanyu/bluerov_ws/build/mavros_extras'
[  5%] Built target tf_generate_messages_py
/usr/bin/make -f CMakeFiles/actionlib_msgs_generate_messages_lisp.dir/build.make CMakeFiles/actionlib_msgs_generate_messages_lisp.dir/depend
make[2]: Entering directory '/home/abhimanyu/bluerov_ws/build/mavros_extras'
cd /home/abhimanyu/bluerov_ws/build/mavros_extras && /usr/bin/cmake -E cmake_depends "Unix Makefiles" /home/abhimanyu/bluerov_ws/src/mavros/mavros_extras /home/abhimanyu/bluerov_ws/src/mavros/mavros_extras /home/abhimanyu/bluerov_ws/build/mavros_extras /home/abhimanyu/bluerov_ws/build/mavros_extras /home/abhimanyu/bluerov_ws/build/mavros_extras/CMakeFiles/actionlib_msgs_generate_messages_lisp.dir/DependInfo.cmake --color=
make[2]: Leaving directory '/home/abhimanyu/bluerov_ws/build/mavros_extras'
/usr/bin/make -f CMakeFiles/actionlib_msgs_generate_messages_lisp.dir/build.make CMakeFiles/actionlib_msgs_generate_messages_lisp.dir/build
make[2]: Entering directory '/home/abhimanyu/bluerov_ws/build/mavros_extras'
make[2]: Nothing to be done for 'CMakeFiles/actionlib_msgs_generate_messages_lisp.dir/build'.
make[2]: Leaving directory '/home/abhimanyu/bluerov_ws/build/mavros_extras'
[  5%] Built target actionlib_msgs_generate_messages_lisp
/usr/bin/make -f CMakeFiles/std_msgs_generate_messages_eus.dir/build.make CMakeFiles/std_msgs_generate_messages_eus.dir/depend
make[2]: Entering directory '/home/abhimanyu/bluerov_ws/build/mavros_extras'
cd /home/abhimanyu/bluerov_ws/build/mavros_extras && /usr/bin/cmake -E cmake_depends "Unix Makefiles" /home/abhimanyu/bluerov_ws/src/mavros/mavros_extras /home/abhimanyu/bluerov_ws/src/mavros/mavros_extras /home/abhimanyu/bluerov_ws/build/mavros_extras /home/abhimanyu/bluerov_ws/build/mavros_extras /home/abhimanyu/bluerov_ws/build/mavros_extras/CMakeFiles/std_msgs_generate_messages_eus.dir/DependInfo.cmake --color=
make[2]: Leaving directory '/home/abhimanyu/bluerov_ws/build/mavros_extras'
/usr/bin/make -f CMakeFiles/std_msgs_generate_messages_eus.dir/build.make CMakeFiles/std_msgs_generate_messages_eus.dir/build
make[2]: Entering directory '/home/abhimanyu/bluerov_ws/build/mavros_extras'
make[2]: Nothing to be done for 'CMakeFiles/std_msgs_generate_messages_eus.dir/build'.
make[2]: Leaving directory '/home/abhimanyu/bluerov_ws/build/mavros_extras'
[  5%] Built target std_msgs_generate_messages_eus
/usr/bin/make -f CMakeFiles/visualization.dir/build.make CMakeFiles/visualization.dir/depend
make[2]: Entering directory '/home/abhimanyu/bluerov_ws/build/mavros_extras'
cd /home/abhimanyu/bluerov_ws/build/mavros_extras && /usr/bin/cmake -E cmake_depends "Unix Makefiles" /home/abhimanyu/bluerov_ws/src/mavros/mavros_extras /home/abhimanyu/bluerov_ws/src/mavros/mavros_extras /home/abhimanyu/bluerov_ws/build/mavros_extras /home/abhimanyu/bluerov_ws/build/mavros_extras /home/abhimanyu/bluerov_ws/build/mavros_extras/CMakeFiles/visualization.dir/DependInfo.cmake --color=
make[2]: Leaving directory '/home/abhimanyu/bluerov_ws/build/mavros_extras'
/usr/bin/make -f CMakeFiles/visualization.dir/build.make CMakeFiles/visualization.dir/build
make[2]: Entering directory '/home/abhimanyu/bluerov_ws/build/mavros_extras'
make[2]: Nothing to be done for 'CMakeFiles/visualization.dir/build'.
make[2]: Leaving directory '/home/abhimanyu/bluerov_ws/build/mavros_extras'
[ 11%] Built target visualization
/usr/bin/make -f CMakeFiles/mavros_extras.dir/build.make CMakeFiles/mavros_extras.dir/depend
make[2]: Entering directory '/home/abhimanyu/bluerov_ws/build/mavros_extras'
cd /home/abhimanyu/bluerov_ws/build/mavros_extras && /usr/bin/cmake -E cmake_depends "Unix Makefiles" /home/abhimanyu/bluerov_ws/src/mavros/mavros_extras /home/abhimanyu/bluerov_ws/src/mavros/mavros_extras /home/abhimanyu/bluerov_ws/build/mavros_extras /home/abhimanyu/bluerov_ws/build/mavros_extras /home/abhimanyu/bluerov_ws/build/mavros_extras/CMakeFiles/mavros_extras.dir/DependInfo.cmake --color=
make[2]: Leaving directory '/home/abhimanyu/bluerov_ws/build/mavros_extras'
/usr/bin/make -f CMakeFiles/mavros_extras.dir/build.make CMakeFiles/mavros_extras.dir/build
make[2]: Entering directory '/home/abhimanyu/bluerov_ws/build/mavros_extras'
make[2]: Nothing to be done for 'CMakeFiles/mavros_extras.dir/build'.
make[2]: Leaving directory '/home/abhimanyu/bluerov_ws/build/mavros_extras'
[100%] Built target mavros_extras
make[1]: Leaving directory '/home/abhimanyu/bluerov_ws/build/mavros_extras'
/usr/bin/cmake -E cmake_progress_start /home/abhimanyu/bluerov_ws/build/mavros_extras/CMakeFiles 0
